(0000) 3000  0011000000000000 (  18)                 .ORIG x3000
(3000) E02E  1110000000101110 (  23)                 LEA   R0 START_GAME
(3001) F022  1111000000100010 (  24)                 TRAP  x22
(3002) 4894  0100100010010100 (  25)                 JSR   DISPLAY_BOARD
(3003) E01B  1110000000011011 (  26)                 LEA   R0 BOARD_INITIAL
(3004) F022  1111000000100010 (  27)                 TRAP  x22
(3005) 4935  0100100100110101 (  28) ENGINE          JSR   GET_MOVE
(3006) 495B  0100100101011011 (  29)                 JSR   IS_VALID_MOVE
(3007) 1020  0001000000100000 (  30)                 ADD   R0 R0 #0
(3008) 09FC  0000100111111100 (  31)                 BRN   ENGINE
(3009) 4991  0100100110010001 (  32)                 JSR   APPLY_MOVE
(300A) 488C  0100100010001100 (  33)                 JSR   DISPLAY_BOARD
(300B) 4BAD  0100101110101101 (  34)                 JSR   IS_GAME_OVER
(300C) 1020  0001000000100000 (  35)                 ADD   R0 R0 #0
(300D) 05F7  0000010111110111 (  36)                 BRZ   ENGINE
(300E) 4BE0  0100101111100000 (  37)                 JSR   GAME_OVER
(300F) F025  1111000000100101 (  38)                 TRAP  x25
(3010) 000A  0000000000001010 (  39) BOARD_LOADED    .FILL x000A
(3011) 0042  0000000001000010 (  39)                 .FILL x0042
(3012) 006F  0000000001101111 (  39)                 .FILL x006F
(3013) 0061  0000000001100001 (  39)                 .FILL x0061
(3014) 0072  0000000001110010 (  39)                 .FILL x0072
(3015) 0064  0000000001100100 (  39)                 .FILL x0064
(3016) 0020  0000000000100000 (  39)                 .FILL x0020
(3017) 004C  0000000001001100 (  39)                 .FILL x004C
(3018) 006F  0000000001101111 (  39)                 .FILL x006F
(3019) 0061  0000000001100001 (  39)                 .FILL x0061
(301A) 0064  0000000001100100 (  39)                 .FILL x0064
(301B) 0065  0000000001100101 (  39)                 .FILL x0065
(301C) 0064  0000000001100100 (  39)                 .FILL x0064
(301D) 000A  0000000000001010 (  39)                 .FILL x000A
(301E) 0000  0000000000000000 (  39)                 .FILL x0000
(301F) 000A  0000000000001010 (  40) BOARD_INITIAL   .FILL x000A
(3020) 0042  0000000001000010 (  40)                 .FILL x0042
(3021) 006F  0000000001101111 (  40)                 .FILL x006F
(3022) 0061  0000000001100001 (  40)                 .FILL x0061
(3023) 0072  0000000001110010 (  40)                 .FILL x0072
(3024) 0064  0000000001100100 (  40)                 .FILL x0064
(3025) 0020  0000000000100000 (  40)                 .FILL x0020
(3026) 0049  0000000001001001 (  40)                 .FILL x0049
(3027) 006E  0000000001101110 (  40)                 .FILL x006E
(3028) 0069  0000000001101001 (  40)                 .FILL x0069
(3029) 0074  0000000001110100 (  40)                 .FILL x0074
(302A) 0069  0000000001101001 (  40)                 .FILL x0069
(302B) 0061  0000000001100001 (  40)                 .FILL x0061
(302C) 006C  0000000001101100 (  40)                 .FILL x006C
(302D) 000A  0000000000001010 (  40)                 .FILL x000A
(302E) 0000  0000000000000000 (  40)                 .FILL x0000
(302F) 004D  0000000001001101 (  41) START_GAME      .FILL x004D
(3030) 0069  0000000001101001 (  41)                 .FILL x0069
(3031) 006E  0000000001101110 (  41)                 .FILL x006E
(3032) 0065  0000000001100101 (  41)                 .FILL x0065
(3033) 0073  0000000001110011 (  41)                 .FILL x0073
(3034) 0077  0000000001110111 (  41)                 .FILL x0077
(3035) 0065  0000000001100101 (  41)                 .FILL x0065
(3036) 0065  0000000001100101 (  41)                 .FILL x0065
(3037) 0070  0000000001110000 (  41)                 .FILL x0070
(3038) 0065  0000000001100101 (  41)                 .FILL x0065
(3039) 0072  0000000001110010 (  41)                 .FILL x0072
(303A) 000A  0000000000001010 (  41)                 .FILL x000A
(303B) 0000  0000000000000000 (  41)                 .FILL x0000
(303C) 6000  0110000000000000 (  42) BLOCKS          .FILL x6000
(303D) 002B  0000000000101011 (  47) GRID            .FILL x002B
(303E) 002D  0000000000101101 (  47)                 .FILL x002D
(303F) 002B  0000000000101011 (  47)                 .FILL x002B
(3040) 002D  0000000000101101 (  47)                 .FILL x002D
(3041) 002B  0000000000101011 (  47)                 .FILL x002B
(3042) 002D  0000000000101101 (  47)                 .FILL x002D
(3043) 002B  0000000000101011 (  47)                 .FILL x002B
(3044) 002D  0000000000101101 (  47)                 .FILL x002D
(3045) 002B  0000000000101011 (  47)                 .FILL x002B
(3046) 0000  0000000000000000 (  47)                 .FILL x0000
(3047) 007C  0000000001111100 (  48) ROW0            .FILL x007C
(3048) 0020  0000000000100000 (  48)                 .FILL x0020
(3049) 007C  0000000001111100 (  48)                 .FILL x007C
(304A) 0020  0000000000100000 (  48)                 .FILL x0020
(304B) 007C  0000000001111100 (  48)                 .FILL x007C
(304C) 0020  0000000000100000 (  48)                 .FILL x0020
(304D) 007C  0000000001111100 (  48)                 .FILL x007C
(304E) 0020  0000000000100000 (  48)                 .FILL x0020
(304F) 007C  0000000001111100 (  48)                 .FILL x007C
(3050) 0000  0000000000000000 (  48)                 .FILL x0000
(3051) 002B  0000000000101011 (  49)                 .FILL x002B
(3052) 002D  0000000000101101 (  49)                 .FILL x002D
(3053) 002B  0000000000101011 (  49)                 .FILL x002B
(3054) 002D  0000000000101101 (  49)                 .FILL x002D
(3055) 002B  0000000000101011 (  49)                 .FILL x002B
(3056) 002D  0000000000101101 (  49)                 .FILL x002D
(3057) 002B  0000000000101011 (  49)                 .FILL x002B
(3058) 002D  0000000000101101 (  49)                 .FILL x002D
(3059) 002B  0000000000101011 (  49)                 .FILL x002B
(305A) 0000  0000000000000000 (  49)                 .FILL x0000
(305B) 007C  0000000001111100 (  50) ROW1            .FILL x007C
(305C) 0020  0000000000100000 (  50)                 .FILL x0020
(305D) 007C  0000000001111100 (  50)                 .FILL x007C
(305E) 0020  0000000000100000 (  50)                 .FILL x0020
(305F) 007C  0000000001111100 (  50)                 .FILL x007C
(3060) 0020  0000000000100000 (  50)                 .FILL x0020
(3061) 007C  0000000001111100 (  50)                 .FILL x007C
(3062) 0020  0000000000100000 (  50)                 .FILL x0020
(3063) 007C  0000000001111100 (  50)                 .FILL x007C
(3064) 0000  0000000000000000 (  50)                 .FILL x0000
(3065) 002B  0000000000101011 (  51)                 .FILL x002B
(3066) 002D  0000000000101101 (  51)                 .FILL x002D
(3067) 002B  0000000000101011 (  51)                 .FILL x002B
(3068) 002D  0000000000101101 (  51)                 .FILL x002D
(3069) 002B  0000000000101011 (  51)                 .FILL x002B
(306A) 002D  0000000000101101 (  51)                 .FILL x002D
(306B) 002B  0000000000101011 (  51)                 .FILL x002B
(306C) 002D  0000000000101101 (  51)                 .FILL x002D
(306D) 002B  0000000000101011 (  51)                 .FILL x002B
(306E) 0000  0000000000000000 (  51)                 .FILL x0000
(306F) 007C  0000000001111100 (  52) ROW2            .FILL x007C
(3070) 0020  0000000000100000 (  52)                 .FILL x0020
(3071) 007C  0000000001111100 (  52)                 .FILL x007C
(3072) 0020  0000000000100000 (  52)                 .FILL x0020
(3073) 007C  0000000001111100 (  52)                 .FILL x007C
(3074) 0020  0000000000100000 (  52)                 .FILL x0020
(3075) 007C  0000000001111100 (  52)                 .FILL x007C
(3076) 0020  0000000000100000 (  52)                 .FILL x0020
(3077) 007C  0000000001111100 (  52)                 .FILL x007C
(3078) 0000  0000000000000000 (  52)                 .FILL x0000
(3079) 002B  0000000000101011 (  53)                 .FILL x002B
(307A) 002D  0000000000101101 (  53)                 .FILL x002D
(307B) 002B  0000000000101011 (  53)                 .FILL x002B
(307C) 002D  0000000000101101 (  53)                 .FILL x002D
(307D) 002B  0000000000101011 (  53)                 .FILL x002B
(307E) 002D  0000000000101101 (  53)                 .FILL x002D
(307F) 002B  0000000000101011 (  53)                 .FILL x002B
(3080) 002D  0000000000101101 (  53)                 .FILL x002D
(3081) 002B  0000000000101011 (  53)                 .FILL x002B
(3082) 0000  0000000000000000 (  53)                 .FILL x0000
(3083) 007C  0000000001111100 (  54) ROW3            .FILL x007C
(3084) 0020  0000000000100000 (  54)                 .FILL x0020
(3085) 007C  0000000001111100 (  54)                 .FILL x007C
(3086) 0020  0000000000100000 (  54)                 .FILL x0020
(3087) 007C  0000000001111100 (  54)                 .FILL x007C
(3088) 0020  0000000000100000 (  54)                 .FILL x0020
(3089) 007C  0000000001111100 (  54)                 .FILL x007C
(308A) 0020  0000000000100000 (  54)                 .FILL x0020
(308B) 007C  0000000001111100 (  54)                 .FILL x007C
(308C) 0000  0000000000000000 (  54)                 .FILL x0000
(308D) 002B  0000000000101011 (  55)                 .FILL x002B
(308E) 002D  0000000000101101 (  55)                 .FILL x002D
(308F) 002B  0000000000101011 (  55)                 .FILL x002B
(3090) 002D  0000000000101101 (  55)                 .FILL x002D
(3091) 002B  0000000000101011 (  55)                 .FILL x002B
(3092) 002D  0000000000101101 (  55)                 .FILL x002D
(3093) 002B  0000000000101011 (  55)                 .FILL x002B
(3094) 002D  0000000000101101 (  55)                 .FILL x002D
(3095) 002B  0000000000101011 (  55)                 .FILL x002B
(3096) 0000  0000000000000000 (  55)                 .FILL x0000
(3097) 304F  0011000001001111 (  93) DISPLAY_BOARD   ST    R0 SAVE1R0
(3098) 324F  0011001001001111 (  94)                 ST    R1 SAVE1R1
(3099) 3E4F  0011111001001111 (  95)                 ST    R7 RET1
(309A) E051  1110000001010001 (  99)                 LEA   R0 COL_N
(309B) F022  1111000000100010 ( 100)                 TRAP  x22
(309C) E061  1110000001100001 ( 101)                 LEA   R0 DBL_S
(309D) F022  1111000000100010 ( 102)                 TRAP  x22
(309E) E19E  1110000110011110 ( 103)                 LEA   R0 GRID
(309F) F022  1111000000100010 ( 104)                 TRAP  x22
(30A0) E059  1110000001011001 ( 105)                 LEA   R0 ETR
(30A1) F022  1111000000100010 ( 106)                 TRAP  x22
(30A2) 2247  0010001001000111 ( 108)                 LD    R1 ZERO
(30A3) 1060  0001000001100000 ( 110)                 ADD   R0 R1 #0
(30A4) F021  1111000000100001 ( 111)                 TRAP  x21
(30A5) 1261  0001001001100001 ( 112)                 ADD   R1 R1 #1
(30A6) E055  1110000001010101 ( 113)                 LEA   R0 SIG_S
(30A7) F022  1111000000100010 ( 114)                 TRAP  x22
(30A8) E19E  1110000110011110 ( 115)                 LEA   R0 ROW0
(30A9) F022  1111000000100010 ( 116)                 TRAP  x22
(30AA) E04F  1110000001001111 ( 117)                 LEA   R0 ETR
(30AB) F022  1111000000100010 ( 118)                 TRAP  x22
(30AC) E051  1110000001010001 ( 119)                 LEA   R0 DBL_S
(30AD) F022  1111000000100010 ( 120)                 TRAP  x22
(30AE) E198  1110000110011000 ( 121)                 LEA   R0 ROW0
(30AF) 102A  0001000000101010 ( 122)                 ADD   R0 R0 #10
(30B0) F022  1111000000100010 ( 123)                 TRAP  x22
(30B1) E048  1110000001001000 ( 124)                 LEA   R0 ETR
(30B2) F022  1111000000100010 ( 125)                 TRAP  x22
(30B3) 1060  0001000001100000 ( 127)                 ADD   R0 R1 #0
(30B4) F021  1111000000100001 ( 128)                 TRAP  x21
(30B5) 1261  0001001001100001 ( 129)                 ADD   R1 R1 #1
(30B6) E045  1110000001000101 ( 130)                 LEA   R0 SIG_S
(30B7) F022  1111000000100010 ( 131)                 TRAP  x22
(30B8) E1A2  1110000110100010 ( 132)                 LEA   R0 ROW1
(30B9) F022  1111000000100010 ( 133)                 TRAP  x22
(30BA) E03F  1110000000111111 ( 134)                 LEA   R0 ETR
(30BB) F022  1111000000100010 ( 135)                 TRAP  x22
(30BC) E041  1110000001000001 ( 136)                 LEA   R0 DBL_S
(30BD) F022  1111000000100010 ( 137)                 TRAP  x22
(30BE) E19C  1110000110011100 ( 138)                 LEA   R0 ROW1
(30BF) 102A  0001000000101010 ( 139)                 ADD   R0 R0 #10
(30C0) F022  1111000000100010 ( 140)                 TRAP  x22
(30C1) E038  1110000000111000 ( 141)                 LEA   R0 ETR
(30C2) F022  1111000000100010 ( 142)                 TRAP  x22
(30C3) 1060  0001000001100000 ( 144)                 ADD   R0 R1 #0
(30C4) F021  1111000000100001 ( 145)                 TRAP  x21
(30C5) 1261  0001001001100001 ( 146)                 ADD   R1 R1 #1
(30C6) E035  1110000000110101 ( 147)                 LEA   R0 SIG_S
(30C7) F022  1111000000100010 ( 148)                 TRAP  x22
(30C8) E1A6  1110000110100110 ( 149)                 LEA   R0 ROW2
(30C9) F022  1111000000100010 ( 150)                 TRAP  x22
(30CA) E02F  1110000000101111 ( 151)                 LEA   R0 ETR
(30CB) F022  1111000000100010 ( 152)                 TRAP  x22
(30CC) E031  1110000000110001 ( 153)                 LEA   R0 DBL_S
(30CD) F022  1111000000100010 ( 154)                 TRAP  x22
(30CE) E1A0  1110000110100000 ( 155)                 LEA   R0 ROW2
(30CF) 102A  0001000000101010 ( 156)                 ADD   R0 R0 #10
(30D0) F022  1111000000100010 ( 157)                 TRAP  x22
(30D1) E028  1110000000101000 ( 158)                 LEA   R0 ETR
(30D2) F022  1111000000100010 ( 159)                 TRAP  x22
(30D3) 1060  0001000001100000 ( 161)                 ADD   R0 R1 #0
(30D4) F021  1111000000100001 ( 162)                 TRAP  x21
(30D5) 1261  0001001001100001 ( 163)                 ADD   R1 R1 #1
(30D6) E025  1110000000100101 ( 164)                 LEA   R0 SIG_S
(30D7) F022  1111000000100010 ( 165)                 TRAP  x22
(30D8) E1AA  1110000110101010 ( 166)                 LEA   R0 ROW3
(30D9) F022  1111000000100010 ( 167)                 TRAP  x22
(30DA) E01F  1110000000011111 ( 168)                 LEA   R0 ETR
(30DB) F022  1111000000100010 ( 169)                 TRAP  x22
(30DC) E021  1110000000100001 ( 170)                 LEA   R0 DBL_S
(30DD) F022  1111000000100010 ( 171)                 TRAP  x22
(30DE) E1A4  1110000110100100 ( 172)                 LEA   R0 ROW3
(30DF) 102A  0001000000101010 ( 173)                 ADD   R0 R0 #10
(30E0) F022  1111000000100010 ( 174)                 TRAP  x22
(30E1) E018  1110000000011000 ( 175)                 LEA   R0 ETR
(30E2) F022  1111000000100010 ( 176)                 TRAP  x22
(30E3) 2003  0010000000000011 ( 178)                 LD    R0 SAVE1R0
(30E4) 2203  0010001000000011 ( 179)                 LD    R1 SAVE1R1
(30E5) 2E03  0010111000000011 ( 180)                 LD    R7 RET1
(30E6) C1C0  1100000111000000 ( 182)                 RET   
(30E7) 0000  0000000000000000 ( 185) SAVE1R0         .FILL x0000
(30E8) 0000  0000000000000000 ( 186) SAVE1R1         .FILL x0000
(30E9) 0000  0000000000000000 ( 187) RET1            .FILL x0000
(30EA) 0030  0000000000110000 ( 187) ZERO            .FILL x0030
(30EB) 0000  0000000000000000 ( 187)                 .FILL x0000
(30EC) 000A  0000000000001010 ( 188) COL_N           .FILL x000A
(30ED) 0020  0000000000100000 ( 188)                 .FILL x0020
(30EE) 0020  0000000000100000 ( 188)                 .FILL x0020
(30EF) 0020  0000000000100000 ( 188)                 .FILL x0020
(30F0) 0030  0000000000110000 ( 188)                 .FILL x0030
(30F1) 0020  0000000000100000 ( 188)                 .FILL x0020
(30F2) 0031  0000000000110001 ( 188)                 .FILL x0031
(30F3) 0020  0000000000100000 ( 188)                 .FILL x0020
(30F4) 0032  0000000000110010 ( 188)                 .FILL x0032
(30F5) 0020  0000000000100000 ( 188)                 .FILL x0020
(30F6) 0033  0000000000110011 ( 188)                 .FILL x0033
(30F7) 0020  0000000000100000 ( 188)                 .FILL x0020
(30F8) 000A  0000000000001010 ( 188)                 .FILL x000A
(30F9) 0000  0000000000000000 ( 188)                 .FILL x0000
(30FA) 000A  0000000000001010 ( 189) ETR             .FILL x000A
(30FB) 0000  0000000000000000 ( 189)                 .FILL x0000
(30FC) 0020  0000000000100000 ( 190) SIG_S           .FILL x0020
(30FD) 0000  0000000000000000 ( 190)                 .FILL x0000
(30FE) 0020  0000000000100000 ( 191) DBL_S           .FILL x0020
(30FF) 0020  0000000000100000 ( 191)                 .FILL x0020
(3100) 0000  0000000000000000 ( 191)                 .FILL x0000
(3101) 3E2F  0011111000101111 ( 221) LOAD_BOARD      ST    R7 RET2
(3102) 322F  0011001000101111 ( 222)                 ST    R1 SAVE2R1
(3103) 342F  0011010000101111 ( 223)                 ST    R2 SAVE2R2
(3104) 362F  0011011000101111 ( 224)                 ST    R3 SAVE2R3
(3105) 382F  0011100000101111 ( 225)                 ST    R4 SAVE2R4
(3106) 3A2F  0011101000101111 ( 226)                 ST    R5 SAVE2R5
(3107) 3C2F  0011110000101111 ( 227)                 ST    R6 SAVE2R6
(3108) 2630  0010011000110000 ( 228)                 LD    R3 BOMB
(3109) 1020  0001000000100000 ( 233)                 ADD   R0 R0 #0
(310A) 0408  0000010000001000 ( 234) LD_B            BRZ   LD_NUMS
(310B) 6200  0110001000000000 ( 235)                 LDR   R1 R0 #0
(310C) 6401  0110010000000001 ( 236)                 LDR   R2 R0 #1
(310D) 302A  0011000000101010 ( 237)                 ST    R0 SAVE_H
(310E) 4A8C  0100101010001100 ( 238)                 JSR   GRID_ADDRESS
(310F) 7600  0111011000000000 ( 239)                 STR   R3 R0 #0
(3110) 2027  0010000000100111 ( 240)                 LD    R0 SAVE_H
(3111) 6002  0110000000000010 ( 241)                 LDR   R0 R0 #2
(3112) 0FF7  0000111111110111 ( 242)                 BRNZP LD_B
(3113) 5260  0101001001100000 ( 247) LD_NUMS         AND   R1 R1 #0
(3114) 54A0  0101010010100000 ( 248)                 AND   R2 R2 #0
(3115) 56E0  0101011011100000 ( 249)                 AND   R3 R3 #0
(3116) 5920  0101100100100000 ( 250)                 AND   R4 R4 #0
(3117) 193C  0001100100111100 ( 251)                 ADD   R4 R4 #-4
(3118) 5B60  0101101101100000 ( 252)                 AND   R5 R5 #0
(3119) 2C20  0010110000100000 ( 253)                 LD    R6 ASCII
(311A) 4A80  0100101010000000 ( 255) BY_ROWS         JSR   GRID_ADDRESS
(311B) 1620  0001011000100000 ( 256)                 ADD   R3 R0 #0
(311C) 211F  0010000100011111 ( 257)                 LD    R0 BLOCKS
(311D) 4911  0100100100010001 ( 258)                 JSR   COUNT_BOMBS
(311E) 1020  0001000000100000 ( 259)                 ADD   R0 R0 #0
(311F) 0C02  0000110000000010 ( 260)                 BRNZ  x3122
(3120) 1006  0001000000000110 ( 261)                 ADD   R0 R0 R6
(3121) 70C0  0111000011000000 ( 262)                 STR   R0 R3 #0
(3122) 14A1  0001010010100001 ( 264)                 ADD   R2 R2 #1
(3123) 1A84  0001101010000100 ( 265)                 ADD   R5 R2 R4
(3124) 09F5  0000100111110101 ( 266)                 BRN   BY_ROWS
(3125) 54A0  0101010010100000 ( 268)                 AND   R2 R2 #0
(3126) 1261  0001001001100001 ( 269)                 ADD   R1 R1 #1
(3127) 1A44  0001101001000100 ( 270)                 ADD   R5 R1 R4
(3128) 09F1  0000100111110001 ( 271)                 BRN   BY_ROWS
(3129) 2208  0010001000001000 ( 273) RE_S            LD    R1 SAVE2R1
(312A) 2408  0010010000001000 ( 274)                 LD    R2 SAVE2R2
(312B) 2608  0010011000001000 ( 275)                 LD    R3 SAVE2R3
(312C) 2808  0010100000001000 ( 276)                 LD    R4 SAVE2R4
(312D) 2A08  0010101000001000 ( 277)                 LD    R5 SAVE2R5
(312E) 2C08  0010110000001000 ( 278)                 LD    R6 SAVE2R6
(312F) 2E01  0010111000000001 ( 279)                 LD    R7 RET2
(3130) C1C0  1100000111000000 ( 280)                 RET   
(3131) 0000  0000000000000000 ( 283) RET2            .FILL x0000
(3132) 0000  0000000000000000 ( 284) SAVE2R1         .FILL x0000
(3133) 0000  0000000000000000 ( 285) SAVE2R2         .FILL x0000
(3134) 0000  0000000000000000 ( 286) SAVE2R3         .FILL x0000
(3135) 0000  0000000000000000 ( 287) SAVE2R4         .FILL x0000
(3136) 0000  0000000000000000 ( 288) SAVE2R5         .FILL x0000
(3137) 0000  0000000000000000 ( 289) SAVE2R6         .FILL x0000
(3138) 0000  0000000000000000 ( 290) SAVE_H          .FILL x0000
(3139) 002A  0000000000101010 ( 290) BOMB            .FILL x002A
(313A) 0030  0000000000110000 ( 291) ASCII           .FILL x0030
(313B) 3E0F  0011111000001111 ( 309) GET_MOVE        ST    R7 RET5
(313C) E00F  1110000000001111 ( 311)                 LEA   R0 ETR_MOV
(313D) F022  1111000000100010 ( 312)                 TRAP  x22
(313E) F020  1111000000100000 ( 313)                 TRAP  x20
(313F) F021  1111000000100001 ( 314)                 TRAP  x21
(3140) 3020  0011000000100000 ( 315)                 ST    R0 N_ROW
(3141) E01D  1110000000011101 ( 316)                 LEA   R0 CMA
(3142) F022  1111000000100010 ( 317)                 TRAP  x22
(3143) F020  1111000000100000 ( 318)                 TRAP  x20
(3144) F021  1111000000100001 ( 319)                 TRAP  x21
(3145) 1220  0001001000100000 ( 320)                 ADD   R1 R0 #0
(3146) E015  1110000000010101 ( 321)                 LEA   R0 R_PAR
(3147) F022  1111000000100010 ( 322)                 TRAP  x22
(3148) 2018  0010000000011000 ( 324)                 LD    R0 N_ROW
(3149) 2E01  0010111000000001 ( 325)                 LD    R7 RET5
(314A) C1C0  1100000111000000 ( 326)                 RET   
(314B) 0000  0000000000000000 ( 330) RET5            .FILL x0000
(314C) 0045  0000000001000101 ( 330) ETR_MOV         .FILL x0045
(314D) 006E  0000000001101110 ( 330)                 .FILL x006E
(314E) 0074  0000000001110100 ( 330)                 .FILL x0074
(314F) 0065  0000000001100101 ( 330)                 .FILL x0065
(3150) 0072  0000000001110010 ( 330)                 .FILL x0072
(3151) 0020  0000000000100000 ( 330)                 .FILL x0020
(3152) 0061  0000000001100001 ( 330)                 .FILL x0061
(3153) 0020  0000000000100000 ( 330)                 .FILL x0020
(3154) 006D  0000000001101101 ( 330)                 .FILL x006D
(3155) 006F  0000000001101111 ( 330)                 .FILL x006F
(3156) 0076  0000000001110110 ( 330)                 .FILL x0076
(3157) 0065  0000000001100101 ( 330)                 .FILL x0065
(3158) 003A  0000000000111010 ( 330)                 .FILL x003A
(3159) 0020  0000000000100000 ( 330)                 .FILL x0020
(315A) 0028  0000000000101000 ( 330)                 .FILL x0028
(315B) 0000  0000000000000000 ( 330)                 .FILL x0000
(315C) 0029  0000000000101001 ( 331) R_PAR           .FILL x0029
(315D) 000A  0000000000001010 ( 331)                 .FILL x000A
(315E) 0000  0000000000000000 ( 331)                 .FILL x0000
(315F) 002C  0000000000101100 ( 332) CMA             .FILL x002C
(3160) 0000  0000000000000000 ( 332)                 .FILL x0000
(3161) 0000  0000000000000000 ( 354) N_ROW           .FILL x0000
(3162) 3E18  0011111000011000 ( 356) IS_VALID_MOVE   ST    R7 RET6
(3163) 3418  0011010000011000 ( 357)                 ST    R2 SAVE6R2
(3164) 3618  0011011000011000 ( 358)                 ST    R3 SAVE6R3
(3165) 2418  0010010000011000 ( 360)                 LD    R2 NH_ZERO
(3166) 1602  0001011000000010 ( 361)                 ADD   R3 R0 R2
(3167) 080B  0000100000001011 ( 362)                 BRN   N_VALID
(3168) 1642  0001011001000010 ( 364)                 ADD   R3 R1 R2
(3169) 0809  0000100000001001 ( 365)                 BRN   N_VALID
(316A) 2414  0010010000010100 ( 367)                 LD    R2 NH_THRE
(316B) 1602  0001011000000010 ( 368)                 ADD   R3 R0 R2
(316C) 0206  0000001000000110 ( 369)                 BRP   N_VALID
(316D) 1642  0001011001000010 ( 371)                 ADD   R3 R1 R2
(316E) 0204  0000001000000100 ( 372)                 BRP   N_VALID
(316F) 240E  0010010000001110 ( 374)                 LD    R2 NH_ZERO
(3170) 1002  0001000000000010 ( 376)                 ADD   R0 R0 R2
(3171) 1242  0001001001000010 ( 377)                 ADD   R1 R1 R2
(3172) 0E04  0000111000000100 ( 378)                 BRNZP RST6
(3173) E00C  1110000000001100 ( 380) N_VALID         LEA   R0 MSG6
(3174) F022  1111000000100010 ( 381)                 TRAP  x22
(3175) 5020  0101000000100000 ( 382)                 AND   R0 R0 #0
(3176) 103F  0001000000111111 ( 383)                 ADD   R0 R0 #-1
(3177) 2404  0010010000000100 ( 385) RST6            LD    R2 SAVE6R2
(3178) 2604  0010011000000100 ( 386)                 LD    R3 SAVE6R3
(3179) 2E01  0010111000000001 ( 387)                 LD    R7 RET6
(317A) C1C0  1100000111000000 ( 388)                 RET   
(317B) 0000  0000000000000000 ( 391) RET6            .FILL x0000
(317C) 0000  0000000000000000 ( 392) SAVE6R2         .FILL x0000
(317D) 0000  0000000000000000 ( 393) SAVE6R3         .FILL x0000
(317E) FFD0  1111111111010000 ( 393) NH_ZERO         .FILL xFFD0
(317F) FFCD  1111111111001101 ( 394) NH_THRE         .FILL xFFCD
(3180) 0049  0000000001001001 ( 395) MSG6            .FILL x0049
(3181) 006E  0000000001101110 ( 395)                 .FILL x006E
(3182) 0076  0000000001110110 ( 395)                 .FILL x0076
(3183) 0061  0000000001100001 ( 395)                 .FILL x0061
(3184) 006C  0000000001101100 ( 395)                 .FILL x006C
(3185) 0069  0000000001101001 ( 395)                 .FILL x0069
(3186) 0064  0000000001100100 ( 395)                 .FILL x0064
(3187) 0020  0000000000100000 ( 395)                 .FILL x0020
(3188) 006D  0000000001101101 ( 395)                 .FILL x006D
(3189) 006F  0000000001101111 ( 395)                 .FILL x006F
(318A) 0076  0000000001110110 ( 395)                 .FILL x0076
(318B) 0065  0000000001100101 ( 395)                 .FILL x0065
(318C) 0020  0000000000100000 ( 395)                 .FILL x0020
(318D) 002D  0000000000101101 ( 395)                 .FILL x002D
(318E) 0020  0000000000100000 ( 395)                 .FILL x0020
(318F) 0074  0000000001110100 ( 395)                 .FILL x0074
(3190) 0072  0000000001110010 ( 395)                 .FILL x0072
(3191) 0079  0000000001111001 ( 395)                 .FILL x0079
(3192) 0020  0000000000100000 ( 395)                 .FILL x0020
(3193) 0061  0000000001100001 ( 395)                 .FILL x0061
(3194) 0067  0000000001100111 ( 395)                 .FILL x0067
(3195) 0061  0000000001100001 ( 395)                 .FILL x0061
(3196) 0069  0000000001101001 ( 395)                 .FILL x0069
(3197) 006E  0000000001101110 ( 395)                 .FILL x006E
(3198) 0021  0000000000100001 ( 395)                 .FILL x0021
(3199) 000A  0000000000001010 ( 395)                 .FILL x000A
(319A) 0000  0000000000000000 ( 395)                 .FILL x0000
(319B) 3E37  0011111000110111 ( 413) APPLY_MOVE      ST    R7 RET7
(319C) 3037  0011000000110111 ( 414)                 ST    R0 SAVE7R0
(319D) 3237  0011001000110111 ( 415)                 ST    R1 SAVE7R1
(319E) 3437  0011010000110111 ( 416)                 ST    R2 SAVE7R2
(319F) 3637  0011011000110111 ( 417)                 ST    R3 SAVE7R3
(31A0) 3837  0011100000110111 ( 418)                 ST    R4 SAVE7R4
(31A1) E85C  1110100001011100 ( 427)                 LEA   R4 L_LIST
(31A2) 6500  0110010100000000 ( 428) C_EMPT          LDR   R2 R4 #0
(31A3) 0411  0000010000010001 ( 429)                 BRZ   NO_TRY
(31A4) 6900  0110100100000000 ( 430)                 LDR   R4 R4 #0
(31A5) 6500  0110010100000000 ( 431)                 LDR   R2 R4 #0
(31A6) 94BF  1001010010111111 ( 432)                 NOT   R2 R2
(31A7) 14A1  0001010010100001 ( 433)                 ADD   R2 R2 #1
(31A8) 1602  0001011000000010 ( 434)                 ADD   R3 R0 R2
(31A9) 0A06  0000101000000110 ( 435)                 BRNP  NXT_N
(31AA) 6501  0110010100000001 ( 436)                 LDR   R2 R4 #1
(31AB) 94BF  1001010010111111 ( 437)                 NOT   R2 R2
(31AC) 14A1  0001010010100001 ( 438)                 ADD   R2 R2 #1
(31AD) 1642  0001011001000010 ( 439)                 ADD   R3 R1 R2
(31AE) 0A01  0000101000000001 ( 440)                 BRNP  NXT_N
(31AF) 0E02  0000111000000010 ( 441)                 BRNZP TRIED
(31B0) 1922  0001100100100010 ( 443) NXT_N           ADD   R4 R4 #2
(31B1) 0FF0  0000111111110000 ( 444)                 BRNZP C_EMPT
(31B2) E026  1110000000100110 ( 446) TRIED           LEA   R0 MSG7
(31B3) F022  1111000000100010 ( 447)                 TRAP  x22
(31B4) 0E17  0000111000010111 ( 448)                 BRNZP RST7
(31B5) E848  1110100001001000 ( 450) NO_TRY          LEA   R4 L_LIST
(31B6) 6500  0110010100000000 ( 451)                 LDR   R2 R4 #0
(31B7) 0403  0000010000000011 ( 452)                 BRZ   ADD_NODE
(31B8) 6900  0110100100000000 ( 453)                 LDR   R4 R4 #0
(31B9) 1922  0001100100100010 ( 454)                 ADD   R4 R4 #2
(31BA) 0FFB  0000111111111011 ( 455)                 BRNZP x31B6
(31BB) 1521  0001010100100001 ( 458) ADD_NODE        ADD   R2 R4 #1
(31BC) 7500  0111010100000000 ( 459)                 STR   R2 R4 #0
(31BD) 7080  0111000010000000 ( 460)                 STR   R0 R2 #0
(31BE) 7281  0111001010000001 ( 461)                 STR   R1 R2 #1
(31BF) 1460  0001010001100000 ( 465)                 ADD   R2 R1 #0
(31C0) 1220  0001001000100000 ( 466)                 ADD   R1 R0 #0
(31C1) 2038  0010000000111000 ( 467)                 LD    R0 HEADER1
(31C2) 486C  0100100001101100 ( 468)                 JSR   COUNT_BOMBS
(31C3) 1620  0001011000100000 ( 469)                 ADD   R3 R0 #0
(31C4) 0407  0000010000000111 ( 470)                 BRZ   RST7
(31C5) 0202  0000001000000010 ( 471)                 BRP   x31C8
(31C6) 2634  0010011000110100 ( 472)                 LD    R3 A_BOMB1
(31C7) 0E02  0000111000000010 ( 473)                 BRNZP x31CA
(31C8) 2834  0010100000110100 ( 474)                 LD    R4 H_ZERO
(31C9) 16C4  0001011011000100 ( 475)                 ADD   R3 R3 R4
(31CA) 49D0  0100100111010000 ( 476)                 JSR   GRID_ADDRESS
(31CB) 7600  0111011000000000 ( 477)                 STR   R3 R0 #0
(31CC) 2007  0010000000000111 ( 479) RST7            LD    R0 SAVE7R0
(31CD) 2207  0010001000000111 ( 480)                 LD    R1 SAVE7R1
(31CE) 2407  0010010000000111 ( 481)                 LD    R2 SAVE7R2
(31CF) 2607  0010011000000111 ( 482)                 LD    R3 SAVE7R3
(31D0) 2807  0010100000000111 ( 483)                 LD    R4 SAVE7R4
(31D1) 2E01  0010111000000001 ( 484)                 LD    R7 RET7
(31D2) C1C0  1100000111000000 ( 485)                 RET   
(31D3) 0000  0000000000000000 ( 490) RET7            .FILL x0000
(31D4) 0000  0000000000000000 ( 491) SAVE7R0         .FILL x0000
(31D5) 0000  0000000000000000 ( 492) SAVE7R1         .FILL x0000
(31D6) 0000  0000000000000000 ( 493) SAVE7R2         .FILL x0000
(31D7) 0000  0000000000000000 ( 494) SAVE7R3         .FILL x0000
(31D8) 0000  0000000000000000 ( 495) SAVE7R4         .FILL x0000
(31D9) 0059  0000000001011001 ( 495) MSG7            .FILL x0059
(31DA) 006F  0000000001101111 ( 495)                 .FILL x006F
(31DB) 0075  0000000001110101 ( 495)                 .FILL x0075
(31DC) 0020  0000000000100000 ( 495)                 .FILL x0020
(31DD) 0061  0000000001100001 ( 495)                 .FILL x0061
(31DE) 006C  0000000001101100 ( 495)                 .FILL x006C
(31DF) 0072  0000000001110010 ( 495)                 .FILL x0072
(31E0) 0065  0000000001100101 ( 495)                 .FILL x0065
(31E1) 0061  0000000001100001 ( 495)                 .FILL x0061
(31E2) 0064  0000000001100100 ( 495)                 .FILL x0064
(31E3) 0079  0000000001111001 ( 495)                 .FILL x0079
(31E4) 0020  0000000000100000 ( 495)                 .FILL x0020
(31E5) 0074  0000000001110100 ( 495)                 .FILL x0074
(31E6) 0072  0000000001110010 ( 495)                 .FILL x0072
(31E7) 0069  0000000001101001 ( 495)                 .FILL x0069
(31E8) 0065  0000000001100101 ( 495)                 .FILL x0065
(31E9) 0064  0000000001100100 ( 495)                 .FILL x0064
(31EA) 0020  0000000000100000 ( 495)                 .FILL x0020
(31EB) 0074  0000000001110100 ( 495)                 .FILL x0074
(31EC) 0068  0000000001101000 ( 495)                 .FILL x0068
(31ED) 0069  0000000001101001 ( 495)                 .FILL x0069
(31EE) 0073  0000000001110011 ( 495)                 .FILL x0073
(31EF) 0020  0000000000100000 ( 495)                 .FILL x0020
(31F0) 006C  0000000001101100 ( 495)                 .FILL x006C
(31F1) 006F  0000000001101111 ( 495)                 .FILL x006F
(31F2) 0063  0000000001100011 ( 495)                 .FILL x0063
(31F3) 0061  0000000001100001 ( 495)                 .FILL x0061
(31F4) 0074  0000000001110100 ( 495)                 .FILL x0074
(31F5) 0069  0000000001101001 ( 495)                 .FILL x0069
(31F6) 006F  0000000001101111 ( 495)                 .FILL x006F
(31F7) 006E  0000000001101110 ( 495)                 .FILL x006E
(31F8) 0021  0000000000100001 ( 495)                 .FILL x0021
(31F9) 0000  0000000000000000 ( 495)                 .FILL x0000
(31FA) 6000  0110000000000000 ( 496) HEADER1         .FILL x6000
(31FB) 002A  0000000000101010 ( 497) A_BOMB1         .FILL x002A
(31FC) 0000  0000000000000000 ( 497)                 .FILL x0000
(31FD) 0030  0000000000110000 ( 498) H_ZERO          .FILL x0030
(31FE) 0000  0000000000000000 ( 531) L_LIST          .FILL x0000
(31FF) 0000  0000000000000000 ( 531)                 .FILL x0000
(3200) 0000  0000000000000000 ( 531)                 .FILL x0000
(3201) 0000  0000000000000000 ( 531)                 .FILL x0000
(3202) 0000  0000000000000000 ( 531)                 .FILL x0000
(3203) 0000  0000000000000000 ( 531)                 .FILL x0000
(3204) 0000  0000000000000000 ( 531)                 .FILL x0000
(3205) 0000  0000000000000000 ( 531)                 .FILL x0000
(3206) 0000  0000000000000000 ( 531)                 .FILL x0000
(3207) 0000  0000000000000000 ( 531)                 .FILL x0000
(3208) 0000  0000000000000000 ( 531)                 .FILL x0000
(3209) 0000  0000000000000000 ( 531)                 .FILL x0000
(320A) 0000  0000000000000000 ( 531)                 .FILL x0000
(320B) 0000  0000000000000000 ( 531)                 .FILL x0000
(320C) 0000  0000000000000000 ( 531)                 .FILL x0000
(320D) 0000  0000000000000000 ( 531)                 .FILL x0000
(320E) 0000  0000000000000000 ( 531)                 .FILL x0000
(320F) 0000  0000000000000000 ( 531)                 .FILL x0000
(3210) 0000  0000000000000000 ( 531)                 .FILL x0000
(3211) 0000  0000000000000000 ( 531)                 .FILL x0000
(3212) 0000  0000000000000000 ( 531)                 .FILL x0000
(3213) 0000  0000000000000000 ( 531)                 .FILL x0000
(3214) 0000  0000000000000000 ( 531)                 .FILL x0000
(3215) 0000  0000000000000000 ( 531)                 .FILL x0000
(3216) 0000  0000000000000000 ( 531)                 .FILL x0000
(3217) 0000  0000000000000000 ( 531)                 .FILL x0000
(3218) 0000  0000000000000000 ( 531)                 .FILL x0000
(3219) 0000  0000000000000000 ( 531)                 .FILL x0000
(321A) 0000  0000000000000000 ( 531)                 .FILL x0000
(321B) 0000  0000000000000000 ( 531)                 .FILL x0000
(321C) 0000  0000000000000000 ( 531)                 .FILL x0000
(321D) 0000  0000000000000000 ( 531)                 .FILL x0000
(321E) 0000  0000000000000000 ( 531)                 .FILL x0000
(321F) 0000  0000000000000000 ( 531)                 .FILL x0000
(3220) 0000  0000000000000000 ( 531)                 .FILL x0000
(3221) 0000  0000000000000000 ( 531)                 .FILL x0000
(3222) 0000  0000000000000000 ( 531)                 .FILL x0000
(3223) 0000  0000000000000000 ( 531)                 .FILL x0000
(3224) 0000  0000000000000000 ( 531)                 .FILL x0000
(3225) 0000  0000000000000000 ( 531)                 .FILL x0000
(3226) 0000  0000000000000000 ( 531)                 .FILL x0000
(3227) 0000  0000000000000000 ( 531)                 .FILL x0000
(3228) 0000  0000000000000000 ( 531)                 .FILL x0000
(3229) 0000  0000000000000000 ( 531)                 .FILL x0000
(322A) 0000  0000000000000000 ( 531)                 .FILL x0000
(322B) 0000  0000000000000000 ( 531)                 .FILL x0000
(322C) 0000  0000000000000000 ( 531)                 .FILL x0000
(322D) 0000  0000000000000000 ( 531)                 .FILL x0000
(322E) 0000  0000000000000000 ( 531)                 .FILL x0000
(322F) 3E7E  0011111001111110 ( 532) COUNT_BOMBS     ST    R7 RET3
(3230) 3277  0011001001110111 ( 533)                 ST    R1 SAVE3R1
(3231) 3477  0011010001110111 ( 534)                 ST    R2 SAVE3R2
(3232) 3677  0011011001110111 ( 535)                 ST    R3 SAVE3R3
(3233) 3877  0011100001110111 ( 536)                 ST    R4 SAVE3R4
(3234) 3A77  0011101001110111 ( 537)                 ST    R5 SAVE3R5
(3235) 3C77  0011110001110111 ( 538)                 ST    R6 SAVE3R6
(3236) 1620  0001011000100000 ( 542)                 ADD   R3 R0 #0
(3237) 4937  0100100100110111 ( 543)                 JSR   CHECK_BOMB
(3238) 1B60  0001101101100000 ( 544)                 ADD   R5 R5 #0
(3239) 026B  0000001001101011 ( 545)                 BRP   ISBOMB
(323A) 0C00  0000110000000000 ( 546)                 BRNZ  NOTABOMB
(323B) 5020  0101000000100000 ( 549) NOTABOMB        AND   R0 R0 #0
(323C) 5DA0  0101110110100000 ( 550)                 AND   R6 R6 #0
(323D) 1DBD  0001110110111101 ( 551)                 ADD   R6 R6 #-3
(323E) 14A0  0001010010100000 ( 565)                 ADD   R2 R2 #0
(323F) 0489  0000010010001001 ( 566)                 BRZ   LEFT
(3240) 1E86  0001111010000110 ( 567)                 ADD   R7 R2 R6
(3241) 04D6  0000010011010110 ( 568)                 BRZ   RIGHT
(3242) 1260  0001001001100000 ( 570)                 ADD   R1 R1 #0
(3243) 14A1  0001010010100001 ( 571)                 ADD   R2 R2 #1
(3244) 492A  0100100100101010 ( 572)                 JSR   CHECK_BOMB
(3245) 1B60  0001101101100000 ( 573)                 ADD   R5 R5 #0
(3246) 0401  0000010000000001 ( 574)                 BRZ   x3248
(3247) 1021  0001000000100001 ( 575)                 ADD   R0 R0 #1
(3248) 225F  0010001001011111 ( 576)                 LD    R1 SAVE3R1
(3249) 245F  0010010001011111 ( 577)                 LD    R2 SAVE3R2
(324A) 2664  0010011001100100 ( 578)                 LD    R3 HEADERS
(324B) 1260  0001001001100000 ( 581)                 ADD   R1 R1 #0
(324C) 14BF  0001010010111111 ( 582)                 ADD   R2 R2 #-1
(324D) 4921  0100100100100001 ( 583)                 JSR   CHECK_BOMB
(324E) 1B60  0001101101100000 ( 584)                 ADD   R5 R5 #0
(324F) 0401  0000010000000001 ( 585)                 BRZ   x3251
(3250) 1021  0001000000100001 ( 586)                 ADD   R0 R0 #1
(3251) 2256  0010001001010110 ( 587)                 LD    R1 SAVE3R1
(3252) 2456  0010010001010110 ( 588)                 LD    R2 SAVE3R2
(3253) 265B  0010011001011011 ( 589)                 LD    R3 HEADERS
(3254) 1260  0001001001100000 ( 593)                 ADD   R1 R1 #0
(3255) 0436  0000010000110110 ( 594)                 BRZ   UP_MID
(3256) 1E46  0001111001000110 ( 595)                 ADD   R7 R1 R6
(3257) 0458  0000010001011000 ( 596)                 BRZ   DOWN_MID
(3258) 127F  0001001001111111 ( 600)                 ADD   R1 R1 #-1
(3259) 14A0  0001010010100000 ( 601)                 ADD   R2 R2 #0
(325A) 4914  0100100100010100 ( 602)                 JSR   CHECK_BOMB
(325B) 1B60  0001101101100000 ( 603)                 ADD   R5 R5 #0
(325C) 0401  0000010000000001 ( 604)                 BRZ   x325E
(325D) 1021  0001000000100001 ( 605)                 ADD   R0 R0 #1
(325E) 2249  0010001001001001 ( 606)                 LD    R1 SAVE3R1
(325F) 2449  0010010001001001 ( 607)                 LD    R2 SAVE3R2
(3260) 264E  0010011001001110 ( 608)                 LD    R3 HEADERS
(3261) 1261  0001001001100001 ( 612)                 ADD   R1 R1 #1
(3262) 14A0  0001010010100000 ( 613)                 ADD   R2 R2 #0
(3263) 490B  0100100100001011 ( 614)                 JSR   CHECK_BOMB
(3264) 1B60  0001101101100000 ( 615)                 ADD   R5 R5 #0
(3265) 0401  0000010000000001 ( 616)                 BRZ   x3267
(3266) 1021  0001000000100001 ( 617)                 ADD   R0 R0 #1
(3267) 2240  0010001001000000 ( 618)                 LD    R1 SAVE3R1
(3268) 2440  0010010001000000 ( 619)                 LD    R2 SAVE3R2
(3269) 2645  0010011001000101 ( 620)                 LD    R3 HEADERS
(326A) 14BF  0001010010111111 ( 623)                 ADD   R2 R2 #-1
(326B) 127F  0001001001111111 ( 624)                 ADD   R1 R1 #-1
(326C) 4902  0100100100000010 ( 625)                 JSR   CHECK_BOMB
(326D) 1B60  0001101101100000 ( 626)                 ADD   R5 R5 #0
(326E) 0401  0000010000000001 ( 627)                 BRZ   x3270
(326F) 1021  0001000000100001 ( 628)                 ADD   R0 R0 #1
(3270) 2237  0010001000110111 ( 629)                 LD    R1 SAVE3R1
(3271) 2437  0010010000110111 ( 630)                 LD    R2 SAVE3R2
(3272) 263C  0010011000111100 ( 631)                 LD    R3 HEADERS
(3273) 14A1  0001010010100001 ( 635)                 ADD   R2 R2 #1
(3274) 127F  0001001001111111 ( 636)                 ADD   R1 R1 #-1
(3275) 48F9  0100100011111001 ( 637)                 JSR   CHECK_BOMB
(3276) 1B60  0001101101100000 ( 638)                 ADD   R5 R5 #0
(3277) 0401  0000010000000001 ( 639)                 BRZ   x3279
(3278) 1021  0001000000100001 ( 640)                 ADD   R0 R0 #1
(3279) 222E  0010001000101110 ( 641)                 LD    R1 SAVE3R1
(327A) 242E  0010010000101110 ( 642)                 LD    R2 SAVE3R2
(327B) 2633  0010011000110011 ( 643)                 LD    R3 HEADERS
(327C) 14BF  0001010010111111 ( 646)                 ADD   R2 R2 #-1
(327D) 1261  0001001001100001 ( 647)                 ADD   R1 R1 #1
(327E) 48F0  0100100011110000 ( 648)                 JSR   CHECK_BOMB
(327F) 1B60  0001101101100000 ( 649)                 ADD   R5 R5 #0
(3280) 0401  0000010000000001 ( 650)                 BRZ   x3282
(3281) 1021  0001000000100001 ( 651)                 ADD   R0 R0 #1
(3282) 2225  0010001000100101 ( 652)                 LD    R1 SAVE3R1
(3283) 2425  0010010000100101 ( 653)                 LD    R2 SAVE3R2
(3284) 262A  0010011000101010 ( 654)                 LD    R3 HEADERS
(3285) 14A1  0001010010100001 ( 657)                 ADD   R2 R2 #1
(3286) 1261  0001001001100001 ( 658)                 ADD   R1 R1 #1
(3287) 48E7  0100100011100111 ( 659)                 JSR   CHECK_BOMB
(3288) 1B60  0001101101100000 ( 660)                 ADD   R5 R5 #0
(3289) 0401  0000010000000001 ( 661)                 BRZ   x328B
(328A) 1021  0001000000100001 ( 662)                 ADD   R0 R0 #1
(328B) 0EDB  0000111011011011 ( 663)                 BRNZP RST3
(328C) 1261  0001001001100001 ( 665) UP_MID          ADD   R1 R1 #1
(328D) 14A0  0001010010100000 ( 666)                 ADD   R2 R2 #0
(328E) 48E0  0100100011100000 ( 667)                 JSR   CHECK_BOMB
(328F) 1B60  0001101101100000 ( 668)                 ADD   R5 R5 #0
(3290) 0401  0000010000000001 ( 669)                 BRZ   x3292
(3291) 1021  0001000000100001 ( 670)                 ADD   R0 R0 #1
(3292) 2215  0010001000010101 ( 671)                 LD    R1 SAVE3R1
(3293) 2415  0010010000010101 ( 672)                 LD    R2 SAVE3R2
(3294) 261A  0010011000011010 ( 673)                 LD    R3 HEADERS
(3295) 1261  0001001001100001 ( 675)                 ADD   R1 R1 #1
(3296) 14A1  0001010010100001 ( 676)                 ADD   R2 R2 #1
(3297) 48D7  0100100011010111 ( 677)                 JSR   CHECK_BOMB
(3298) 1B60  0001101101100000 ( 678)                 ADD   R5 R5 #0
(3299) 0401  0000010000000001 ( 679)                 BRZ   x329B
(329A) 1021  0001000000100001 ( 680)                 ADD   R0 R0 #1
(329B) 220C  0010001000001100 ( 681)                 LD    R1 SAVE3R1
(329C) 240C  0010010000001100 ( 682)                 LD    R2 SAVE3R2
(329D) 2611  0010011000010001 ( 683)                 LD    R3 HEADERS
(329E) 1261  0001001001100001 ( 685)                 ADD   R1 R1 #1
(329F) 14BF  0001010010111111 ( 686)                 ADD   R2 R2 #-1
(32A0) 48CE  0100100011001110 ( 687)                 JSR   CHECK_BOMB
(32A1) 1B60  0001101101100000 ( 688)                 ADD   R5 R5 #0
(32A2) 0401  0000010000000001 ( 689)                 BRZ   x32A4
(32A3) 1021  0001000000100001 ( 690)                 ADD   R0 R0 #1
(32A4) 0EC2  0000111011000010 ( 691)                 BRNZP RST3
(32A5) 5020  0101000000100000 ( 693) ISBOMB          AND   R0 R0 #0
(32A6) 103F  0001000000111111 ( 694)                 ADD   R0 R0 #-1
(32A7) 0EBF  0000111010111111 ( 695)                 BRNZP RST3
(32A8) 0000  0000000000000000 ( 698) SAVE3R1         .FILL x0000
(32A9) 0000  0000000000000000 ( 699) SAVE3R2         .FILL x0000
(32AA) 0000  0000000000000000 ( 700) SAVE3R3         .FILL x0000
(32AB) 0000  0000000000000000 ( 701) SAVE3R4         .FILL x0000
(32AC) 0000  0000000000000000 ( 702) SAVE3R5         .FILL x0000
(32AD) 0000  0000000000000000 ( 703) SAVE3R6         .FILL x0000
(32AE) 0000  0000000000000000 ( 704) RET3            .FILL x0000
(32AF) 6000  0110000000000000 ( 704) HEADERS         .FILL x6000
(32B0) 127F  0001001001111111 ( 708) DOWN_MID        ADD   R1 R1 #-1
(32B1) 14A0  0001010010100000 ( 709)                 ADD   R2 R2 #0
(32B2) 48BC  0100100010111100 ( 710)                 JSR   CHECK_BOMB
(32B3) 1B60  0001101101100000 ( 711)                 ADD   R5 R5 #0
(32B4) 0401  0000010000000001 ( 712)                 BRZ   x32B6
(32B5) 1021  0001000000100001 ( 713)                 ADD   R0 R0 #1
(32B6) 23F1  0010001111110001 ( 714)                 LD    R1 SAVE3R1
(32B7) 25F1  0010010111110001 ( 715)                 LD    R2 SAVE3R2
(32B8) 27F6  0010011111110110 ( 716)                 LD    R3 HEADERS
(32B9) 127F  0001001001111111 ( 718)                 ADD   R1 R1 #-1
(32BA) 14A1  0001010010100001 ( 719)                 ADD   R2 R2 #1
(32BB) 48B3  0100100010110011 ( 720)                 JSR   CHECK_BOMB
(32BC) 1B60  0001101101100000 ( 721)                 ADD   R5 R5 #0
(32BD) 0401  0000010000000001 ( 722)                 BRZ   x32BF
(32BE) 1021  0001000000100001 ( 723)                 ADD   R0 R0 #1
(32BF) 23E8  0010001111101000 ( 724)                 LD    R1 SAVE3R1
(32C0) 25E8  0010010111101000 ( 725)                 LD    R2 SAVE3R2
(32C1) 27ED  0010011111101101 ( 726)                 LD    R3 HEADERS
(32C2) 127F  0001001001111111 ( 728)                 ADD   R1 R1 #-1
(32C3) 14BF  0001010010111111 ( 729)                 ADD   R2 R2 #-1
(32C4) 48AA  0100100010101010 ( 730)                 JSR   CHECK_BOMB
(32C5) 1B60  0001101101100000 ( 731)                 ADD   R5 R5 #0
(32C6) 0401  0000010000000001 ( 732)                 BRZ   x32C8
(32C7) 1021  0001000000100001 ( 733)                 ADD   R0 R0 #1
(32C8) 0E9E  0000111010011110 ( 734)                 BRNZP RST3
(32C9) 1260  0001001001100000 ( 737) LEFT            ADD   R1 R1 #0
(32CA) 14A1  0001010010100001 ( 738)                 ADD   R2 R2 #1
(32CB) 48A3  0100100010100011 ( 739)                 JSR   CHECK_BOMB
(32CC) 1B60  0001101101100000 ( 740)                 ADD   R5 R5 #0
(32CD) 0401  0000010000000001 ( 741)                 BRZ   x32CF
(32CE) 1021  0001000000100001 ( 742)                 ADD   R0 R0 #1
(32CF) 23D8  0010001111011000 ( 743)                 LD    R1 SAVE3R1
(32D0) 25D8  0010010111011000 ( 744)                 LD    R2 SAVE3R2
(32D1) 27DD  0010011111011101 ( 745)                 LD    R3 HEADERS
(32D2) 1260  0001001001100000 ( 747)                 ADD   R1 R1 #0
(32D3) 0424  0000010000100100 ( 748)                 BRZ   UP_LEFT
(32D4) 1E46  0001111001000110 ( 749)                 ADD   R7 R1 R6
(32D5) 0432  0000010000110010 ( 750)                 BRZ   DOWN_LEFT
(32D6) 127F  0001001001111111 ( 752)                 ADD   R1 R1 #-1
(32D7) 14A0  0001010010100000 ( 753)                 ADD   R2 R2 #0
(32D8) 4896  0100100010010110 ( 754)                 JSR   CHECK_BOMB
(32D9) 1B60  0001101101100000 ( 755)                 ADD   R5 R5 #0
(32DA) 0401  0000010000000001 ( 756)                 BRZ   x32DC
(32DB) 1021  0001000000100001 ( 757)                 ADD   R0 R0 #1
(32DC) 23CB  0010001111001011 ( 758)                 LD    R1 SAVE3R1
(32DD) 25CB  0010010111001011 ( 759)                 LD    R2 SAVE3R2
(32DE) 27D0  0010011111010000 ( 760)                 LD    R3 HEADERS
(32DF) 1261  0001001001100001 ( 762)                 ADD   R1 R1 #1
(32E0) 14A0  0001010010100000 ( 763)                 ADD   R2 R2 #0
(32E1) 488D  0100100010001101 ( 764)                 JSR   CHECK_BOMB
(32E2) 1B60  0001101101100000 ( 765)                 ADD   R5 R5 #0
(32E3) 0401  0000010000000001 ( 766)                 BRZ   x32E5
(32E4) 1021  0001000000100001 ( 767)                 ADD   R0 R0 #1
(32E5) 23C2  0010001111000010 ( 768)                 LD    R1 SAVE3R1
(32E6) 25C2  0010010111000010 ( 769)                 LD    R2 SAVE3R2
(32E7) 27C7  0010011111000111 ( 770)                 LD    R3 HEADERS
(32E8) 127F  0001001001111111 ( 772)                 ADD   R1 R1 #-1
(32E9) 14A1  0001010010100001 ( 773)                 ADD   R2 R2 #1
(32EA) 4884  0100100010000100 ( 774)                 JSR   CHECK_BOMB
(32EB) 1B60  0001101101100000 ( 775)                 ADD   R5 R5 #0
(32EC) 0401  0000010000000001 ( 776)                 BRZ   x32EE
(32ED) 1021  0001000000100001 ( 777)                 ADD   R0 R0 #1
(32EE) 23B9  0010001110111001 ( 778)                 LD    R1 SAVE3R1
(32EF) 25B9  0010010110111001 ( 779)                 LD    R2 SAVE3R2
(32F0) 27BE  0010011110111110 ( 780)                 LD    R3 HEADERS
(32F1) 1261  0001001001100001 ( 782)                 ADD   R1 R1 #1
(32F2) 14A1  0001010010100001 ( 783)                 ADD   R2 R2 #1
(32F3) 487B  0100100001111011 ( 784)                 JSR   CHECK_BOMB
(32F4) 1B60  0001101101100000 ( 785)                 ADD   R5 R5 #0
(32F5) 0401  0000010000000001 ( 786)                 BRZ   x32F7
(32F6) 1021  0001000000100001 ( 787)                 ADD   R0 R0 #1
(32F7) 0E6F  0000111001101111 ( 788)                 BRNZP RST3
(32F8) 1261  0001001001100001 ( 790) UP_LEFT         ADD   R1 R1 #1
(32F9) 14A0  0001010010100000 ( 791)                 ADD   R2 R2 #0
(32FA) 4874  0100100001110100 ( 792)                 JSR   CHECK_BOMB
(32FB) 1B60  0001101101100000 ( 793)                 ADD   R5 R5 #0
(32FC) 0401  0000010000000001 ( 794)                 BRZ   x32FE
(32FD) 1021  0001000000100001 ( 795)                 ADD   R0 R0 #1
(32FE) 23A9  0010001110101001 ( 796)                 LD    R1 SAVE3R1
(32FF) 25A9  0010010110101001 ( 797)                 LD    R2 SAVE3R2
(3300) 27AE  0010011110101110 ( 798)                 LD    R3 HEADERS
(3301) 1261  0001001001100001 ( 800)                 ADD   R1 R1 #1
(3302) 14A1  0001010010100001 ( 801)                 ADD   R2 R2 #1
(3303) 486B  0100100001101011 ( 802)                 JSR   CHECK_BOMB
(3304) 1B60  0001101101100000 ( 803)                 ADD   R5 R5 #0
(3305) 0401  0000010000000001 ( 804)                 BRZ   x3307
(3306) 1021  0001000000100001 ( 805)                 ADD   R0 R0 #1
(3307) 0E5F  0000111001011111 ( 806)                 BRNZP RST3
(3308) 127F  0001001001111111 ( 809) DOWN_LEFT       ADD   R1 R1 #-1
(3309) 14A0  0001010010100000 ( 810)                 ADD   R2 R2 #0
(330A) 4864  0100100001100100 ( 811)                 JSR   CHECK_BOMB
(330B) 1B60  0001101101100000 ( 812)                 ADD   R5 R5 #0
(330C) 0401  0000010000000001 ( 813)                 BRZ   x330E
(330D) 1021  0001000000100001 ( 814)                 ADD   R0 R0 #1
(330E) 2399  0010001110011001 ( 815)                 LD    R1 SAVE3R1
(330F) 2599  0010010110011001 ( 816)                 LD    R2 SAVE3R2
(3310) 279E  0010011110011110 ( 817)                 LD    R3 HEADERS
(3311) 127F  0001001001111111 ( 819)                 ADD   R1 R1 #-1
(3312) 14A1  0001010010100001 ( 820)                 ADD   R2 R2 #1
(3313) 485B  0100100001011011 ( 821)                 JSR   CHECK_BOMB
(3314) 1B60  0001101101100000 ( 822)                 ADD   R5 R5 #0
(3315) 0401  0000010000000001 ( 823)                 BRZ   x3317
(3316) 1021  0001000000100001 ( 824)                 ADD   R0 R0 #1
(3317) 0E4F  0000111001001111 ( 825)                 BRNZP RST3
(3318) 1260  0001001001100000 ( 827) RIGHT           ADD   R1 R1 #0
(3319) 14BF  0001010010111111 ( 828)                 ADD   R2 R2 #-1
(331A) 4854  0100100001010100 ( 829)                 JSR   CHECK_BOMB
(331B) 1B60  0001101101100000 ( 830)                 ADD   R5 R5 #0
(331C) 0401  0000010000000001 ( 831)                 BRZ   x331E
(331D) 1021  0001000000100001 ( 832)                 ADD   R0 R0 #1
(331E) 2389  0010001110001001 ( 833)                 LD    R1 SAVE3R1
(331F) 2589  0010010110001001 ( 834)                 LD    R2 SAVE3R2
(3320) 278E  0010011110001110 ( 835)                 LD    R3 HEADERS
(3321) 1260  0001001001100000 ( 837)                 ADD   R1 R1 #0
(3322) 0424  0000010000100100 ( 838)                 BRZ   UP_RIGHT
(3323) 1E60  0001111001100000 ( 839)                 ADD   R7 R1 #0
(3324) 0432  0000010000110010 ( 840)                 BRZ   DOWN_RIGHT
(3325) 127F  0001001001111111 ( 842)                 ADD   R1 R1 #-1
(3326) 14A0  0001010010100000 ( 843)                 ADD   R2 R2 #0
(3327) 4847  0100100001000111 ( 844)                 JSR   CHECK_BOMB
(3328) 1B60  0001101101100000 ( 845)                 ADD   R5 R5 #0
(3329) 0401  0000010000000001 ( 846)                 BRZ   x332B
(332A) 1021  0001000000100001 ( 847)                 ADD   R0 R0 #1
(332B) 237C  0010001101111100 ( 848)                 LD    R1 SAVE3R1
(332C) 257C  0010010101111100 ( 849)                 LD    R2 SAVE3R2
(332D) 2781  0010011110000001 ( 850)                 LD    R3 HEADERS
(332E) 1261  0001001001100001 ( 852)                 ADD   R1 R1 #1
(332F) 14A0  0001010010100000 ( 853)                 ADD   R2 R2 #0
(3330) 483E  0100100000111110 ( 854)                 JSR   CHECK_BOMB
(3331) 1B60  0001101101100000 ( 855)                 ADD   R5 R5 #0
(3332) 0401  0000010000000001 ( 856)                 BRZ   x3334
(3333) 1021  0001000000100001 ( 857)                 ADD   R0 R0 #1
(3334) 2373  0010001101110011 ( 858)                 LD    R1 SAVE3R1
(3335) 2573  0010010101110011 ( 859)                 LD    R2 SAVE3R2
(3336) 2778  0010011101111000 ( 860)                 LD    R3 HEADERS
(3337) 1261  0001001001100001 ( 862)                 ADD   R1 R1 #1
(3338) 14BF  0001010010111111 ( 863)                 ADD   R2 R2 #-1
(3339) 4835  0100100000110101 ( 864)                 JSR   CHECK_BOMB
(333A) 1B60  0001101101100000 ( 865)                 ADD   R5 R5 #0
(333B) 0401  0000010000000001 ( 866)                 BRZ   x333D
(333C) 1021  0001000000100001 ( 867)                 ADD   R0 R0 #1
(333D) 236A  0010001101101010 ( 868)                 LD    R1 SAVE3R1
(333E) 256A  0010010101101010 ( 869)                 LD    R2 SAVE3R2
(333F) 276F  0010011101101111 ( 870)                 LD    R3 HEADERS
(3340) 127F  0001001001111111 ( 873)                 ADD   R1 R1 #-1
(3341) 14BF  0001010010111111 ( 874)                 ADD   R2 R2 #-1
(3342) 482C  0100100000101100 ( 875)                 JSR   CHECK_BOMB
(3343) 1B60  0001101101100000 ( 876)                 ADD   R5 R5 #0
(3344) 0401  0000010000000001 ( 877)                 BRZ   x3346
(3345) 1021  0001000000100001 ( 878)                 ADD   R0 R0 #1
(3346) 0E20  0000111000100000 ( 879)                 BRNZP RST3
(3347) 1261  0001001001100001 ( 882) UP_RIGHT        ADD   R1 R1 #1
(3348) 14A0  0001010010100000 ( 883)                 ADD   R2 R2 #0
(3349) 4825  0100100000100101 ( 884)                 JSR   CHECK_BOMB
(334A) 1B60  0001101101100000 ( 885)                 ADD   R5 R5 #0
(334B) 0401  0000010000000001 ( 886)                 BRZ   x334D
(334C) 1021  0001000000100001 ( 887)                 ADD   R0 R0 #1
(334D) 235A  0010001101011010 ( 888)                 LD    R1 SAVE3R1
(334E) 255A  0010010101011010 ( 889)                 LD    R2 SAVE3R2
(334F) 275F  0010011101011111 ( 890)                 LD    R3 HEADERS
(3350) 1261  0001001001100001 ( 892)                 ADD   R1 R1 #1
(3351) 14BF  0001010010111111 ( 893)                 ADD   R2 R2 #-1
(3352) 481C  0100100000011100 ( 894)                 JSR   CHECK_BOMB
(3353) 1B60  0001101101100000 ( 895)                 ADD   R5 R5 #0
(3354) 0401  0000010000000001 ( 896)                 BRZ   x3356
(3355) 1021  0001000000100001 ( 897)                 ADD   R0 R0 #1
(3356) 0E10  0000111000010000 ( 898)                 BRNZP RST3
(3357) 127F  0001001001111111 ( 901) DOWN_RIGHT      ADD   R1 R1 #-1
(3358) 14A0  0001010010100000 ( 902)                 ADD   R2 R2 #0
(3359) 4815  0100100000010101 ( 903)                 JSR   CHECK_BOMB
(335A) 1B60  0001101101100000 ( 904)                 ADD   R5 R5 #0
(335B) 0401  0000010000000001 ( 905)                 BRZ   x335D
(335C) 1021  0001000000100001 ( 906)                 ADD   R0 R0 #1
(335D) 234A  0010001101001010 ( 907)                 LD    R1 SAVE3R1
(335E) 254A  0010010101001010 ( 908)                 LD    R2 SAVE3R2
(335F) 274F  0010011101001111 ( 909)                 LD    R3 HEADERS
(3360) 127F  0001001001111111 ( 911)                 ADD   R1 R1 #-1
(3361) 14BF  0001010010111111 ( 912)                 ADD   R2 R2 #-1
(3362) 480C  0100100000001100 ( 913)                 JSR   CHECK_BOMB
(3363) 1B60  0001101101100000 ( 914)                 ADD   R5 R5 #0
(3364) 0401  0000010000000001 ( 915)                 BRZ   x3366
(3365) 1021  0001000000100001 ( 916)                 ADD   R0 R0 #1
(3366) 0E00  0000111000000000 ( 917)                 BRNZP RST3
(3367) 2340  0010001101000000 ( 920) RST3            LD    R1 SAVE3R1
(3368) 2540  0010010101000000 ( 921)                 LD    R2 SAVE3R2
(3369) 2740  0010011101000000 ( 922)                 LD    R3 SAVE3R3
(336A) 2940  0010100101000000 ( 923)                 LD    R4 SAVE3R4
(336B) 2B40  0010101101000000 ( 924)                 LD    R5 SAVE3R5
(336C) 2D40  0010110101000000 ( 925)                 LD    R6 SAVE3R6
(336D) 2F40  0010111101000000 ( 926)                 LD    R7 RET3
(336E) C1C0  1100000111000000 ( 927)                 RET   
(336F) 3E22  0011111000100010 ( 952) CHECK_BOMB      ST    R7 SS_RET
(3370) 3022  0011000000100010 ( 953)                 ST    R0 SS_R0
(3371) 3222  0011001000100010 ( 954)                 ST    R1 SS_R1
(3372) 3623  0011011000100011 ( 955)                 ST    R3 SS_R3
(3373) 3421  0011010000100001 ( 956)                 ST    R2 SS_R2
(3374) 3823  0011100000100011 ( 957)                 ST    R4 SS_R4
(3375) 3C21  0011110000100001 ( 958)                 ST    R6 SS_R6
(3376) 927F  1001001001111111 ( 960)                 NOT   R1 R1
(3377) 1261  0001001001100001 ( 961)                 ADD   R1 R1 #1
(3378) 94BF  1001010010111111 ( 962)                 NOT   R2 R2
(3379) 14A1  0001010010100001 ( 963)                 ADD   R2 R2 #1
(337A) 66C0  0110011011000000 ( 965)                 LDR   R3 R3 #0
(337B) 16E0  0001011011100000 ( 966) CK_ROW          ADD   R3 R3 #0
(337C) 040C  0000010000001100 ( 967)                 BRZ   NOT_BOMB
(337D) 68C0  0110100011000000 ( 968)                 LDR   R4 R3 #0
(337E) 1C44  0001110001000100 ( 969)                 ADD   R6 R1 R4
(337F) 0A04  0000101000000100 ( 970)                 BRNP  NEXT_NODE
(3380) 6AC1  0110101011000001 ( 971)                 LDR   R5 R3 #1
(3381) 1C85  0001110010000101 ( 972)                 ADD   R6 R2 R5
(3382) 0A01  0000101000000001 ( 973)                 BRNP  NEXT_NODE
(3383) 0E02  0000111000000010 ( 974)                 BRNZP D_BOMB
(3384) 66C2  0110011011000010 ( 977) NEXT_NODE       LDR   R3 R3 #2
(3385) 0FF5  0000111111110101 ( 978)                 BRNZP CK_ROW
(3386) 5B60  0101101101100000 ( 980) D_BOMB          AND   R5 R5 #0
(3387) 1B61  0001101101100001 ( 981)                 ADD   R5 R5 #1
(3388) 0E01  0000111000000001 ( 982)                 BRNZP RST_V
(3389) 5B60  0101101101100000 ( 985) NOT_BOMB        AND   R5 R5 #0
(338A) 2008  0010000000001000 ( 987) RST_V           LD    R0 SS_R0
(338B) 2208  0010001000001000 ( 988)                 LD    R1 SS_R1
(338C) 2408  0010010000001000 ( 989)                 LD    R2 SS_R2
(338D) 2608  0010011000001000 ( 990)                 LD    R3 SS_R3
(338E) 2809  0010100000001001 ( 991)                 LD    R4 SS_R4
(338F) 2C07  0010110000000111 ( 992)                 LD    R6 SS_R6
(3390) 2E01  0010111000000001 ( 993)                 LD    R7 SS_RET
(3391) C1C0  1100000111000000 ( 994)                 RET   
(3392) 0000  0000000000000000 ( 997) SS_RET          .FILL x0000
(3393) 0000  0000000000000000 ( 998) SS_R0           .FILL x0000
(3394) 0000  0000000000000000 ( 999) SS_R1           .FILL x0000
(3395) 0000  0000000000000000 (1000) SS_R2           .FILL x0000
(3396) 0000  0000000000000000 (1001) SS_R3           .FILL x0000
(3397) 0000  0000000000000000 (1002) SS_R6           .FILL x0000
(3398) 0000  0000000000000000 (1003) SS_R4           .FILL x0000
(3399) 002A  0000000000101010 (1003) ASC_BOMB        .FILL x002A
(339A) 0000  0000000000000000 (1003)                 .FILL x0000
(339B) 3E16  0011111000010110 (1021) GRID_ADDRESS    ST    R7 RET4
(339C) 3216  0011001000010110 (1022)                 ST    R1 SAVE4R1
(339D) 3416  0011010000010110 (1023)                 ST    R2 SAVE4R2
(339E) 3616  0011011000010110 (1024)                 ST    R3 SAVE4R3
(339F) 3816  0011100000010110 (1025)                 ST    R4 SAVE4R4
(33A0) 2017  0010000000010111 (1027)                 LD    R0 R_ROW0
(33A1) 56E0  0101011011100000 (1032)                 AND   R3 R3 #0
(33A2) 2814  0010100000010100 (1033)                 LD    R4 ROW
(33A3) 1260  0001001001100000 (1034)                 ADD   R1 R1 #0
(33A4) 0403  0000010000000011 (1035) ROWS            BRZ   COLS
(33A5) 16C4  0001011011000100 (1036)                 ADD   R3 R3 R4
(33A6) 127F  0001001001111111 (1037)                 ADD   R1 R1 #-1
(33A7) 0FFC  0000111111111100 (1038)                 BRNZP ROWS
(33A8) 1003  0001000000000011 (1041) COLS            ADD   R0 R0 R3
(33A9) 1482  0001010010000010 (1042)                 ADD   R2 R2 R2
(33AA) 14A1  0001010010100001 (1043)                 ADD   R2 R2 #1
(33AB) 1002  0001000000000010 (1044)                 ADD   R0 R0 R2
(33AC) 2206  0010001000000110 (1046)                 LD    R1 SAVE4R1
(33AD) 2406  0010010000000110 (1047)                 LD    R2 SAVE4R2
(33AE) 2606  0010011000000110 (1048)                 LD    R3 SAVE4R3
(33AF) 2806  0010100000000110 (1049)                 LD    R4 SAVE4R4
(33B0) 2E01  0010111000000001 (1050)                 LD    R7 RET4
(33B1) C1C0  1100000111000000 (1051)                 RET   
(33B2) 0000  0000000000000000 (1054) RET4            .FILL x0000
(33B3) 0000  0000000000000000 (1055) SAVE4R1         .FILL x0000
(33B4) 0000  0000000000000000 (1056) SAVE4R2         .FILL x0000
(33B5) 0000  0000000000000000 (1057) SAVE4R3         .FILL x0000
(33B6) 0000  0000000000000000 (1058) SAVE4R4         .FILL x0000
(33B7) 0014  0000000000010100 (1058) ROW             .FILL x0014
(33B8) 3047  0011000001000111 (1059) R_ROW0          .FILL x3047
(33B9) 3E2C  0011111000101100 (1077) IS_GAME_OVER    ST    R7 RET8
(33BA) 302C  0011000000101100 (1078)                 ST    R0 SAVE8R0
(33BB) 322C  0011001000101100 (1079)                 ST    R1 SAVE8R1
(33BC) 342C  0011010000101100 (1080)                 ST    R2 SAVE8R2
(33BD) 362C  0011011000101100 (1081)                 ST    R3 SAVE8R3
(33BE) 3A2C  0011101000101100 (1082)                 ST    R5 SAVE8R5
(33BF) 262C  0010011000101100 (1086)                 LD    R3 HDR2
(33C0) 1460  0001010001100000 (1087)                 ADD   R2 R1 #0
(33C1) 1220  0001001000100000 (1088)                 ADD   R1 R0 #0
(33C2) 4FAC  0100111110101100 (1089)                 JSR   CHECK_BOMB
(33C3) 1B60  0001101101100000 (1090)                 ADD   R5 R5 #0
(33C4) 021A  0000001000011010 (1091)                 BRP   LOST
(33C5) 2626  0010011000100110 (1098) CNT_B           LD    R3 HDR2
(33C6) 54A0  0101010010100000 (1099)                 AND   R2 R2 #0
(33C7) 6AC0  0110101011000000 (1100)                 LDR   R5 R3 #0
(33C8) 0404  0000010000000100 (1101)                 BRZ   CNT_TRIAL
(33C9) 14A1  0001010010100001 (1102)                 ADD   R2 R2 #1
(33CA) 66C0  0110011011000000 (1103)                 LDR   R3 R3 #0
(33CB) 16E2  0001011011100010 (1104)                 ADD   R3 R3 #2
(33CC) 0FFA  0000111111111010 (1105)                 BRNZP x33C7
(33CD) 261F  0010011000011111 (1108) CNT_TRIAL       LD    R3 ULL
(33CE) 5260  0101001001100000 (1109)                 AND   R1 R1 #0
(33CF) 6AC0  0110101011000000 (1110)                 LDR   R5 R3 #0
(33D0) 0404  0000010000000100 (1111)                 BRZ   CHECK_OVER
(33D1) 1261  0001001001100001 (1112)                 ADD   R1 R1 #1
(33D2) 66C0  0110011011000000 (1113)                 LDR   R3 R3 #0
(33D3) 16E2  0001011011100010 (1114)                 ADD   R3 R3 #2
(33D4) 0FFA  0000111111111010 (1115)                 BRNZP x33CF
(33D5) 2A18  0010101000011000 (1118) CHECK_OVER      LD    R5 NHEX16
(33D6) 1042  0001000001000010 (1119)                 ADD   R0 R1 R2
(33D7) 1B40  0001101101000000 (1120)                 ADD   R5 R5 R0
(33D8) 0401  0000010000000001 (1121)                 BRZ   WIN
(33D9) 0803  0000100000000011 (1122)                 BRN   N_OVER
(33DA) 5020  0101000000100000 (1124) WIN             AND   R0 R0 #0
(33DB) 1021  0001000000100001 (1125)                 ADD   R0 R0 #1
(33DC) 0E04  0000111000000100 (1126)                 BRNZP RST8
(33DD) 5020  0101000000100000 (1128) N_OVER          AND   R0 R0 #0
(33DE) 0E02  0000111000000010 (1129)                 BRNZP RST8
(33DF) 5020  0101000000100000 (1131) LOST            AND   R0 R0 #0
(33E0) 103F  0001000000111111 (1132)                 ADD   R0 R0 #-1
(33E1) 2407  0010010000000111 (1135) RST8            LD    R2 SAVE8R2
(33E2) 2607  0010011000000111 (1136)                 LD    R3 SAVE8R3
(33E3) 2A07  0010101000000111 (1137)                 LD    R5 SAVE8R5
(33E4) 2E01  0010111000000001 (1138)                 LD    R7 RET8
(33E5) C1C0  1100000111000000 (1139)                 RET   
(33E6) 0000  0000000000000000 (1142) RET8            .FILL x0000
(33E7) 0000  0000000000000000 (1143) SAVE8R0         .FILL x0000
(33E8) 0000  0000000000000000 (1144) SAVE8R1         .FILL x0000
(33E9) 0000  0000000000000000 (1145) SAVE8R2         .FILL x0000
(33EA) 0000  0000000000000000 (1146) SAVE8R3         .FILL x0000
(33EB) 0000  0000000000000000 (1147) SAVE8R5         .FILL x0000
(33EC) 6000  0110000000000000 (1147) HDR2            .FILL x6000
(33ED) 31FE  0011000111111110 (1148) ULL             .FILL x31FE
(33EE) FFF0  1111111111110000 (1149) NHEX16          .FILL xFFF0
(33EF) 3E3E  0011111000111110 (1168) GAME_OVER       ST    R7 RET9
(33F0) 323E  0011001000111110 (1169)                 ST    R1 SAVE9R1
(33F1) 343E  0011010000111110 (1170)                 ST    R2 SAVE9R2
(33F2) 363E  0011011000111110 (1171)                 ST    R3 SAVE9R3
(33F3) 1020  0001000000100000 (1173)                 ADD   R0 R0 #0
(33F4) 0201  0000001000000001 (1174)                 BRP   WON
(33F5) 080C  0000100000001100 (1175)                 BRN   LST
(33F6) E03B  1110000000111011 (1177) WON             LEA   R0 WIN_MSG
(33F7) F022  1111000000100010 (1178)                 TRAP  x22
(33F8) A1F3  1010000111110011 (1179)                 LDI   R0 HDR2
(33F9) 4D07  0100110100000111 (1180)                 JSR   LOAD_BOARD
(33FA) 4C9C  0100110010011100 (1181)                 JSR   DISPLAY_BOARD
(33FB) E06E  1110000001101110 (1182)                 LEA   R0 S_MSG
(33FC) F022  1111000000100010 (1183)                 TRAP  x22
(33FD) E07D  1110000001111101 (1184)                 LEA   R0 WINS
(33FE) F022  1111000000100010 (1185)                 TRAP  x22
(33FF) E07E  1110000001111110 (1186)                 LEA   R0 ETR1
(3400) F022  1111000000100010 (1187)                 TRAP  x22
(3401) 0E27  0000111000100111 (1188)                 BRNZP RST9
(3402) 5260  0101001001100000 (1194) LST             AND   R1 R1 #0
(3403) 25E9  0010010111101001 (1195)                 LD    R2 ULL
(3404) 6680  0110011010000000 (1196)                 LDR   R3 R2 #0
(3405) 0404  0000010000000100 (1197)                 BRZ   PRT_MSG
(3406) 1261  0001001001100001 (1198)                 ADD   R1 R1 #1
(3407) 6480  0110010010000000 (1199)                 LDR   R2 R2 #0
(3408) 14A2  0001010010100010 (1200)                 ADD   R2 R2 #2
(3409) 0FFA  0000111111111010 (1201)                 BRNZP x3404
(340A) 2675  0010011001110101 (1205) PRT_MSG         LD    R3 ACI
(340B) 1476  0001010001110110 (1206)                 ADD   R2 R1 #-10
(340C) 0810  0000100000010000 (1207)                 BRN   N_CONVERT
(340D) 12E1  0001001011100001 (1208)                 ADD   R1 R3 #1
(340E) 1483  0001010010000011 (1209)                 ADD   R2 R2 R3
(340F) E037  1110000000110111 (1210)                 LEA   R0 LST_MSG
(3410) F022  1111000000100010 (1211)                 TRAP  x22
(3411) A1DA  1010000111011010 (1212)                 LDI   R0 HDR2
(3412) 4CEE  0100110011101110 (1213)                 JSR   LOAD_BOARD
(3413) 4C83  0100110010000011 (1214)                 JSR   DISPLAY_BOARD
(3414) E055  1110000001010101 (1215)                 LEA   R0 S_MSG
(3415) F022  1111000000100010 (1216)                 TRAP  x22
(3416) 1060  0001000001100000 (1217)                 ADD   R0 R1 #0
(3417) F021  1111000000100001 (1218)                 TRAP  x21
(3418) 10A0  0001000010100000 (1219)                 ADD   R0 R2 #0
(3419) F021  1111000000100001 (1220)                 TRAP  x21
(341A) E063  1110000001100011 (1221)                 LEA   R0 ETR1
(341B) F022  1111000000100010 (1222)                 TRAP  x22
(341C) 0E0C  0000111000001100 (1223)                 BRNZP RST9
(341D) 1243  0001001001000011 (1226) N_CONVERT       ADD   R1 R1 R3
(341E) E028  1110000000101000 (1227)                 LEA   R0 LST_MSG
(341F) F022  1111000000100010 (1228)                 TRAP  x22
(3420) A1CB  1010000111001011 (1229)                 LDI   R0 HDR2
(3421) 4CDF  0100110011011111 (1230)                 JSR   LOAD_BOARD
(3422) 4C74  0100110001110100 (1231)                 JSR   DISPLAY_BOARD
(3423) E046  1110000001000110 (1232)                 LEA   R0 S_MSG
(3424) F022  1111000000100010 (1233)                 TRAP  x22
(3425) 1060  0001000001100000 (1234)                 ADD   R0 R1 #0
(3426) F021  1111000000100001 (1235)                 TRAP  x21
(3427) E056  1110000001010110 (1236)                 LEA   R0 ETR1
(3428) F022  1111000000100010 (1237)                 TRAP  x22
(3429) 2205  0010001000000101 (1239) RST9            LD    R1 SAVE9R1
(342A) 2405  0010010000000101 (1240)                 LD    R2 SAVE9R2
(342B) 2605  0010011000000101 (1241)                 LD    R3 SAVE9R3
(342C) 2E01  0010111000000001 (1242)                 LD    R7 RET9
(342D) C1C0  1100000111000000 (1243)                 RET   
(342E) 0000  0000000000000000 (1245) RET9            .FILL x0000
(342F) 0000  0000000000000000 (1246) SAVE9R1         .FILL x0000
(3430) 0000  0000000000000000 (1247) SAVE9R2         .FILL x0000
(3431) 0000  0000000000000000 (1248) SAVE9R3         .FILL x0000
(3432) 000A  0000000000001010 (1248) WIN_MSG         .FILL x000A
(3433) 0043  0000000001000011 (1248)                 .FILL x0043
(3434) 006F  0000000001101111 (1248)                 .FILL x006F
(3435) 006E  0000000001101110 (1248)                 .FILL x006E
(3436) 0067  0000000001100111 (1248)                 .FILL x0067
(3437) 0072  0000000001110010 (1248)                 .FILL x0072
(3438) 0061  0000000001100001 (1248)                 .FILL x0061
(3439) 0074  0000000001110100 (1248)                 .FILL x0074
(343A) 0073  0000000001110011 (1248)                 .FILL x0073
(343B) 002C  0000000000101100 (1248)                 .FILL x002C
(343C) 0020  0000000000100000 (1248)                 .FILL x0020
(343D) 0079  0000000001111001 (1248)                 .FILL x0079
(343E) 006F  0000000001101111 (1248)                 .FILL x006F
(343F) 0075  0000000001110101 (1248)                 .FILL x0075
(3440) 0020  0000000000100000 (1248)                 .FILL x0020
(3441) 0077  0000000001110111 (1248)                 .FILL x0077
(3442) 006F  0000000001101111 (1248)                 .FILL x006F
(3443) 006E  0000000001101110 (1248)                 .FILL x006E
(3444) 0021  0000000000100001 (1248)                 .FILL x0021
(3445) 000A  0000000000001010 (1248)                 .FILL x000A
(3446) 0000  0000000000000000 (1248)                 .FILL x0000
(3447) 000A  0000000000001010 (1249) LST_MSG         .FILL x000A
(3448) 0059  0000000001011001 (1249)                 .FILL x0059
(3449) 006F  0000000001101111 (1249)                 .FILL x006F
(344A) 0075  0000000001110101 (1249)                 .FILL x0075
(344B) 0020  0000000000100000 (1249)                 .FILL x0020
(344C) 006C  0000000001101100 (1249)                 .FILL x006C
(344D) 006F  0000000001101111 (1249)                 .FILL x006F
(344E) 0073  0000000001110011 (1249)                 .FILL x0073
(344F) 0074  0000000001110100 (1249)                 .FILL x0074
(3450) 0021  0000000000100001 (1249)                 .FILL x0021
(3451) 0020  0000000000100000 (1249)                 .FILL x0020
(3452) 0042  0000000001000010 (1249)                 .FILL x0042
(3453) 0065  0000000001100101 (1249)                 .FILL x0065
(3454) 0074  0000000001110100 (1249)                 .FILL x0074
(3455) 0074  0000000001110100 (1249)                 .FILL x0074
(3456) 0065  0000000001100101 (1249)                 .FILL x0065
(3457) 0072  0000000001110010 (1249)                 .FILL x0072
(3458) 0020  0000000000100000 (1249)                 .FILL x0020
(3459) 006C  0000000001101100 (1249)                 .FILL x006C
(345A) 0075  0000000001110101 (1249)                 .FILL x0075
(345B) 0063  0000000001100011 (1249)                 .FILL x0063
(345C) 006B  0000000001101011 (1249)                 .FILL x006B
(345D) 0020  0000000000100000 (1249)                 .FILL x0020
(345E) 006E  0000000001101110 (1249)                 .FILL x006E
(345F) 0065  0000000001100101 (1249)                 .FILL x0065
(3460) 0078  0000000001111000 (1249)                 .FILL x0078
(3461) 0074  0000000001110100 (1249)                 .FILL x0074
(3462) 0020  0000000000100000 (1249)                 .FILL x0020
(3463) 0074  0000000001110100 (1249)                 .FILL x0074
(3464) 0069  0000000001101001 (1249)                 .FILL x0069
(3465) 006D  0000000001101101 (1249)                 .FILL x006D
(3466) 0065  0000000001100101 (1249)                 .FILL x0065
(3467) 0021  0000000000100001 (1249)                 .FILL x0021
(3468) 000A  0000000000001010 (1249)                 .FILL x000A
(3469) 0000  0000000000000000 (1249)                 .FILL x0000
(346A) 000A  0000000000001010 (1250) S_MSG           .FILL x000A
(346B) 0059  0000000001011001 (1250)                 .FILL x0059
(346C) 006F  0000000001101111 (1250)                 .FILL x006F
(346D) 0075  0000000001110101 (1250)                 .FILL x0075
(346E) 0072  0000000001110010 (1250)                 .FILL x0072
(346F) 0020  0000000000100000 (1250)                 .FILL x0020
(3470) 0073  0000000001110011 (1250)                 .FILL x0073
(3471) 0063  0000000001100011 (1250)                 .FILL x0063
(3472) 006F  0000000001101111 (1250)                 .FILL x006F
(3473) 0072  0000000001110010 (1250)                 .FILL x0072
(3474) 0065  0000000001100101 (1250)                 .FILL x0065
(3475) 0020  0000000000100000 (1250)                 .FILL x0020
(3476) 0069  0000000001101001 (1250)                 .FILL x0069
(3477) 0073  0000000001110011 (1250)                 .FILL x0073
(3478) 003A  0000000000111010 (1250)                 .FILL x003A
(3479) 0020  0000000000100000 (1250)                 .FILL x0020
(347A) 0000  0000000000000000 (1250)                 .FILL x0000
(347B) 0039  0000000000111001 (1251) WINS            .FILL x0039
(347C) 0039  0000000000111001 (1251)                 .FILL x0039
(347D) 0000  0000000000000000 (1251)                 .FILL x0000
(347E) 000A  0000000000001010 (1252) ETR1            .FILL x000A
(347F) 0000  0000000000000000 (1252)                 .FILL x0000
(3480) 0030  0000000000110000 (1253) ACI             .FILL x0030
