(0000) 3000  0011000000000000 (  26)                 .ORIG x3000
(3000) 5020  0101000000100000 (  34)                 AND   R0 R0 #0
(3001) A29E  1010001010011110 (  35)                 LDI   R1 B
(3002) A49D  1010010010011101 (  36)                 LDI   R2 B
(3003) 0409  0000010000001001 (  37)                 BRZ   STEP2
(3004) 0204  0000001000000100 (  38)                 BRP   C_R2
(3005) 927F  1001001001111111 (  39)                 NOT   R1 R1
(3006) 94BF  1001010010111111 (  40)                 NOT   R2 R2
(3007) 1261  0001001001100001 (  41)                 ADD   R1 R1 #1
(3008) 14A1  0001010010100001 (  42)                 ADD   R2 R2 #1
(3009) 0C03  0000110000000011 (  43) C_R2            BRNZ  STEP2
(300A) 1001  0001000000000001 (  44)                 ADD   R0 R0 R1
(300B) 14BF  0001010010111111 (  45)                 ADD   R2 R2 #-1
(300C) 0FFC  0000111111111100 (  46)                 BRNZP C_R2
(300D) 5260  0101001001100000 (  56) STEP2           AND   R1 R1 #0
(300E) 5B60  0101101101100000 (  57)                 AND   R5 R5 #0
(300F) A48F  1010010010001111 (  59)                 LDI   R2 A
(3010) 0416  0000010000010110 (  60)                 BRZ   STEP3
(3011) 0203  0000001000000011 (  61)                 BRP   CHECK_C
(3012) 94BF  1001010010111111 (  62)                 NOT   R2 R2
(3013) 14A1  0001010010100001 (  63)                 ADD   R2 R2 #1
(3014) 1B61  0001101101100001 (  64)                 ADD   R5 R5 #1
(3015) A68B  1010011010001011 (  66) CHECK_C         LDI   R3 C
(3016) 0410  0000010000010000 (  67)                 BRZ   STEP3
(3017) 0203  0000001000000011 (  68)                 BRP   x301B
(3018) 96FF  1001011011111111 (  69)                 NOT   R3 R3
(3019) 16E1  0001011011100001 (  70)                 ADD   R3 R3 #1
(301A) 1B61  0001101101100001 (  71)                 ADD   R5 R5 #1
(301B) 5920  0101100100100000 (  73)                 AND   R4 R4 #0
(301C) 1922  0001100100100010 (  74)                 ADD   R4 R4 #2
(301D) 1242  0001001001000010 (  75) MULT1           ADD   R1 R1 R2
(301E) 16FF  0001011011111111 (  76)                 ADD   R3 R3 #-1
(301F) 03FD  0000001111111101 (  77)                 BRP   x301D
(3020) 1241  0001001001000001 (  79) MULT2           ADD   R1 R1 R1
(3021) 193F  0001100100111111 (  80)                 ADD   R4 R4 #-1
(3022) 03FD  0000001111111101 (  81)                 BRP   x3020
(3023) 1B7F  0001101101111111 (  83)                 ADD   R5 R5 #-1
(3024) 0A02  0000101000000010 (  84)                 BRNP  STEP3
(3025) 927F  1001001001111111 (  85)                 NOT   R1 R1
(3026) 1261  0001001001100001 (  86)                 ADD   R1 R1 #1
(3027) 967F  1001011001111111 (  95) STEP3           NOT   R3 R1
(3028) 16E1  0001011011100001 (  96)                 ADD   R3 R3 #1
(3029) 1403  0001010000000011 (  97)                 ADD   R2 R0 R3
(302A) 0805  0000100000000101 (  98)                 BRN   NO_S
(302B) 0411  0000010000010001 (  99)                 BRZ   ADD_S
(302C) 0206  0000001000000110 ( 100)                 BRP   S_ROOT
(302D) 5020  0101000000100000 ( 108)                 AND   R0 R0 #0
(302E) 5260  0101001001100000 ( 109)                 AND   R1 R1 #0
(302F) 5920  0101100100100000 ( 110)                 AND   R4 R4 #0
(3030) 5920  0101100100100000 ( 112) NO_S            AND   R4 R4 #0
(3031) B86D  1011100001101101 ( 113)                 STI   R4 A
(3032) 0E6B  0000111001101011 ( 114)                 BRNZP END
(3033) 5B60  0101101101100000 ( 127) S_ROOT          AND   R5 R5 #0
(3034) 56E0  0101011011100000 ( 128)                 AND   R3 R3 #0
(3035) 94BF  1001010010111111 ( 129)                 NOT   R2 R2
(3036) 14A1  0001010010100001 ( 130)                 ADD   R2 R2 #1
(3037) 1B61  0001101101100001 ( 131) GRT_E           ADD   R5 R5 #1
(3038) 1D45  0001110101000101 ( 132)                 ADD   R6 R5 R5
(3039) 1DBF  0001110110111111 ( 133)                 ADD   R6 R6 #-1
(303A) 16C6  0001011011000110 ( 134)                 ADD   R3 R3 R6
(303B) 1CC2  0001110011000010 ( 135)                 ADD   R6 R3 R2
(303C) 09FA  0000100111111010 ( 136)                 BRN   GRT_E
(303D) 5020  0101000000100000 ( 152) ADD_S           AND   R0 R0 #0
(303E) 5260  0101001001100000 ( 153)                 AND   R1 R1 #0
(303F) 56E0  0101011011100000 ( 154)                 AND   R3 R3 #0
(3040) A45F  1010010001011111 ( 155)                 LDI   R2 B
(3041) 94BF  1001010010111111 ( 156)                 NOT   R2 R2
(3042) 14A1  0001010010100001 ( 157)                 ADD   R2 R2 #1
(3043) A65B  1010011001011011 ( 158)                 LDI   R3 A
(3044) 16C3  0001011011000011 ( 159)                 ADD   R3 R3 R3
(3045) 96FF  1001011011111111 ( 160)                 NOT   R3 R3
(3046) 16E1  0001011011100001 ( 161)                 ADD   R3 R3 #1
(3047) B65A  1011011001011010 ( 162)                 STI   R3 N2A
(3048) 1B60  0001101101100000 ( 163)                 ADD   R5 R5 #0
(3049) 0401  0000010000000001 ( 164)                 BRZ   ONE_S
(304A) 0218  0000001000011000 ( 165)                 BRP   TWO_S
(304B) 5B60  0101101101100000 ( 168) ONE_S           AND   R5 R5 #0
(304C) 1921  0001100100100001 ( 169)                 ADD   R4 R4 #1
(304D) B851  1011100001010001 ( 170)                 STI   R4 A
(304E) 5920  0101100100100000 ( 171)                 AND   R4 R4 #0
(304F) 1E85  0001111010000101 ( 172)                 ADD   R7 R2 R5
(3050) 0444  0000010001000100 ( 174)                 BRZ   OUTPUT0
(3051) 0203  0000001000000011 ( 175)                 BRP   C_2A1
(3052) 9FFF  1001111111111111 ( 176)                 NOT   R7 R7
(3053) 1FE1  0001111111100001 ( 177)                 ADD   R7 R7 #1
(3054) 1921  0001100100100001 ( 178)                 ADD   R4 R4 #1
(3055) 16E0  0001011011100000 ( 179) C_2A1           ADD   R3 R3 #0
(3056) 0802  0000100000000010 ( 180)                 BRN   DIVIDE1
(3057) 96FF  1001011011111111 ( 181)                 NOT   R3 R3
(3058) 16E1  0001011011100001 ( 182)                 ADD   R3 R3 #1
(3059) 1FC3  0001111111000011 ( 184) DIVIDE1         ADD   R7 R7 R3
(305A) 1021  0001000000100001 ( 185)                 ADD   R0 R0 #1
(305B) 1FE0  0001111111100000 ( 186)                 ADD   R7 R7 #0
(305C) 0401  0000010000000001 ( 187)                 BRZ   C_SIGN
(305D) 03FB  0000001111111011 ( 188)                 BRP   DIVIDE1
(305E) 193F  0001100100111111 ( 190) C_SIGN          ADD   R4 R4 #-1
(305F) 0A35  0000101000110101 ( 191)                 BRNP  OUTPUT0
(3060) 903F  1001000000111111 ( 192)                 NOT   R0 R0
(3061) 1021  0001000000100001 ( 193)                 ADD   R0 R0 #1
(3062) 0E32  0000111000110010 ( 194)                 BRNZP OUTPUT0
(3063) 1922  0001100100100010 ( 197) TWO_S           ADD   R4 R4 #2
(3064) B83A  1011100000111010 ( 198)                 STI   R4 A
(3065) 5920  0101100100100000 ( 199)                 AND   R4 R4 #0
(3066) 1C85  0001110010000101 ( 200)                 ADD   R6 R2 R5
(3067) 9B7F  1001101101111111 ( 201)                 NOT   R5 R5
(3068) 1B61  0001101101100001 ( 202)                 ADD   R5 R5 #1
(3069) 1E85  0001111010000101 ( 203)                 ADD   R7 R2 R5
(306A) 0413  0000010000010011 ( 204)                 BRZ   C_LGR
(306B) 0203  0000001000000011 ( 205)                 BRP   C_2AS
(306C) 9FFF  1001111111111111 ( 206)                 NOT   R7 R7
(306D) 1FE1  0001111111100001 ( 207)                 ADD   R7 R7 #1
(306E) 1921  0001100100100001 ( 208)                 ADD   R4 R4 #1
(306F) 16E0  0001011011100000 ( 209) C_2AS           ADD   R3 R3 #0
(3070) 0803  0000100000000011 ( 210)                 BRN   DIVIDES
(3071) 96FF  1001011011111111 ( 211)                 NOT   R3 R3
(3072) 16E1  0001011011100001 ( 212)                 ADD   R3 R3 #1
(3073) 1921  0001100100100001 ( 213)                 ADD   R4 R4 #1
(3074) 1FC3  0001111111000011 ( 215) DIVIDES         ADD   R7 R7 R3
(3075) 1021  0001000000100001 ( 216)                 ADD   R0 R0 #1
(3076) 1FE0  0001111111100000 ( 217)                 ADD   R7 R7 #0
(3077) 0401  0000010000000001 ( 218)                 BRZ   C_SIGNS
(3078) 03FB  0000001111111011 ( 219)                 BRP   DIVIDES
(3079) 193F  0001100100111111 ( 221) C_SIGNS         ADD   R4 R4 #-1
(307A) 0A03  0000101000000011 ( 222)                 BRNP  C_LGR
(307B) 903F  1001000000111111 ( 223)                 NOT   R0 R0
(307C) 1021  0001000000100001 ( 224)                 ADD   R0 R0 #1
(307D) 0E00  0000111000000000 ( 225)                 BRNZP C_LGR
(307E) A623  1010011000100011 ( 227) C_LGR           LDI   R3 N2A
(307F) 5920  0101100100100000 ( 228)                 AND   R4 R4 #0
(3080) 1DA0  0001110110100000 ( 229)                 ADD   R6 R6 #0
(3081) 0416  0000010000010110 ( 230)                 BRZ   OUTPUT1
(3082) 0203  0000001000000011 ( 231)                 BRP   C_2AL
(3083) 9DBF  1001110110111111 ( 232)                 NOT   R6 R6
(3084) 1DA1  0001110110100001 ( 233)                 ADD   R6 R6 #1
(3085) 1921  0001100100100001 ( 234)                 ADD   R4 R4 #1
(3086) 16E0  0001011011100000 ( 235) C_2AL           ADD   R3 R3 #0
(3087) 0803  0000100000000011 ( 236)                 BRN   DIVIDEL
(3088) 96FF  1001011011111111 ( 237)                 NOT   R3 R3
(3089) 16E1  0001011011100001 ( 238)                 ADD   R3 R3 #1
(308A) 1921  0001100100100001 ( 239)                 ADD   R4 R4 #1
(308B) 1D83  0001110110000011 ( 241) DIVIDEL         ADD   R6 R6 R3
(308C) 1261  0001001001100001 ( 242)                 ADD   R1 R1 #1
(308D) 1DA0  0001110110100000 ( 243)                 ADD   R6 R6 #0
(308E) 0401  0000010000000001 ( 244)                 BRZ   C_SIGNL
(308F) 03FB  0000001111111011 ( 245)                 BRP   DIVIDEL
(3090) 193F  0001100100111111 ( 247) C_SIGNL         ADD   R4 R4 #-1
(3091) 0A06  0000101000000110 ( 248)                 BRNP  OUTPUT1
(3092) 927F  1001001001111111 ( 249)                 NOT   R1 R1
(3093) 1261  0001001001100001 ( 250)                 ADD   R1 R1 #1
(3094) 0E03  0000111000000011 ( 251)                 BRNZP OUTPUT1
(3095) B00A  1011000000001010 ( 255) OUTPUT0         STI   R0 B
(3096) B20A  1011001000001010 ( 256)                 STI   R1 C
(3097) 0E06  0000111000000110 ( 257)                 BRNZP END
(3098) 943F  1001010000111111 ( 259) OUTPUT1         NOT   R2 R0
(3099) 14A1  0001010010100001 ( 260)                 ADD   R2 R2 #1
(309A) 1442  0001010001000010 ( 261)                 ADD   R2 R1 R2
(309B) 03F9  0000001111111001 ( 262)                 BRP   OUTPUT0
(309C) B004  1011000000000100 ( 263)                 STI   R0 C
(309D) B202  1011001000000010 ( 264)                 STI   R1 B
(309E) F025  1111000000100101 ( 267) END             TRAP  x25
(309F) 4000  0100000000000000 ( 268) A               .FILL x4000
(30A0) 4001  0100000000000001 ( 269) B               .FILL x4001
(30A1) 4002  0100000000000010 ( 270) C               .FILL x4002
(30A2) 0000  0000000000000000 ( 273) N2A             .FILL x0000
