(0000) 3000  0011000000000000 (   9)                 .ORIG x3000
(3000) 2CA8  0010110010101000 (  11)                 LD    R6 SP
(3001) 22A8  0010001010101000 (  12)                 LD    R1 KBISR
(3002) B2A8  1011001010101000 (  13)                 STI   R1 KBISRV
(3003) 22A9  0010001010101001 (  14)                 LD    R1 ENINT
(3004) B2A7  1011001010100111 (  15)                 STI   R1 KBSR
(3005) 54A0  0101010010100000 (  16)                 AND   R2 R2 #0
(3006) E0A7  1110000010100111 (  27)                 LEA   R0 NAME
(3007) F022  1111000000100010 (  28)                 TRAP  x22
(3008) E0B7  1110000010110111 (  29)                 LEA   R0 EID
(3009) F022  1111000000100010 (  30)                 TRAP  x22
(300A) E0C3  1110000011000011 (  31)                 LEA   R0 DATE
(300B) F022  1111000000100010 (  32)                 TRAP  x22
(300C) E0D3  1110000011010011 (  33)                 LEA   R0 TITLE
(300D) F022  1111000000100010 (  34)                 TRAP  x22
(300E) E073  1110000001110011 (  35)                 LEA   R0 ETR
(300F) F022  1111000000100010 (  36)                 TRAP  x22
(3010) A096  1010000010010110 (  38) STATE0          LDI   R0 ST_C
(3011) 05FE  0000010111111110 (  39)                 BRZ   STATE0
(3012) F021  1111000000100001 (  40)                 TRAP  x21
(3013) B493  1011010010010011 (  41)                 STI   R2 ST_C
(3014) 2269  0010001001101001 (  42)                 LD    R1 NH_ONE
(3015) 1240  0001001001000000 (  43)                 ADD   R1 R1 R0
(3016) 0405  0000010000000101 (  44)                 BRZ   STATE1
(3017) A690  1010011010010000 (  45)                 LDI   R3 COUNTER
(3018) 2268  0010001001101000 (  46)                 LD    R1 NH16
(3019) 1243  0001001001000011 (  47)                 ADD   R1 R1 R3
(301A) 045B  0000010001011011 (  48)                 BRZ   DENIED
(301B) 0FF4  0000111111110100 (  49)                 BRNZP STATE0
(301C) A08A  1010000010001010 (  51) STATE1          LDI   R0 ST_C
(301D) 05FE  0000010111111110 (  52)                 BRZ   STATE1
(301E) F021  1111000000100001 (  53)                 TRAP  x21
(301F) B487  1011010010000111 (  54)                 STI   R2 ST_C
(3020) 225F  0010001001011111 (  55)                 LD    R1 NH_SIX
(3021) 1240  0001001001000000 (  56)                 ADD   R1 R1 R0
(3022) 0408  0000010000001000 (  57)                 BRZ   STATE2
(3023) 225A  0010001001011010 (  58)                 LD    R1 NH_ONE
(3024) 1240  0001001001000000 (  59)                 ADD   R1 R1 R0
(3025) 05F6  0000010111110110 (  60)                 BRZ   STATE1
(3026) A681  1010011010000001 (  61)                 LDI   R3 COUNTER
(3027) 2259  0010001001011001 (  62)                 LD    R1 NH16
(3028) 1243  0001001001000011 (  63)                 ADD   R1 R1 R3
(3029) 024C  0000001001001100 (  64)                 BRP   DENIED
(302A) 0FE5  0000111111100101 (  65)                 BRNZP STATE0
(302B) A07B  1010000001111011 (  67) STATE2          LDI   R0 ST_C
(302C) 05FE  0000010111111110 (  68)                 BRZ   STATE2
(302D) F021  1111000000100001 (  69)                 TRAP  x21
(302E) B478  1011010001111000 (  70)                 STI   R2 ST_C
(302F) 224E  0010001001001110 (  71)                 LD    R1 NH_ONE
(3030) 1240  0001001001000000 (  72)                 ADD   R1 R1 R0
(3031) 0405  0000010000000101 (  73)                 BRZ   STATE3
(3032) A675  1010011001110101 (  74)                 LDI   R3 COUNTER
(3033) 224D  0010001001001101 (  75)                 LD    R1 NH16
(3034) 1243  0001001001000011 (  76)                 ADD   R1 R1 R3
(3035) 0240  0000001001000000 (  77)                 BRP   DENIED
(3036) 0FD9  0000111111011001 (  78)                 BRNZP STATE0
(3037) A06F  1010000001101111 (  80) STATE3          LDI   R0 ST_C
(3038) 05FE  0000010111111110 (  81)                 BRZ   STATE3
(3039) F021  1111000000100001 (  82)                 TRAP  x21
(303A) B46C  1011010001101100 (  83)                 STI   R2 ST_C
(303B) 2242  0010001001000010 (  84)                 LD    R1 NH_ONE
(303C) 1240  0001001001000000 (  85)                 ADD   R1 R1 R0
(303D) 040B  0000010000001011 (  86)                 BRZ   STATE4A
(303E) 223E  0010001000111110 (  87)                 LD    R1 NH_ZERO
(303F) 1240  0001001001000000 (  88)                 ADD   R1 R1 R0
(3040) 041D  0000010000011101 (  89)                 BRZ   STATE4B
(3041) 223E  0010001000111110 (  90)                 LD    R1 NH_SIX
(3042) 1240  0001001001000000 (  91)                 ADD   R1 R1 R0
(3043) 05E7  0000010111100111 (  92)                 BRZ   STATE2
(3044) A663  1010011001100011 (  93)                 LDI   R3 COUNTER
(3045) 223B  0010001000111011 (  94)                 LD    R1 NH16
(3046) 1243  0001001001000011 (  95)                 ADD   R1 R1 R3
(3047) 022E  0000001000101110 (  96)                 BRP   DENIED
(3048) 0FC7  0000111111000111 (  97)                 BRNZP STATE0
(3049) A05D  1010000001011101 (  99) STATE4A         LDI   R0 ST_C
(304A) 05FE  0000010111111110 ( 100)                 BRZ   STATE4A
(304B) F021  1111000000100001 ( 101)                 TRAP  x21
(304C) B45A  1011010001011010 ( 102)                 STI   R2 ST_C
(304D) 2230  0010001000110000 ( 103)                 LD    R1 NH_ONE
(304E) 1240  0001001001000000 ( 104)                 ADD   R1 R1 R0
(304F) 05CC  0000010111001100 ( 105)                 BRZ   STATE1
(3050) 222C  0010001000101100 ( 106)                 LD    R1 NH_ZERO
(3051) 1240  0001001001000000 ( 107)                 ADD   R1 R1 R0
(3052) 041D  0000010000011101 ( 108)                 BRZ   STATE5
(3053) 222B  0010001000101011 ( 109)                 LD    R1 NH_FIVE
(3054) 1240  0001001001000000 ( 110)                 ADD   R1 R1 R0
(3055) 041A  0000010000011010 ( 111)                 BRZ   STATE5
(3056) 2229  0010001000101001 ( 112)                 LD    R1 NH_SIX
(3057) 1240  0001001001000000 ( 113)                 ADD   R1 R1 R0
(3058) 05D2  0000010111010010 ( 114)                 BRZ   STATE2
(3059) A64E  1010011001001110 ( 115)                 LDI   R3 COUNTER
(305A) 2226  0010001000100110 ( 116)                 LD    R1 NH16
(305B) 1243  0001001001000011 ( 117)                 ADD   R1 R1 R3
(305C) 0219  0000001000011001 ( 118)                 BRP   DENIED
(305D) 0FB2  0000111110110010 ( 119)                 BRNZP STATE0
(305E) A048  1010000001001000 ( 121) STATE4B         LDI   R0 ST_C
(305F) 05FE  0000010111111110 ( 122)                 BRZ   STATE4B
(3060) F021  1111000000100001 ( 123)                 TRAP  x21
(3061) B445  1011010001000101 ( 124)                 STI   R2 ST_C
(3062) 221B  0010001000011011 ( 125)                 LD    R1 NH_ONE
(3063) 1240  0001001001000000 ( 126)                 ADD   R1 R1 R0
(3064) 05B7  0000010110110111 ( 127)                 BRZ   STATE1
(3065) 2217  0010001000010111 ( 128)                 LD    R1 NH_ZERO
(3066) 1240  0001001001000000 ( 129)                 ADD   R1 R1 R0
(3067) 0408  0000010000001000 ( 130)                 BRZ   STATE5
(3068) 2216  0010001000010110 ( 131)                 LD    R1 NH_FIVE
(3069) 1240  0001001001000000 ( 132)                 ADD   R1 R1 R0
(306A) 0405  0000010000000101 ( 133)                 BRZ   STATE5
(306B) A63C  1010011000111100 ( 134)                 LDI   R3 COUNTER
(306C) 2214  0010001000010100 ( 135)                 LD    R1 NH16
(306D) 1243  0001001001000011 ( 136)                 ADD   R1 R1 R3
(306E) 0207  0000001000000111 ( 137)                 BRP   DENIED
(306F) 0FA0  0000111110100000 ( 138)                 BRNZP STATE0
(3070) E013  1110000000010011 ( 140) STATE5          LEA   R0 IN_MSG
(3071) F022  1111000000100010 ( 141)                 TRAP  x22
(3072) B435  1011010000110101 ( 142)                 STI   R2 COUNTER
(3073) E00E  1110000000001110 ( 143)                 LEA   R0 ETR
(3074) F022  1111000000100010 ( 144)                 TRAP  x22
(3075) 0F9A  0000111110011010 ( 145)                 BRNZP STATE0
(3076) E01F  1110000000011111 ( 147) DENIED          LEA   R0 OUT_MSG
(3077) F022  1111000000100010 ( 148)                 TRAP  x22
(3078) B42F  1011010000101111 ( 149)                 STI   R2 COUNTER
(3079) E008  1110000000001000 ( 150)                 LEA   R0 ETR
(307A) F022  1111000000100010 ( 151)                 TRAP  x22
(307B) 0F94  0000111110010100 ( 152)                 BRNZP STATE0
(307C) F025  1111000000100101 ( 154)                 TRAP  x25
(307D) FFD0  1111111111010000 ( 155) NH_ZERO         .FILL xFFD0
(307E) FFCF  1111111111001111 ( 156) NH_ONE          .FILL xFFCF
(307F) FFCB  1111111111001011 ( 157) NH_FIVE         .FILL xFFCB
(3080) FFCA  1111111111001010 ( 158) NH_SIX          .FILL xFFCA
(3081) FFF0  1111111111110000 ( 159) NH16            .FILL xFFF0
(3082) 000A  0000000000001010 ( 160) ETR             .FILL x000A
(3083) 0000  0000000000000000 ( 160)                 .FILL x0000
(3084) 000A  0000000000001010 ( 161) IN_MSG          .FILL x000A
(3085) 0041  0000000001000001 ( 161)                 .FILL x0041
(3086) 0063  0000000001100011 ( 161)                 .FILL x0063
(3087) 0063  0000000001100011 ( 161)                 .FILL x0063
(3088) 0065  0000000001100101 ( 161)                 .FILL x0065
(3089) 0073  0000000001110011 ( 161)                 .FILL x0073
(308A) 0073  0000000001110011 ( 161)                 .FILL x0073
(308B) 0020  0000000000100000 ( 161)                 .FILL x0020
(308C) 0047  0000000001000111 ( 161)                 .FILL x0047
(308D) 0072  0000000001110010 ( 161)                 .FILL x0072
(308E) 0061  0000000001100001 ( 161)                 .FILL x0061
(308F) 006E  0000000001101110 ( 161)                 .FILL x006E
(3090) 0074  0000000001110100 ( 161)                 .FILL x0074
(3091) 0065  0000000001100101 ( 161)                 .FILL x0065
(3092) 0064  0000000001100100 ( 161)                 .FILL x0064
(3093) 0021  0000000000100001 ( 161)                 .FILL x0021
(3094) 000A  0000000000001010 ( 161)                 .FILL x000A
(3095) 0000  0000000000000000 ( 161)                 .FILL x0000
(3096) 000A  0000000000001010 ( 162) OUT_MSG         .FILL x000A
(3097) 0041  0000000001000001 ( 162)                 .FILL x0041
(3098) 0063  0000000001100011 ( 162)                 .FILL x0063
(3099) 0063  0000000001100011 ( 162)                 .FILL x0063
(309A) 0065  0000000001100101 ( 162)                 .FILL x0065
(309B) 0073  0000000001110011 ( 162)                 .FILL x0073
(309C) 0073  0000000001110011 ( 162)                 .FILL x0073
(309D) 0020  0000000000100000 ( 162)                 .FILL x0020
(309E) 0044  0000000001000100 ( 162)                 .FILL x0044
(309F) 0065  0000000001100101 ( 162)                 .FILL x0065
(30A0) 006E  0000000001101110 ( 162)                 .FILL x006E
(30A1) 0069  0000000001101001 ( 162)                 .FILL x0069
(30A2) 0065  0000000001100101 ( 162)                 .FILL x0065
(30A3) 0064  0000000001100100 ( 162)                 .FILL x0064
(30A4) 0021  0000000000100001 ( 162)                 .FILL x0021
(30A5) 000A  0000000000001010 ( 162)                 .FILL x000A
(30A6) 0000  0000000000000000 ( 162)                 .FILL x0000
(30A7) 8000  1000000000000000 ( 163) ST_C            .FILL x8000
(30A8) 8001  1000000000000001 ( 164) COUNTER         .FILL x8001
(30A9) 3000  0011000000000000 ( 165) SP              .FILL x3000
(30AA) A000  1010000000000000 ( 166) KBISR           .FILL xA000
(30AB) 0180  0000000110000000 ( 167) KBISRV          .FILL x0180
(30AC) FE00  1111111000000000 ( 168) KBSR            .FILL xFE00
(30AD) 4000  0100000000000000 ( 169) ENINT           .FILL x4000
(30AE) 004E  0000000001001110 ( 170) NAME            .FILL x004E
(30AF) 0061  0000000001100001 ( 170)                 .FILL x0061
(30B0) 006D  0000000001101101 ( 170)                 .FILL x006D
(30B1) 0065  0000000001100101 ( 170)                 .FILL x0065
(30B2) 003A  0000000000111010 ( 170)                 .FILL x003A
(30B3) 0020  0000000000100000 ( 170)                 .FILL x0020
(30B4) 0059  0000000001011001 ( 170)                 .FILL x0059
(30B5) 006F  0000000001101111 ( 170)                 .FILL x006F
(30B6) 006E  0000000001101110 ( 170)                 .FILL x006E
(30B7) 0067  0000000001100111 ( 170)                 .FILL x0067
(30B8) 0079  0000000001111001 ( 170)                 .FILL x0079
(30B9) 0065  0000000001100101 ( 170)                 .FILL x0065
(30BA) 0020  0000000000100000 ( 170)                 .FILL x0020
(30BB) 005A  0000000001011010 ( 170)                 .FILL x005A
(30BC) 0068  0000000001101000 ( 170)                 .FILL x0068
(30BD) 0075  0000000001110101 ( 170)                 .FILL x0075
(30BE) 000A  0000000000001010 ( 170)                 .FILL x000A
(30BF) 0000  0000000000000000 ( 170)                 .FILL x0000
(30C0) 0045  0000000001000101 ( 171) EID             .FILL x0045
(30C1) 0049  0000000001001001 ( 171)                 .FILL x0049
(30C2) 0044  0000000001000100 ( 171)                 .FILL x0044
(30C3) 003A  0000000000111010 ( 171)                 .FILL x003A
(30C4) 0020  0000000000100000 ( 171)                 .FILL x0020
(30C5) 0079  0000000001111001 ( 171)                 .FILL x0079
(30C6) 007A  0000000001111010 ( 171)                 .FILL x007A
(30C7) 0032  0000000000110010 ( 171)                 .FILL x0032
(30C8) 0034  0000000000110100 ( 171)                 .FILL x0034
(30C9) 0034  0000000000110100 ( 171)                 .FILL x0034
(30CA) 0039  0000000000111001 ( 171)                 .FILL x0039
(30CB) 0033  0000000000110011 ( 171)                 .FILL x0033
(30CC) 000A  0000000000001010 ( 171)                 .FILL x000A
(30CD) 0000  0000000000000000 ( 171)                 .FILL x0000
(30CE) 0044  0000000001000100 ( 172) DATE            .FILL x0044
(30CF) 0061  0000000001100001 ( 172)                 .FILL x0061
(30D0) 0074  0000000001110100 ( 172)                 .FILL x0074
(30D1) 0065  0000000001100101 ( 172)                 .FILL x0065
(30D2) 003A  0000000000111010 ( 172)                 .FILL x003A
(30D3) 0020  0000000000100000 ( 172)                 .FILL x0020
(30D4) 0031  0000000000110001 ( 172)                 .FILL x0031
(30D5) 0032  0000000000110010 ( 172)                 .FILL x0032
(30D6) 002F  0000000000101111 ( 172)                 .FILL x002F
(30D7) 0030  0000000000110000 ( 172)                 .FILL x0030
(30D8) 0036  0000000000110110 ( 172)                 .FILL x0036
(30D9) 002F  0000000000101111 ( 172)                 .FILL x002F
(30DA) 0032  0000000000110010 ( 172)                 .FILL x0032
(30DB) 0030  0000000000110000 ( 172)                 .FILL x0030
(30DC) 0031  0000000000110001 ( 172)                 .FILL x0031
(30DD) 0038  0000000000111000 ( 172)                 .FILL x0038
(30DE) 000A  0000000000001010 ( 172)                 .FILL x000A
(30DF) 0000  0000000000000000 ( 172)                 .FILL x0000
(30E0) 0054  0000000001010100 ( 173) TITLE           .FILL x0054
(30E1) 0069  0000000001101001 ( 173)                 .FILL x0069
(30E2) 0074  0000000001110100 ( 173)                 .FILL x0074
(30E3) 006C  0000000001101100 ( 173)                 .FILL x006C
(30E4) 0065  0000000001100101 ( 173)                 .FILL x0065
(30E5) 003A  0000000000111010 ( 173)                 .FILL x003A
(30E6) 0020  0000000000100000 ( 173)                 .FILL x0020
(30E7) 0049  0000000001001001 ( 173)                 .FILL x0049
(30E8) 0044  0000000001000100 ( 173)                 .FILL x0044
(30E9) 0020  0000000000100000 ( 173)                 .FILL x0020
(30EA) 0043  0000000001000011 ( 173)                 .FILL x0043
(30EB) 0061  0000000001100001 ( 173)                 .FILL x0061
(30EC) 0072  0000000001110010 ( 173)                 .FILL x0072
(30ED) 0064  0000000001100100 ( 173)                 .FILL x0064
(30EE) 0020  0000000000100000 ( 173)                 .FILL x0020
(30EF) 0044  0000000001000100 ( 173)                 .FILL x0044
(30F0) 0061  0000000001100001 ( 173)                 .FILL x0061
(30F1) 0074  0000000001110100 ( 173)                 .FILL x0074
(30F2) 0061  0000000001100001 ( 173)                 .FILL x0061
(30F3) 0020  0000000000100000 ( 173)                 .FILL x0020
(30F4) 0050  0000000001010000 ( 173)                 .FILL x0050
(30F5) 0061  0000000001100001 ( 173)                 .FILL x0061
(30F6) 0072  0000000001110010 ( 173)                 .FILL x0072
(30F7) 0073  0000000001110011 ( 173)                 .FILL x0073
(30F8) 0065  0000000001100101 ( 173)                 .FILL x0065
(30F9) 0072  0000000001110010 ( 173)                 .FILL x0072
(30FA) 000A  0000000000001010 ( 173)                 .FILL x000A
(30FB) 0000  0000000000000000 ( 173)                 .FILL x0000
(30FC) 003A  0000000000111010 ( 174) STICKER         .FILL x003A
(30FD) 0029  0000000000101001 ( 174)                 .FILL x0029
(30FE) 007E  0000000001111110 ( 174)                 .FILL x007E
(30FF) 007E  0000000001111110 ( 174)                 .FILL x007E
(3100) 007E  0000000001111110 ( 174)                 .FILL x007E
(3101) 007E  0000000001111110 ( 174)                 .FILL x007E
(3102) 007E  0000000001111110 ( 174)                 .FILL x007E
(3103) 007E  0000000001111110 ( 174)                 .FILL x007E
(3104) 007E  0000000001111110 ( 174)                 .FILL x007E
(3105) 007E  0000000001111110 ( 174)                 .FILL x007E
(3106) 007E  0000000001111110 ( 174)                 .FILL x007E
(3107) 007E  0000000001111110 ( 174)                 .FILL x007E
(3108) 007E  0000000001111110 ( 174)                 .FILL x007E
(3109) 000A  0000000000001010 ( 174)                 .FILL x000A
(310A) 0000  0000000000000000 ( 174)                 .FILL x0000
