(0000) 3000  0011000000000000 (   9)                 .ORIG x3000
(3000) 2CD9  0010110011011001 (  11)                 LD    R6 SP
(3001) 22D9  0010001011011001 (  12)                 LD    R1 KBISR
(3002) B2D9  1011001011011001 (  13)                 STI   R1 KBISRV
(3003) 22DA  0010001011011010 (  14)                 LD    R1 ENINT
(3004) B2D8  1011001011011000 (  15)                 STI   R1 KBSR
(3005) 54A0  0101010010100000 (  16)                 AND   R2 R2 #0
(3006) E0D8  1110000011011000 (  27)                 LEA   R0 NAME
(3007) F022  1111000000100010 (  28)                 TRAP  x22
(3008) E0E8  1110000011101000 (  29)                 LEA   R0 EID
(3009) F022  1111000000100010 (  30)                 TRAP  x22
(300A) E0F4  1110000011110100 (  31)                 LEA   R0 DATE
(300B) F022  1111000000100010 (  32)                 TRAP  x22
(300C) 2014  0010000000010100 (  33)                 LD    R0 ADD_TITLE
(300D) F022  1111000000100010 (  34)                 TRAP  x22
(300E) E0A4  1110000010100100 (  35)                 LEA   R0 ETR
(300F) F022  1111000000100010 (  36)                 TRAP  x22
(3010) A0C7  1010000011000111 (  38) STATE0          LDI   R0 ST_C
(3011) 05FE  0000010111111110 (  39)                 BRZ   STATE0
(3012) F021  1111000000100001 (  40)                 TRAP  x21
(3013) B4C4  1011010011000100 (  41)                 STI   R2 ST_C
(3014) 229A  0010001010011010 (  42)                 LD    R1 NH_ONE
(3015) 1240  0001001001000000 (  43)                 ADD   R1 R1 R0
(3016) 040B  0000010000001011 (  44)                 BRZ   STATE1
(3017) A6C1  1010011011000001 (  45)                 LDI   R3 COUNTER
(3018) 2299  0010001010011001 (  46)                 LD    R1 NH16
(3019) 1243  0001001001000011 (  47)                 ADD   R1 R1 R3
(301A) 0461  0000010001100001 (  48)                 BRZ   DENIED
(301B) 2281  0010001010000001 (  49)                 LD    R1 FINISHED
(301C) 927F  1001001001111111 (  50)                 NOT   R1 R1
(301D) 1261  0001001001100001 (  51)                 ADD   R1 R1 #1
(301E) 1240  0001001001000000 (  52)                 ADD   R1 R1 R0
(301F) 0462  0000010001100010 (  53)                 BRZ   FINISH
(3020) 0FEF  0000111111101111 (  54)                 BRNZP STATE0
(3021) 3111  0011000100010001 (  56) ADD_TITLE       .FILL x3111
(3022) A0B5  1010000010110101 (  58) STATE1          LDI   R0 ST_C
(3023) 05FE  0000010111111110 (  59)                 BRZ   STATE1
(3024) F021  1111000000100001 (  60)                 TRAP  x21
(3025) B4B2  1011010010110010 (  61)                 STI   R2 ST_C
(3026) 228A  0010001010001010 (  62)                 LD    R1 NH_SIX
(3027) 1240  0001001001000000 (  63)                 ADD   R1 R1 R0
(3028) 0408  0000010000001000 (  64)                 BRZ   STATE2
(3029) 2285  0010001010000101 (  65)                 LD    R1 NH_ONE
(302A) 1240  0001001001000000 (  66)                 ADD   R1 R1 R0
(302B) 05F6  0000010111110110 (  67)                 BRZ   STATE1
(302C) A6AC  1010011010101100 (  68)                 LDI   R3 COUNTER
(302D) 2284  0010001010000100 (  69)                 LD    R1 NH16
(302E) 1243  0001001001000011 (  70)                 ADD   R1 R1 R3
(302F) 024C  0000001001001100 (  71)                 BRP   DENIED
(3030) 0FDF  0000111111011111 (  72)                 BRNZP STATE0
(3031) A0A6  1010000010100110 (  74) STATE2          LDI   R0 ST_C
(3032) 05FE  0000010111111110 (  75)                 BRZ   STATE2
(3033) F021  1111000000100001 (  76)                 TRAP  x21
(3034) B4A3  1011010010100011 (  77)                 STI   R2 ST_C
(3035) 2279  0010001001111001 (  78)                 LD    R1 NH_ONE
(3036) 1240  0001001001000000 (  79)                 ADD   R1 R1 R0
(3037) 0405  0000010000000101 (  80)                 BRZ   STATE3
(3038) A6A0  1010011010100000 (  81)                 LDI   R3 COUNTER
(3039) 2278  0010001001111000 (  82)                 LD    R1 NH16
(303A) 1243  0001001001000011 (  83)                 ADD   R1 R1 R3
(303B) 0240  0000001001000000 (  84)                 BRP   DENIED
(303C) 0FD3  0000111111010011 (  85)                 BRNZP STATE0
(303D) A09A  1010000010011010 (  87) STATE3          LDI   R0 ST_C
(303E) 05FE  0000010111111110 (  88)                 BRZ   STATE3
(303F) F021  1111000000100001 (  89)                 TRAP  x21
(3040) B497  1011010010010111 (  90)                 STI   R2 ST_C
(3041) 226D  0010001001101101 (  91)                 LD    R1 NH_ONE
(3042) 1240  0001001001000000 (  92)                 ADD   R1 R1 R0
(3043) 040B  0000010000001011 (  93)                 BRZ   STATE4A
(3044) 2269  0010001001101001 (  94)                 LD    R1 NH_ZERO
(3045) 1240  0001001001000000 (  95)                 ADD   R1 R1 R0
(3046) 041D  0000010000011101 (  96)                 BRZ   STATE4B
(3047) 2269  0010001001101001 (  97)                 LD    R1 NH_SIX
(3048) 1240  0001001001000000 (  98)                 ADD   R1 R1 R0
(3049) 05E7  0000010111100111 (  99)                 BRZ   STATE2
(304A) A68E  1010011010001110 ( 100)                 LDI   R3 COUNTER
(304B) 2266  0010001001100110 ( 101)                 LD    R1 NH16
(304C) 1243  0001001001000011 ( 102)                 ADD   R1 R1 R3
(304D) 022E  0000001000101110 ( 103)                 BRP   DENIED
(304E) 0FC1  0000111111000001 ( 104)                 BRNZP STATE0
(304F) A088  1010000010001000 ( 106) STATE4A         LDI   R0 ST_C
(3050) 05FE  0000010111111110 ( 107)                 BRZ   STATE4A
(3051) F021  1111000000100001 ( 108)                 TRAP  x21
(3052) B485  1011010010000101 ( 109)                 STI   R2 ST_C
(3053) 225B  0010001001011011 ( 110)                 LD    R1 NH_ONE
(3054) 1240  0001001001000000 ( 111)                 ADD   R1 R1 R0
(3055) 05CC  0000010111001100 ( 112)                 BRZ   STATE1
(3056) 2257  0010001001010111 ( 113)                 LD    R1 NH_ZERO
(3057) 1240  0001001001000000 ( 114)                 ADD   R1 R1 R0
(3058) 041D  0000010000011101 ( 115)                 BRZ   STATE5
(3059) 2256  0010001001010110 ( 116)                 LD    R1 NH_FIVE
(305A) 1240  0001001001000000 ( 117)                 ADD   R1 R1 R0
(305B) 041A  0000010000011010 ( 118)                 BRZ   STATE5
(305C) 2254  0010001001010100 ( 119)                 LD    R1 NH_SIX
(305D) 1240  0001001001000000 ( 120)                 ADD   R1 R1 R0
(305E) 05D2  0000010111010010 ( 121)                 BRZ   STATE2
(305F) A679  1010011001111001 ( 122)                 LDI   R3 COUNTER
(3060) 2251  0010001001010001 ( 123)                 LD    R1 NH16
(3061) 1243  0001001001000011 ( 124)                 ADD   R1 R1 R3
(3062) 0219  0000001000011001 ( 125)                 BRP   DENIED
(3063) 0FAC  0000111110101100 ( 126)                 BRNZP STATE0
(3064) A073  1010000001110011 ( 128) STATE4B         LDI   R0 ST_C
(3065) 05FE  0000010111111110 ( 129)                 BRZ   STATE4B
(3066) F021  1111000000100001 ( 130)                 TRAP  x21
(3067) B470  1011010001110000 ( 131)                 STI   R2 ST_C
(3068) 2246  0010001001000110 ( 132)                 LD    R1 NH_ONE
(3069) 1240  0001001001000000 ( 133)                 ADD   R1 R1 R0
(306A) 05B7  0000010110110111 ( 134)                 BRZ   STATE1
(306B) 2242  0010001001000010 ( 135)                 LD    R1 NH_ZERO
(306C) 1240  0001001001000000 ( 136)                 ADD   R1 R1 R0
(306D) 0408  0000010000001000 ( 137)                 BRZ   STATE5
(306E) 2241  0010001001000001 ( 138)                 LD    R1 NH_FIVE
(306F) 1240  0001001001000000 ( 139)                 ADD   R1 R1 R0
(3070) 0405  0000010000000101 ( 140)                 BRZ   STATE5
(3071) A667  1010011001100111 ( 141)                 LDI   R3 COUNTER
(3072) 223F  0010001000111111 ( 142)                 LD    R1 NH16
(3073) 1243  0001001001000011 ( 143)                 ADD   R1 R1 R3
(3074) 0207  0000001000000111 ( 144)                 BRP   DENIED
(3075) 0F9A  0000111110011010 ( 145)                 BRNZP STATE0
(3076) E03E  1110000000111110 ( 147) STATE5          LEA   R0 IN_MSG
(3077) F022  1111000000100010 ( 148)                 TRAP  x22
(3078) B460  1011010001100000 ( 149)                 STI   R2 COUNTER
(3079) E039  1110000000111001 ( 150)                 LEA   R0 ETR
(307A) F022  1111000000100010 ( 151)                 TRAP  x22
(307B) 0F94  0000111110010100 ( 152)                 BRNZP STATE0
(307C) E04A  1110000001001010 ( 154) DENIED          LEA   R0 OUT_MSG
(307D) F022  1111000000100010 ( 155)                 TRAP  x22
(307E) B45A  1011010001011010 ( 156)                 STI   R2 COUNTER
(307F) E033  1110000000110011 ( 157)                 LEA   R0 ETR
(3080) F022  1111000000100010 ( 158)                 TRAP  x22
(3081) 0F8E  0000111110001110 ( 159)                 BRNZP STATE0
(3082) A055  1010000001010101 ( 169) FINISH          LDI   R0 ST_C
(3083) 05FE  0000010111111110 ( 170)                 BRZ   FINISH
(3084) F021  1111000000100001 ( 171)                 TRAP  x21
(3085) B452  1011010001010010 ( 172)                 STI   R2 ST_C
(3086) E816  1110100000010110 ( 173)                 LEA   R4 FINISHED
(3087) 193F  0001100100111111 ( 174)                 ADD   R4 R4 #-1
(3088) A650  1010011001010000 ( 175)                 LDI   R3 COUNTER
(3089) 1903  0001100100000011 ( 176)                 ADD   R4 R4 R3
(308A) 6300  0110001100000000 ( 177)                 LDR   R1 R4 #0
(308B) 927F  1001001001111111 ( 178)                 NOT   R1 R1
(308C) 1261  0001001001100001 ( 179)                 ADD   R1 R1 #1
(308D) 1240  0001001001000000 ( 180)                 ADD   R1 R1 R0
(308E) 0B81  0000101110000001 ( 181)                 BRNP  STATE0
(308F) 2222  0010001000100010 ( 182)                 LD    R1 NH16
(3090) 1243  0001001001000011 ( 183)                 ADD   R1 R1 R3
(3091) 0BF0  0000101111110000 ( 184)                 BRNP  FINISH
(3092) E034  1110000000110100 ( 185)                 LEA   R0 OUT_MSG
(3093) F022  1111000000100010 ( 186)                 TRAP  x22
(3094) E01E  1110000000011110 ( 187)                 LEA   R0 ETR
(3095) F022  1111000000100010 ( 188)                 TRAP  x22
(3096) E096  1110000010010110 ( 189)                 LEA   R0 STICKER
(3097) F022  1111000000100010 ( 190)                 TRAP  x22
(3098) E01A  1110000000011010 ( 191)                 LEA   R0 ETR
(3099) F022  1111000000100010 ( 192)                 TRAP  x22
(309A) B43E  1011010000111110 ( 193)                 STI   R2 COUNTER
(309B) 0F74  0000111101110100 ( 194)                 BRNZP STATE0
(309C) F025  1111000000100101 ( 196)                 TRAP  x25
(309D) 0066  0000000001100110 ( 197) FINISHED        .FILL x0066
(309E) 0069  0000000001101001 ( 197)                 .FILL x0069
(309F) 006E  0000000001101110 ( 197)                 .FILL x006E
(30A0) 0069  0000000001101001 ( 197)                 .FILL x0069
(30A1) 0073  0000000001110011 ( 197)                 .FILL x0073
(30A2) 0068  0000000001101000 ( 197)                 .FILL x0068
(30A3) 0065  0000000001100101 ( 197)                 .FILL x0065
(30A4) 0064  0000000001100100 ( 197)                 .FILL x0064
(30A5) 0074  0000000001110100 ( 197)                 .FILL x0074
(30A6) 0065  0000000001100101 ( 197)                 .FILL x0065
(30A7) 0073  0000000001110011 ( 197)                 .FILL x0073
(30A8) 0074  0000000001110100 ( 197)                 .FILL x0074
(30A9) 0069  0000000001101001 ( 197)                 .FILL x0069
(30AA) 006E  0000000001101110 ( 197)                 .FILL x006E
(30AB) 0067  0000000001100111 ( 197)                 .FILL x0067
(30AC) 0020  0000000000100000 ( 197)                 .FILL x0020
(30AD) 0000  0000000000000000 ( 197)                 .FILL x0000
(30AE) FFD0  1111111111010000 ( 198) NH_ZERO         .FILL xFFD0
(30AF) FFCF  1111111111001111 ( 199) NH_ONE          .FILL xFFCF
(30B0) FFCB  1111111111001011 ( 200) NH_FIVE         .FILL xFFCB
(30B1) FFCA  1111111111001010 ( 201) NH_SIX          .FILL xFFCA
(30B2) FFF0  1111111111110000 ( 202) NH16            .FILL xFFF0
(30B3) 000A  0000000000001010 ( 203) ETR             .FILL x000A
(30B4) 0000  0000000000000000 ( 203)                 .FILL x0000
(30B5) 000A  0000000000001010 ( 204) IN_MSG          .FILL x000A
(30B6) 0041  0000000001000001 ( 204)                 .FILL x0041
(30B7) 0063  0000000001100011 ( 204)                 .FILL x0063
(30B8) 0063  0000000001100011 ( 204)                 .FILL x0063
(30B9) 0065  0000000001100101 ( 204)                 .FILL x0065
(30BA) 0073  0000000001110011 ( 204)                 .FILL x0073
(30BB) 0073  0000000001110011 ( 204)                 .FILL x0073
(30BC) 0020  0000000000100000 ( 204)                 .FILL x0020
(30BD) 0047  0000000001000111 ( 204)                 .FILL x0047
(30BE) 0072  0000000001110010 ( 204)                 .FILL x0072
(30BF) 0061  0000000001100001 ( 204)                 .FILL x0061
(30C0) 006E  0000000001101110 ( 204)                 .FILL x006E
(30C1) 0074  0000000001110100 ( 204)                 .FILL x0074
(30C2) 0065  0000000001100101 ( 204)                 .FILL x0065
(30C3) 0064  0000000001100100 ( 204)                 .FILL x0064
(30C4) 0021  0000000000100001 ( 204)                 .FILL x0021
(30C5) 000A  0000000000001010 ( 204)                 .FILL x000A
(30C6) 0000  0000000000000000 ( 204)                 .FILL x0000
(30C7) 000A  0000000000001010 ( 205) OUT_MSG         .FILL x000A
(30C8) 0041  0000000001000001 ( 205)                 .FILL x0041
(30C9) 0063  0000000001100011 ( 205)                 .FILL x0063
(30CA) 0063  0000000001100011 ( 205)                 .FILL x0063
(30CB) 0065  0000000001100101 ( 205)                 .FILL x0065
(30CC) 0073  0000000001110011 ( 205)                 .FILL x0073
(30CD) 0073  0000000001110011 ( 205)                 .FILL x0073
(30CE) 0020  0000000000100000 ( 205)                 .FILL x0020
(30CF) 0044  0000000001000100 ( 205)                 .FILL x0044
(30D0) 0065  0000000001100101 ( 205)                 .FILL x0065
(30D1) 006E  0000000001101110 ( 205)                 .FILL x006E
(30D2) 0069  0000000001101001 ( 205)                 .FILL x0069
(30D3) 0065  0000000001100101 ( 205)                 .FILL x0065
(30D4) 0064  0000000001100100 ( 205)                 .FILL x0064
(30D5) 0021  0000000000100001 ( 205)                 .FILL x0021
(30D6) 000A  0000000000001010 ( 205)                 .FILL x000A
(30D7) 0000  0000000000000000 ( 205)                 .FILL x0000
(30D8) 8000  1000000000000000 ( 206) ST_C            .FILL x8000
(30D9) 8001  1000000000000001 ( 207) COUNTER         .FILL x8001
(30DA) 3000  0011000000000000 ( 208) SP              .FILL x3000
(30DB) A000  1010000000000000 ( 209) KBISR           .FILL xA000
(30DC) 0180  0000000110000000 ( 210) KBISRV          .FILL x0180
(30DD) FE00  1111111000000000 ( 211) KBSR            .FILL xFE00
(30DE) 4000  0100000000000000 ( 212) ENINT           .FILL x4000
(30DF) 004E  0000000001001110 ( 213) NAME            .FILL x004E
(30E0) 0061  0000000001100001 ( 213)                 .FILL x0061
(30E1) 006D  0000000001101101 ( 213)                 .FILL x006D
(30E2) 0065  0000000001100101 ( 213)                 .FILL x0065
(30E3) 003A  0000000000111010 ( 213)                 .FILL x003A
(30E4) 0020  0000000000100000 ( 213)                 .FILL x0020
(30E5) 0059  0000000001011001 ( 213)                 .FILL x0059
(30E6) 006F  0000000001101111 ( 213)                 .FILL x006F
(30E7) 006E  0000000001101110 ( 213)                 .FILL x006E
(30E8) 0067  0000000001100111 ( 213)                 .FILL x0067
(30E9) 0079  0000000001111001 ( 213)                 .FILL x0079
(30EA) 0065  0000000001100101 ( 213)                 .FILL x0065
(30EB) 0020  0000000000100000 ( 213)                 .FILL x0020
(30EC) 005A  0000000001011010 ( 213)                 .FILL x005A
(30ED) 0068  0000000001101000 ( 213)                 .FILL x0068
(30EE) 0075  0000000001110101 ( 213)                 .FILL x0075
(30EF) 000A  0000000000001010 ( 213)                 .FILL x000A
(30F0) 0000  0000000000000000 ( 213)                 .FILL x0000
(30F1) 0045  0000000001000101 ( 214) EID             .FILL x0045
(30F2) 0049  0000000001001001 ( 214)                 .FILL x0049
(30F3) 0044  0000000001000100 ( 214)                 .FILL x0044
(30F4) 003A  0000000000111010 ( 214)                 .FILL x003A
(30F5) 0020  0000000000100000 ( 214)                 .FILL x0020
(30F6) 0079  0000000001111001 ( 214)                 .FILL x0079
(30F7) 007A  0000000001111010 ( 214)                 .FILL x007A
(30F8) 0032  0000000000110010 ( 214)                 .FILL x0032
(30F9) 0034  0000000000110100 ( 214)                 .FILL x0034
(30FA) 0034  0000000000110100 ( 214)                 .FILL x0034
(30FB) 0039  0000000000111001 ( 214)                 .FILL x0039
(30FC) 0033  0000000000110011 ( 214)                 .FILL x0033
(30FD) 000A  0000000000001010 ( 214)                 .FILL x000A
(30FE) 0000  0000000000000000 ( 214)                 .FILL x0000
(30FF) 0044  0000000001000100 ( 215) DATE            .FILL x0044
(3100) 0061  0000000001100001 ( 215)                 .FILL x0061
(3101) 0074  0000000001110100 ( 215)                 .FILL x0074
(3102) 0065  0000000001100101 ( 215)                 .FILL x0065
(3103) 003A  0000000000111010 ( 215)                 .FILL x003A
(3104) 0020  0000000000100000 ( 215)                 .FILL x0020
(3105) 0031  0000000000110001 ( 215)                 .FILL x0031
(3106) 0032  0000000000110010 ( 215)                 .FILL x0032
(3107) 002F  0000000000101111 ( 215)                 .FILL x002F
(3108) 0030  0000000000110000 ( 215)                 .FILL x0030
(3109) 0036  0000000000110110 ( 215)                 .FILL x0036
(310A) 002F  0000000000101111 ( 215)                 .FILL x002F
(310B) 0032  0000000000110010 ( 215)                 .FILL x0032
(310C) 0030  0000000000110000 ( 215)                 .FILL x0030
(310D) 0031  0000000000110001 ( 215)                 .FILL x0031
(310E) 0038  0000000000111000 ( 215)                 .FILL x0038
(310F) 000A  0000000000001010 ( 215)                 .FILL x000A
(3110) 0000  0000000000000000 ( 215)                 .FILL x0000
(3111) 0054  0000000001010100 ( 216) TITLE           .FILL x0054
(3112) 0069  0000000001101001 ( 216)                 .FILL x0069
(3113) 0074  0000000001110100 ( 216)                 .FILL x0074
(3114) 006C  0000000001101100 ( 216)                 .FILL x006C
(3115) 0065  0000000001100101 ( 216)                 .FILL x0065
(3116) 003A  0000000000111010 ( 216)                 .FILL x003A
(3117) 0020  0000000000100000 ( 216)                 .FILL x0020
(3118) 0049  0000000001001001 ( 216)                 .FILL x0049
(3119) 0044  0000000001000100 ( 216)                 .FILL x0044
(311A) 0020  0000000000100000 ( 216)                 .FILL x0020
(311B) 0043  0000000001000011 ( 216)                 .FILL x0043
(311C) 0061  0000000001100001 ( 216)                 .FILL x0061
(311D) 0072  0000000001110010 ( 216)                 .FILL x0072
(311E) 0064  0000000001100100 ( 216)                 .FILL x0064
(311F) 0020  0000000000100000 ( 216)                 .FILL x0020
(3120) 0044  0000000001000100 ( 216)                 .FILL x0044
(3121) 0061  0000000001100001 ( 216)                 .FILL x0061
(3122) 0074  0000000001110100 ( 216)                 .FILL x0074
(3123) 0061  0000000001100001 ( 216)                 .FILL x0061
(3124) 0020  0000000000100000 ( 216)                 .FILL x0020
(3125) 0050  0000000001010000 ( 216)                 .FILL x0050
(3126) 0061  0000000001100001 ( 216)                 .FILL x0061
(3127) 0072  0000000001110010 ( 216)                 .FILL x0072
(3128) 0073  0000000001110011 ( 216)                 .FILL x0073
(3129) 0065  0000000001100101 ( 216)                 .FILL x0065
(312A) 0072  0000000001110010 ( 216)                 .FILL x0072
(312B) 000A  0000000000001010 ( 216)                 .FILL x000A
(312C) 0000  0000000000000000 ( 216)                 .FILL x0000
(312D) 003A  0000000000111010 ( 217) STICKER         .FILL x003A
(312E) 0029  0000000000101001 ( 217)                 .FILL x0029
(312F) 007E  0000000001111110 ( 217)                 .FILL x007E
(3130) 007E  0000000001111110 ( 217)                 .FILL x007E
(3131) 007E  0000000001111110 ( 217)                 .FILL x007E
(3132) 007E  0000000001111110 ( 217)                 .FILL x007E
(3133) 007E  0000000001111110 ( 217)                 .FILL x007E
(3134) 007E  0000000001111110 ( 217)                 .FILL x007E
(3135) 007E  0000000001111110 ( 217)                 .FILL x007E
(3136) 007E  0000000001111110 ( 217)                 .FILL x007E
(3137) 007E  0000000001111110 ( 217)                 .FILL x007E
(3138) 007E  0000000001111110 ( 217)                 .FILL x007E
(3139) 007E  0000000001111110 ( 217)                 .FILL x007E
(313A) 000A  0000000000001010 ( 217)                 .FILL x000A
(313B) 0000  0000000000000000 ( 217)                 .FILL x0000
