(0000) 3000  0011000000000000 (   9)                 .ORIG x3000
(3000) 2CAF  0010110010101111 (  11)                 LD    R6 SP
(3001) 22AF  0010001010101111 (  12)                 LD    R1 KBISR
(3002) B2AF  1011001010101111 (  13)                 STI   R1 KBISRV
(3003) 22B0  0010001010110000 (  14)                 LD    R1 ENINT
(3004) B2AE  1011001010101110 (  15)                 STI   R1 KBSR
(3005) 54A0  0101010010100000 (  16)                 AND   R2 R2 #0
(3006) E0AE  1110000010101110 (  27)                 LEA   R0 NAME
(3007) F022  1111000000100010 (  28)                 TRAP  x22
(3008) E0BE  1110000010111110 (  29)                 LEA   R0 EID
(3009) F022  1111000000100010 (  30)                 TRAP  x22
(300A) E0CA  1110000011001010 (  31)                 LEA   R0 DATE
(300B) F022  1111000000100010 (  32)                 TRAP  x22
(300C) E0DA  1110000011011010 (  33)                 LEA   R0 TITLE
(300D) F022  1111000000100010 (  34)                 TRAP  x22
(300E) E07A  1110000001111010 (  35)                 LEA   R0 ETR
(300F) F022  1111000000100010 (  36)                 TRAP  x22
(3010) A09D  1010000010011101 (  38) STATE0          LDI   R0 ST_C
(3011) 05FE  0000010111111110 (  39)                 BRZ   STATE0
(3012) F021  1111000000100001 (  40)                 TRAP  x21
(3013) B49A  1011010010011010 (  41)                 STI   R2 ST_C
(3014) 2270  0010001001110000 (  42)                 LD    R1 NH_ONE
(3015) 1240  0001001001000000 (  43)                 ADD   R1 R1 R0
(3016) 0405  0000010000000101 (  44)                 BRZ   STATE1
(3017) A697  1010011010010111 (  45)                 LDI   R3 COUNTER
(3018) 226F  0010001001101111 (  46)                 LD    R1 NH16
(3019) 1243  0001001001000011 (  47)                 ADD   R1 R1 R3
(301A) 0462  0000010001100010 (  48)                 BRZ   DENIED
(301B) 0FF4  0000111111110100 (  49)                 BRNZP STATE0
(301C) A091  1010000010010001 (  51) STATE1          LDI   R0 ST_C
(301D) 05FE  0000010111111110 (  52)                 BRZ   STATE1
(301E) F021  1111000000100001 (  53)                 TRAP  x21
(301F) B48E  1011010010001110 (  54)                 STI   R2 ST_C
(3020) 2266  0010001001100110 (  55)                 LD    R1 NH_SIX
(3021) 1240  0001001001000000 (  56)                 ADD   R1 R1 R0
(3022) 0408  0000010000001000 (  57)                 BRZ   STATE2
(3023) 2261  0010001001100001 (  58)                 LD    R1 NH_ONE
(3024) 1240  0001001001000000 (  59)                 ADD   R1 R1 R0
(3025) 05F6  0000010111110110 (  60)                 BRZ   STATE1
(3026) A688  1010011010001000 (  61)                 LDI   R3 COUNTER
(3027) 2260  0010001001100000 (  62)                 LD    R1 NH16
(3028) 1243  0001001001000011 (  63)                 ADD   R1 R1 R3
(3029) 0253  0000001001010011 (  64)                 BRP   DENIED
(302A) 0FE5  0000111111100101 (  65)                 BRNZP STATE0
(302B) A082  1010000010000010 (  67) STATE2          LDI   R0 ST_C
(302C) 05FE  0000010111111110 (  68)                 BRZ   STATE2
(302D) F021  1111000000100001 (  69)                 TRAP  x21
(302E) B47F  1011010001111111 (  70)                 STI   R2 ST_C
(302F) 2255  0010001001010101 (  71)                 LD    R1 NH_ONE
(3030) 1240  0001001001000000 (  72)                 ADD   R1 R1 R0
(3031) 0405  0000010000000101 (  73)                 BRZ   STATE3
(3032) A67C  1010011001111100 (  74)                 LDI   R3 COUNTER
(3033) 2254  0010001001010100 (  75)                 LD    R1 NH16
(3034) 1243  0001001001000011 (  76)                 ADD   R1 R1 R3
(3035) 0247  0000001001000111 (  77)                 BRP   DENIED
(3036) 0FD9  0000111111011001 (  78)                 BRNZP STATE0
(3037) A076  1010000001110110 (  80) STATE3          LDI   R0 ST_C
(3038) 05FE  0000010111111110 (  81)                 BRZ   STATE3
(3039) F021  1111000000100001 (  82)                 TRAP  x21
(303A) B473  1011010001110011 (  83)                 STI   R2 ST_C
(303B) 2249  0010001001001001 (  84)                 LD    R1 NH_ONE
(303C) 1240  0001001001000000 (  85)                 ADD   R1 R1 R0
(303D) 040B  0000010000001011 (  86)                 BRZ   STATE4A
(303E) 2245  0010001001000101 (  87)                 LD    R1 NH_ZERO
(303F) 1240  0001001001000000 (  88)                 ADD   R1 R1 R0
(3040) 041D  0000010000011101 (  89)                 BRZ   STATE4B
(3041) 2245  0010001001000101 (  90)                 LD    R1 NH_SIX
(3042) 1240  0001001001000000 (  91)                 ADD   R1 R1 R0
(3043) 05E7  0000010111100111 (  92)                 BRZ   STATE2
(3044) A66A  1010011001101010 (  93)                 LDI   R3 COUNTER
(3045) 2242  0010001001000010 (  94)                 LD    R1 NH16
(3046) 1243  0001001001000011 (  95)                 ADD   R1 R1 R3
(3047) 0235  0000001000110101 (  96)                 BRP   DENIED
(3048) 0FC7  0000111111000111 (  97)                 BRNZP STATE0
(3049) A064  1010000001100100 (  99) STATE4A         LDI   R0 ST_C
(304A) 05FE  0000010111111110 ( 100)                 BRZ   STATE4A
(304B) F021  1111000000100001 ( 101)                 TRAP  x21
(304C) B461  1011010001100001 ( 102)                 STI   R2 ST_C
(304D) 2237  0010001000110111 ( 103)                 LD    R1 NH_ONE
(304E) 1240  0001001001000000 ( 104)                 ADD   R1 R1 R0
(304F) 05CC  0000010111001100 ( 105)                 BRZ   STATE1
(3050) 2233  0010001000110011 ( 106)                 LD    R1 NH_ZERO
(3051) 1240  0001001001000000 ( 107)                 ADD   R1 R1 R0
(3052) 041D  0000010000011101 ( 108)                 BRZ   STATE5
(3053) 2232  0010001000110010 ( 109)                 LD    R1 NH_FIVE
(3054) 1240  0001001001000000 ( 110)                 ADD   R1 R1 R0
(3055) 041A  0000010000011010 ( 111)                 BRZ   STATE5
(3056) 2230  0010001000110000 ( 112)                 LD    R1 NH_SIX
(3057) 1240  0001001001000000 ( 113)                 ADD   R1 R1 R0
(3058) 05D2  0000010111010010 ( 114)                 BRZ   STATE2
(3059) A655  1010011001010101 ( 115)                 LDI   R3 COUNTER
(305A) 222D  0010001000101101 ( 116)                 LD    R1 NH16
(305B) 1243  0001001001000011 ( 117)                 ADD   R1 R1 R3
(305C) 0220  0000001000100000 ( 118)                 BRP   DENIED
(305D) 0FB2  0000111110110010 ( 119)                 BRNZP STATE0
(305E) A04F  1010000001001111 ( 121) STATE4B         LDI   R0 ST_C
(305F) 05FE  0000010111111110 ( 122)                 BRZ   STATE4B
(3060) F021  1111000000100001 ( 123)                 TRAP  x21
(3061) B44C  1011010001001100 ( 124)                 STI   R2 ST_C
(3062) 2222  0010001000100010 ( 125)                 LD    R1 NH_ONE
(3063) 1240  0001001001000000 ( 126)                 ADD   R1 R1 R0
(3064) 05B7  0000010110110111 ( 127)                 BRZ   STATE1
(3065) 221E  0010001000011110 ( 128)                 LD    R1 NH_ZERO
(3066) 1240  0001001001000000 ( 129)                 ADD   R1 R1 R0
(3067) 0408  0000010000001000 ( 130)                 BRZ   STATE5
(3068) 221D  0010001000011101 ( 131)                 LD    R1 NH_FIVE
(3069) 1240  0001001001000000 ( 132)                 ADD   R1 R1 R0
(306A) 0405  0000010000000101 ( 133)                 BRZ   STATE5
(306B) A643  1010011001000011 ( 134)                 LDI   R3 COUNTER
(306C) 221B  0010001000011011 ( 135)                 LD    R1 NH16
(306D) 1243  0001001001000011 ( 136)                 ADD   R1 R1 R3
(306E) 020E  0000001000001110 ( 137)                 BRP   DENIED
(306F) 0FA0  0000111110100000 ( 138)                 BRNZP STATE0
(3070) E01A  1110000000011010 ( 140) STATE5          LEA   R0 IN_MSG
(3071) F022  1111000000100010 ( 141)                 TRAP  x22
(3072) E016  1110000000010110 ( 142)                 LEA   R0 ETR
(3073) F022  1111000000100010 ( 143)                 TRAP  x22
(3074) A039  1010000000111001 ( 144) STORE           LDI   R0 ST_C
(3075) 05FE  0000010111111110 ( 145)                 BRZ   x3074
(3076) B437  1011010000110111 ( 146)                 STI   R2 ST_C
(3077) A637  1010011000110111 ( 147)                 LDI   R3 COUNTER
(3078) 220F  0010001000001111 ( 148)                 LD    R1 NH16
(3079) 1243  0001001001000011 ( 149)                 ADD   R1 R1 R3
(307A) 0BF9  0000101111111001 ( 150)                 BRNP  STORE
(307B) B433  1011010000110011 ( 151)                 STI   R2 COUNTER
(307C) 0F93  0000111110010011 ( 152)                 BRNZP STATE0
(307D) E01F  1110000000011111 ( 154) DENIED          LEA   R0 OUT_MSG
(307E) F022  1111000000100010 ( 155)                 TRAP  x22
(307F) B42F  1011010000101111 ( 156)                 STI   R2 COUNTER
(3080) E008  1110000000001000 ( 157)                 LEA   R0 ETR
(3081) F022  1111000000100010 ( 158)                 TRAP  x22
(3082) 0F8D  0000111110001101 ( 159)                 BRNZP STATE0
(3083) F025  1111000000100101 ( 161)                 TRAP  x25
(3084) FFD0  1111111111010000 ( 162) NH_ZERO         .FILL xFFD0
(3085) FFCF  1111111111001111 ( 163) NH_ONE          .FILL xFFCF
(3086) FFCB  1111111111001011 ( 164) NH_FIVE         .FILL xFFCB
(3087) FFCA  1111111111001010 ( 165) NH_SIX          .FILL xFFCA
(3088) FFF0  1111111111110000 ( 166) NH16            .FILL xFFF0
(3089) 000A  0000000000001010 ( 167) ETR             .FILL x000A
(308A) 0000  0000000000000000 ( 167)                 .FILL x0000
(308B) 000A  0000000000001010 ( 168) IN_MSG          .FILL x000A
(308C) 0041  0000000001000001 ( 168)                 .FILL x0041
(308D) 0063  0000000001100011 ( 168)                 .FILL x0063
(308E) 0063  0000000001100011 ( 168)                 .FILL x0063
(308F) 0065  0000000001100101 ( 168)                 .FILL x0065
(3090) 0073  0000000001110011 ( 168)                 .FILL x0073
(3091) 0073  0000000001110011 ( 168)                 .FILL x0073
(3092) 0020  0000000000100000 ( 168)                 .FILL x0020
(3093) 0047  0000000001000111 ( 168)                 .FILL x0047
(3094) 0072  0000000001110010 ( 168)                 .FILL x0072
(3095) 0061  0000000001100001 ( 168)                 .FILL x0061
(3096) 006E  0000000001101110 ( 168)                 .FILL x006E
(3097) 0074  0000000001110100 ( 168)                 .FILL x0074
(3098) 0065  0000000001100101 ( 168)                 .FILL x0065
(3099) 0064  0000000001100100 ( 168)                 .FILL x0064
(309A) 0021  0000000000100001 ( 168)                 .FILL x0021
(309B) 000A  0000000000001010 ( 168)                 .FILL x000A
(309C) 0000  0000000000000000 ( 168)                 .FILL x0000
(309D) 000A  0000000000001010 ( 169) OUT_MSG         .FILL x000A
(309E) 0041  0000000001000001 ( 169)                 .FILL x0041
(309F) 0063  0000000001100011 ( 169)                 .FILL x0063
(30A0) 0063  0000000001100011 ( 169)                 .FILL x0063
(30A1) 0065  0000000001100101 ( 169)                 .FILL x0065
(30A2) 0073  0000000001110011 ( 169)                 .FILL x0073
(30A3) 0073  0000000001110011 ( 169)                 .FILL x0073
(30A4) 0020  0000000000100000 ( 169)                 .FILL x0020
(30A5) 0044  0000000001000100 ( 169)                 .FILL x0044
(30A6) 0065  0000000001100101 ( 169)                 .FILL x0065
(30A7) 006E  0000000001101110 ( 169)                 .FILL x006E
(30A8) 0069  0000000001101001 ( 169)                 .FILL x0069
(30A9) 0065  0000000001100101 ( 169)                 .FILL x0065
(30AA) 0064  0000000001100100 ( 169)                 .FILL x0064
(30AB) 0021  0000000000100001 ( 169)                 .FILL x0021
(30AC) 000A  0000000000001010 ( 169)                 .FILL x000A
(30AD) 0000  0000000000000000 ( 169)                 .FILL x0000
(30AE) 8000  1000000000000000 ( 170) ST_C            .FILL x8000
(30AF) 8001  1000000000000001 ( 171) COUNTER         .FILL x8001
(30B0) F000  1111000000000000 ( 172) SP              .FILL xF000
(30B1) A000  1010000000000000 ( 173) KBISR           .FILL xA000
(30B2) 0180  0000000110000000 ( 174) KBISRV          .FILL x0180
(30B3) FE00  1111111000000000 ( 175) KBSR            .FILL xFE00
(30B4) 4000  0100000000000000 ( 176) ENINT           .FILL x4000
(30B5) 004E  0000000001001110 ( 177) NAME            .FILL x004E
(30B6) 0061  0000000001100001 ( 177)                 .FILL x0061
(30B7) 006D  0000000001101101 ( 177)                 .FILL x006D
(30B8) 0065  0000000001100101 ( 177)                 .FILL x0065
(30B9) 003A  0000000000111010 ( 177)                 .FILL x003A
(30BA) 0020  0000000000100000 ( 177)                 .FILL x0020
(30BB) 0059  0000000001011001 ( 177)                 .FILL x0059
(30BC) 006F  0000000001101111 ( 177)                 .FILL x006F
(30BD) 006E  0000000001101110 ( 177)                 .FILL x006E
(30BE) 0067  0000000001100111 ( 177)                 .FILL x0067
(30BF) 0079  0000000001111001 ( 177)                 .FILL x0079
(30C0) 0065  0000000001100101 ( 177)                 .FILL x0065
(30C1) 0020  0000000000100000 ( 177)                 .FILL x0020
(30C2) 005A  0000000001011010 ( 177)                 .FILL x005A
(30C3) 0068  0000000001101000 ( 177)                 .FILL x0068
(30C4) 0075  0000000001110101 ( 177)                 .FILL x0075
(30C5) 000A  0000000000001010 ( 177)                 .FILL x000A
(30C6) 0000  0000000000000000 ( 177)                 .FILL x0000
(30C7) 0045  0000000001000101 ( 178) EID             .FILL x0045
(30C8) 0049  0000000001001001 ( 178)                 .FILL x0049
(30C9) 0044  0000000001000100 ( 178)                 .FILL x0044
(30CA) 003A  0000000000111010 ( 178)                 .FILL x003A
(30CB) 0020  0000000000100000 ( 178)                 .FILL x0020
(30CC) 0079  0000000001111001 ( 178)                 .FILL x0079
(30CD) 007A  0000000001111010 ( 178)                 .FILL x007A
(30CE) 0032  0000000000110010 ( 178)                 .FILL x0032
(30CF) 0034  0000000000110100 ( 178)                 .FILL x0034
(30D0) 0034  0000000000110100 ( 178)                 .FILL x0034
(30D1) 0039  0000000000111001 ( 178)                 .FILL x0039
(30D2) 0033  0000000000110011 ( 178)                 .FILL x0033
(30D3) 000A  0000000000001010 ( 178)                 .FILL x000A
(30D4) 0000  0000000000000000 ( 178)                 .FILL x0000
(30D5) 0044  0000000001000100 ( 179) DATE            .FILL x0044
(30D6) 0061  0000000001100001 ( 179)                 .FILL x0061
(30D7) 0074  0000000001110100 ( 179)                 .FILL x0074
(30D8) 0065  0000000001100101 ( 179)                 .FILL x0065
(30D9) 003A  0000000000111010 ( 179)                 .FILL x003A
(30DA) 0020  0000000000100000 ( 179)                 .FILL x0020
(30DB) 0031  0000000000110001 ( 179)                 .FILL x0031
(30DC) 0032  0000000000110010 ( 179)                 .FILL x0032
(30DD) 002F  0000000000101111 ( 179)                 .FILL x002F
(30DE) 0030  0000000000110000 ( 179)                 .FILL x0030
(30DF) 0036  0000000000110110 ( 179)                 .FILL x0036
(30E0) 002F  0000000000101111 ( 179)                 .FILL x002F
(30E1) 0032  0000000000110010 ( 179)                 .FILL x0032
(30E2) 0030  0000000000110000 ( 179)                 .FILL x0030
(30E3) 0031  0000000000110001 ( 179)                 .FILL x0031
(30E4) 0038  0000000000111000 ( 179)                 .FILL x0038
(30E5) 000A  0000000000001010 ( 179)                 .FILL x000A
(30E6) 0000  0000000000000000 ( 179)                 .FILL x0000
(30E7) 0054  0000000001010100 ( 180) TITLE           .FILL x0054
(30E8) 0069  0000000001101001 ( 180)                 .FILL x0069
(30E9) 0074  0000000001110100 ( 180)                 .FILL x0074
(30EA) 006C  0000000001101100 ( 180)                 .FILL x006C
(30EB) 0065  0000000001100101 ( 180)                 .FILL x0065
(30EC) 003A  0000000000111010 ( 180)                 .FILL x003A
(30ED) 0020  0000000000100000 ( 180)                 .FILL x0020
(30EE) 0049  0000000001001001 ( 180)                 .FILL x0049
(30EF) 0044  0000000001000100 ( 180)                 .FILL x0044
(30F0) 0020  0000000000100000 ( 180)                 .FILL x0020
(30F1) 0043  0000000001000011 ( 180)                 .FILL x0043
(30F2) 0061  0000000001100001 ( 180)                 .FILL x0061
(30F3) 0072  0000000001110010 ( 180)                 .FILL x0072
(30F4) 0064  0000000001100100 ( 180)                 .FILL x0064
(30F5) 0020  0000000000100000 ( 180)                 .FILL x0020
(30F6) 0044  0000000001000100 ( 180)                 .FILL x0044
(30F7) 0061  0000000001100001 ( 180)                 .FILL x0061
(30F8) 0074  0000000001110100 ( 180)                 .FILL x0074
(30F9) 0061  0000000001100001 ( 180)                 .FILL x0061
(30FA) 0020  0000000000100000 ( 180)                 .FILL x0020
(30FB) 0050  0000000001010000 ( 180)                 .FILL x0050
(30FC) 0061  0000000001100001 ( 180)                 .FILL x0061
(30FD) 0072  0000000001110010 ( 180)                 .FILL x0072
(30FE) 0073  0000000001110011 ( 180)                 .FILL x0073
(30FF) 0065  0000000001100101 ( 180)                 .FILL x0065
(3100) 0072  0000000001110010 ( 180)                 .FILL x0072
(3101) 000A  0000000000001010 ( 180)                 .FILL x000A
(3102) 0000  0000000000000000 ( 180)                 .FILL x0000
(3103) 003A  0000000000111010 ( 181) STICKER         .FILL x003A
(3104) 0029  0000000000101001 ( 181)                 .FILL x0029
(3105) 007E  0000000001111110 ( 181)                 .FILL x007E
(3106) 007E  0000000001111110 ( 181)                 .FILL x007E
(3107) 007E  0000000001111110 ( 181)                 .FILL x007E
(3108) 007E  0000000001111110 ( 181)                 .FILL x007E
(3109) 007E  0000000001111110 ( 181)                 .FILL x007E
(310A) 007E  0000000001111110 ( 181)                 .FILL x007E
(310B) 007E  0000000001111110 ( 181)                 .FILL x007E
(310C) 007E  0000000001111110 ( 181)                 .FILL x007E
(310D) 007E  0000000001111110 ( 181)                 .FILL x007E
(310E) 007E  0000000001111110 ( 181)                 .FILL x007E
(310F) 007E  0000000001111110 ( 181)                 .FILL x007E
(3110) 000A  0000000000001010 ( 181)                 .FILL x000A
(3111) 0000  0000000000000000 ( 181)                 .FILL x0000
