(0000) 2500  0010010100000000 (   1)                 .ORIG x2500
(2500) 5FE0  0101111111100000 (  23)                 AND   R7 R7 #0
(2501) 5DA0  0101110110100000 (  24)                 AND   R6 R6 #0
(2502) A028  1010000000101000 (  28)                 LDI   R0 HEADER
(2503) 0403  0000010000000011 (  29) COUNT           BRZ   SORT
(2504) 1FE1  0001111111100001 (  32)                 ADD   R7 R7 #1
(2505) 6002  0110000000000010 (  33)                 LDR   R0 R0 #2
(2506) 0FFC  0000111111111100 (  34)                 BRNZP COUNT
(2507) 2023  0010000000100011 (  41) SORT            LD    R0 HEADER
(2508) 6A00  0110101000000000 (  42)                 LDR   R5 R0 #0
(2509) 1FFF  0001111111111111 (  43)                 ADD   R7 R7 #-1
(250A) 041C  0000010000011100 (  44)                 BRZ   END
(250B) 1DE0  0001110111100000 (  46) S_ICTR          ADD   R6 R7 #0
(250C) 6341  0110001101000001 (  48) LOAD_V          LDR   R1 R5 #1
(250D) 6542  0110010101000010 (  49)                 LDR   R2 R5 #2
(250E) 6681  0110011010000001 (  50)                 LDR   R3 R2 #1
(250F) 6882  0110100010000010 (  51)                 LDR   R4 R2 #2
(2510) 9AFF  1001101011111111 (  60)                 NOT   R5 R3
(2511) 1B61  0001101101100001 (  61)                 ADD   R5 R5 #1
(2512) 1A45  0001101001000101 (  62)                 ADD   R5 R1 R5
(2513) 0201  0000001000000001 (  63)                 BRP   SWAP
(2514) 0805  0000100000000101 (  64)                 BRN   N_SWAP
(2515) 6A00  0110101000000000 (  70) SWAP            LDR   R5 R0 #0
(2516) 7400  0111010000000000 (  71)                 STR   R2 R0 #0
(2517) 7942  0111100101000010 (  72)                 STR   R4 R5 #2
(2518) 7A82  0111101010000010 (  73)                 STR   R5 R2 #2
(2519) 0E01  0000111000000001 (  74)                 BRNZP C_ICTR
(251A) 0E00  0000111000000000 (  76) N_SWAP          BRNZP C_ICTR
(251B) 6000  0110000000000000 (  81) C_ICTR          LDR   R0 R0 #0
(251C) 1022  0001000000100010 (  82)                 ADD   R0 R0 #2
(251D) 6A00  0110101000000000 (  83)                 LDR   R5 R0 #0
(251E) 1DBF  0001110110111111 (  84)                 ADD   R6 R6 #-1
(251F) 03EC  0000001111101100 (  85)                 BRP   LOAD_V
(2520) 0400  0000010000000000 (  86)                 BRZ   C_OCTR
(2521) 1FFF  0001111111111111 (  88) C_OCTR          ADD   R7 R7 #-1
(2522) 2008  0010000000001000 (  89)                 LD    R0 HEADER
(2523) 6A00  0110101000000000 (  90)                 LDR   R5 R0 #0
(2524) 1FE0  0001111111100000 (  91)                 ADD   R7 R7 #0
(2525) 0C01  0000110000000001 (  92)                 BRNZ  END
(2526) 03E4  0000001111100100 (  93)                 BRP   S_ICTR
(2527) F025  1111000000100101 (  95) END             TRAP  x25
(2528) 2001  0010000000000001 (  97)                 LD    R0 DELP
(2529) C000  1100000000000000 (  98)                 JMP   R0
(252A) 2700  0010011100000000 (  99) DELP            .FILL x2700
(252B) 3200  0011001000000000 ( 100) HEADER          .FILL x3200
