(0000) 3000  0011000000000000 (  23)                 .ORIG x3000
(3000) 5920  0101100100100000 (  27)                 AND   R4 R4 #0
(3001) 1020  0001000000100000 (  28)                 ADD   R0 R0 #0
(3002) 0421  0000010000100001 (  29)                 BRZ   x3024
(3003) 1260  0001001001100000 (  30)                 ADD   R1 R1 #0
(3004) 0809  0000100000001001 (  31)                 BRN   x300E
(3005) 041E  0000010000011110 (  32) LOOP            BRZ   x3024
(3006) 1020  0001000000100000 (  33)                 ADD   R0 R0 #0
(3007) 0601  0000011000000001 (  34)                 BRZP  x3009
(3008) 1921  0001100100100001 (  35)                 ADD   R4 R4 #1
(3009) 1000  0001000000000000 (  36)                 ADD   R0 R0 R0
(300A) 1004  0001000000000100 (  37)                 ADD   R0 R0 R4
(300B) 5920  0101100100100000 (  38)                 AND   R4 R4 #0
(300C) 127F  0001001001111111 (  39)                 ADD   R1 R1 #-1
(300D) 0FF7  0000111111110111 (  40)                 BRNZP LOOP
(300E) 54A0  0101010010100000 (  41)                 AND   R2 R2 #0
(300F) 56E0  0101011011100000 (  42)                 AND   R3 R3 #0
(3010) 5B60  0101101101100000 (  43)                 AND   R5 R5 #0
(3011) 1C6F  0001110001101111 (  44)                 ADD   R6 R1 #15
(3012) 1260  0001001001100000 (  45)                 ADD   R1 R1 #0
(3013) 0404  0000010000000100 (  46)                 BRZ   x3018
(3014) 1B45  0001101101000101 (  47)                 ADD   R5 R5 R5
(3015) 1B61  0001101101100001 (  48)                 ADD   R5 R5 #1
(3016) 1261  0001001001100001 (  49)                 ADD   R1 R1 #1
(3017) 0FFB  0000111111111011 (  50)                 BRNZP x3013
(3018) 5605  0101011000000101 (  51)                 AND   R3 R0 R5
(3019) 1DA0  0001110110100000 (  52)                 ADD   R6 R6 #0
(301A) 0808  0000100000001000 (  53)                 BRN   x3023
(301B) 1482  0001010010000010 (  54)                 ADD   R2 R2 R2
(301C) 1020  0001000000100000 (  55)                 ADD   R0 R0 #0
(301D) 0601  0000011000000001 (  56)                 BRZP  x301F
(301E) 14A1  0001010010100001 (  57)                 ADD   R2 R2 #1
(301F) 16C3  0001011011000011 (  58)                 ADD   R3 R3 R3
(3020) 1000  0001000000000000 (  59)                 ADD   R0 R0 R0
(3021) 1DBF  0001110110111111 (  60)                 ADD   R6 R6 #-1
(3022) 0FF7  0000111111110111 (  61)                 BRNZP x301A
(3023) 10C2  0001000011000010 (  62)                 ADD   R0 R3 R2
(3024) F025  1111000000100101 (  63)                 TRAP  x25
