(0000) 3000  0011000000000000 (  18)                 .ORIG x3000
(3000) 4883  0100100010000011 (  23)                 JSR   DISPLAY_BOARD
(3001) E016  1110000000010110 (  24)                 LEA   R0 BOARD_INITIAL
(3002) F022  1111000000100010 (  25)                 TRAP  x22
(3003) A024  1010000000100100 (  26)                 LDI   R0 BLOCKS
(3004) 48E8  0100100011101000 (  27)                 JSR   LOAD_BOARD
(3005) 487E  0100100001111110 (  28)                 JSR   DISPLAY_BOARD
(3006) E002  1110000000000010 (  29)                 LEA   R0 BOARD_LOADED
(3007) F022  1111000000100010 (  30)                 TRAP  x22
(3008) F025  1111000000100101 (  31)                 TRAP  x25
(3009) 000A  0000000000001010 (  32) BOARD_LOADED    .FILL x000A
(300A) 0042  0000000001000010 (  32)                 .FILL x0042
(300B) 006F  0000000001101111 (  32)                 .FILL x006F
(300C) 0061  0000000001100001 (  32)                 .FILL x0061
(300D) 0072  0000000001110010 (  32)                 .FILL x0072
(300E) 0064  0000000001100100 (  32)                 .FILL x0064
(300F) 0020  0000000000100000 (  32)                 .FILL x0020
(3010) 004C  0000000001001100 (  32)                 .FILL x004C
(3011) 006F  0000000001101111 (  32)                 .FILL x006F
(3012) 0061  0000000001100001 (  32)                 .FILL x0061
(3013) 0064  0000000001100100 (  32)                 .FILL x0064
(3014) 0065  0000000001100101 (  32)                 .FILL x0065
(3015) 0064  0000000001100100 (  32)                 .FILL x0064
(3016) 000A  0000000000001010 (  32)                 .FILL x000A
(3017) 0000  0000000000000000 (  32)                 .FILL x0000
(3018) 000A  0000000000001010 (  33) BOARD_INITIAL   .FILL x000A
(3019) 0042  0000000001000010 (  33)                 .FILL x0042
(301A) 006F  0000000001101111 (  33)                 .FILL x006F
(301B) 0061  0000000001100001 (  33)                 .FILL x0061
(301C) 0072  0000000001110010 (  33)                 .FILL x0072
(301D) 0064  0000000001100100 (  33)                 .FILL x0064
(301E) 0020  0000000000100000 (  33)                 .FILL x0020
(301F) 0049  0000000001001001 (  33)                 .FILL x0049
(3020) 006E  0000000001101110 (  33)                 .FILL x006E
(3021) 0069  0000000001101001 (  33)                 .FILL x0069
(3022) 0074  0000000001110100 (  33)                 .FILL x0074
(3023) 0069  0000000001101001 (  33)                 .FILL x0069
(3024) 0061  0000000001100001 (  33)                 .FILL x0061
(3025) 006C  0000000001101100 (  33)                 .FILL x006C
(3026) 000A  0000000000001010 (  33)                 .FILL x000A
(3027) 0000  0000000000000000 (  33)                 .FILL x0000
(3028) 6000  0110000000000000 (  34) BLOCKS          .FILL x6000
(3029) 0000  0000000000000000 (  43) SCORE           .FILL x0000
(302A) 002B  0000000000101011 (  43) GRID            .FILL x002B
(302B) 002D  0000000000101101 (  43)                 .FILL x002D
(302C) 002B  0000000000101011 (  43)                 .FILL x002B
(302D) 002D  0000000000101101 (  43)                 .FILL x002D
(302E) 002B  0000000000101011 (  43)                 .FILL x002B
(302F) 002D  0000000000101101 (  43)                 .FILL x002D
(3030) 002B  0000000000101011 (  43)                 .FILL x002B
(3031) 002D  0000000000101101 (  43)                 .FILL x002D
(3032) 002B  0000000000101011 (  43)                 .FILL x002B
(3033) 0000  0000000000000000 (  43)                 .FILL x0000
(3034) 007C  0000000001111100 (  44) ROW0            .FILL x007C
(3035) 0020  0000000000100000 (  44)                 .FILL x0020
(3036) 007C  0000000001111100 (  44)                 .FILL x007C
(3037) 0020  0000000000100000 (  44)                 .FILL x0020
(3038) 007C  0000000001111100 (  44)                 .FILL x007C
(3039) 0020  0000000000100000 (  44)                 .FILL x0020
(303A) 007C  0000000001111100 (  44)                 .FILL x007C
(303B) 0020  0000000000100000 (  44)                 .FILL x0020
(303C) 007C  0000000001111100 (  44)                 .FILL x007C
(303D) 0000  0000000000000000 (  44)                 .FILL x0000
(303E) 002B  0000000000101011 (  45)                 .FILL x002B
(303F) 002D  0000000000101101 (  45)                 .FILL x002D
(3040) 002B  0000000000101011 (  45)                 .FILL x002B
(3041) 002D  0000000000101101 (  45)                 .FILL x002D
(3042) 002B  0000000000101011 (  45)                 .FILL x002B
(3043) 002D  0000000000101101 (  45)                 .FILL x002D
(3044) 002B  0000000000101011 (  45)                 .FILL x002B
(3045) 002D  0000000000101101 (  45)                 .FILL x002D
(3046) 002B  0000000000101011 (  45)                 .FILL x002B
(3047) 0000  0000000000000000 (  45)                 .FILL x0000
(3048) 007C  0000000001111100 (  46) ROW1            .FILL x007C
(3049) 0020  0000000000100000 (  46)                 .FILL x0020
(304A) 007C  0000000001111100 (  46)                 .FILL x007C
(304B) 0020  0000000000100000 (  46)                 .FILL x0020
(304C) 007C  0000000001111100 (  46)                 .FILL x007C
(304D) 0020  0000000000100000 (  46)                 .FILL x0020
(304E) 007C  0000000001111100 (  46)                 .FILL x007C
(304F) 0020  0000000000100000 (  46)                 .FILL x0020
(3050) 007C  0000000001111100 (  46)                 .FILL x007C
(3051) 0000  0000000000000000 (  46)                 .FILL x0000
(3052) 002B  0000000000101011 (  47)                 .FILL x002B
(3053) 002D  0000000000101101 (  47)                 .FILL x002D
(3054) 002B  0000000000101011 (  47)                 .FILL x002B
(3055) 002D  0000000000101101 (  47)                 .FILL x002D
(3056) 002B  0000000000101011 (  47)                 .FILL x002B
(3057) 002D  0000000000101101 (  47)                 .FILL x002D
(3058) 002B  0000000000101011 (  47)                 .FILL x002B
(3059) 002D  0000000000101101 (  47)                 .FILL x002D
(305A) 002B  0000000000101011 (  47)                 .FILL x002B
(305B) 0000  0000000000000000 (  47)                 .FILL x0000
(305C) 007C  0000000001111100 (  48) ROW2            .FILL x007C
(305D) 0020  0000000000100000 (  48)                 .FILL x0020
(305E) 007C  0000000001111100 (  48)                 .FILL x007C
(305F) 0020  0000000000100000 (  48)                 .FILL x0020
(3060) 007C  0000000001111100 (  48)                 .FILL x007C
(3061) 0020  0000000000100000 (  48)                 .FILL x0020
(3062) 007C  0000000001111100 (  48)                 .FILL x007C
(3063) 0020  0000000000100000 (  48)                 .FILL x0020
(3064) 007C  0000000001111100 (  48)                 .FILL x007C
(3065) 0000  0000000000000000 (  48)                 .FILL x0000
(3066) 002B  0000000000101011 (  49)                 .FILL x002B
(3067) 002D  0000000000101101 (  49)                 .FILL x002D
(3068) 002B  0000000000101011 (  49)                 .FILL x002B
(3069) 002D  0000000000101101 (  49)                 .FILL x002D
(306A) 002B  0000000000101011 (  49)                 .FILL x002B
(306B) 002D  0000000000101101 (  49)                 .FILL x002D
(306C) 002B  0000000000101011 (  49)                 .FILL x002B
(306D) 002D  0000000000101101 (  49)                 .FILL x002D
(306E) 002B  0000000000101011 (  49)                 .FILL x002B
(306F) 0000  0000000000000000 (  49)                 .FILL x0000
(3070) 007C  0000000001111100 (  50) ROW3            .FILL x007C
(3071) 0020  0000000000100000 (  50)                 .FILL x0020
(3072) 007C  0000000001111100 (  50)                 .FILL x007C
(3073) 0020  0000000000100000 (  50)                 .FILL x0020
(3074) 007C  0000000001111100 (  50)                 .FILL x007C
(3075) 0020  0000000000100000 (  50)                 .FILL x0020
(3076) 007C  0000000001111100 (  50)                 .FILL x007C
(3077) 0020  0000000000100000 (  50)                 .FILL x0020
(3078) 007C  0000000001111100 (  50)                 .FILL x007C
(3079) 0000  0000000000000000 (  50)                 .FILL x0000
(307A) 002B  0000000000101011 (  51)                 .FILL x002B
(307B) 002D  0000000000101101 (  51)                 .FILL x002D
(307C) 002B  0000000000101011 (  51)                 .FILL x002B
(307D) 002D  0000000000101101 (  51)                 .FILL x002D
(307E) 002B  0000000000101011 (  51)                 .FILL x002B
(307F) 002D  0000000000101101 (  51)                 .FILL x002D
(3080) 002B  0000000000101011 (  51)                 .FILL x002B
(3081) 002D  0000000000101101 (  51)                 .FILL x002D
(3082) 002B  0000000000101011 (  51)                 .FILL x002B
(3083) 0000  0000000000000000 (  51)                 .FILL x0000
(3084) 304F  0011000001001111 (  86) DISPLAY_BOARD   ST    R0 SAVE1R0
(3085) 324F  0011001001001111 (  87)                 ST    R1 SAVE1R1
(3086) 3E4F  0011111001001111 (  88)                 ST    R7 RET1
(3087) E051  1110000001010001 (  92)                 LEA   R0 COL_N
(3088) F022  1111000000100010 (  93)                 TRAP  x22
(3089) E060  1110000001100000 (  94)                 LEA   R0 DBL_S
(308A) F022  1111000000100010 (  95)                 TRAP  x22
(308B) E19E  1110000110011110 (  96)                 LEA   R0 GRID
(308C) F022  1111000000100010 (  97)                 TRAP  x22
(308D) E058  1110000001011000 (  98)                 LEA   R0 ETR
(308E) F022  1111000000100010 (  99)                 TRAP  x22
(308F) 2247  0010001001000111 ( 101)                 LD    R1 ZERO
(3090) 1060  0001000001100000 ( 103)                 ADD   R0 R1 #0
(3091) F021  1111000000100001 ( 104)                 TRAP  x21
(3092) 1261  0001001001100001 ( 105)                 ADD   R1 R1 #1
(3093) E054  1110000001010100 ( 106)                 LEA   R0 SIG_S
(3094) F022  1111000000100010 ( 107)                 TRAP  x22
(3095) E19E  1110000110011110 ( 108)                 LEA   R0 ROW0
(3096) F022  1111000000100010 ( 109)                 TRAP  x22
(3097) E04E  1110000001001110 ( 110)                 LEA   R0 ETR
(3098) F022  1111000000100010 ( 111)                 TRAP  x22
(3099) E050  1110000001010000 ( 112)                 LEA   R0 DBL_S
(309A) F022  1111000000100010 ( 113)                 TRAP  x22
(309B) E198  1110000110011000 ( 114)                 LEA   R0 ROW0
(309C) 102A  0001000000101010 ( 115)                 ADD   R0 R0 #10
(309D) F022  1111000000100010 ( 116)                 TRAP  x22
(309E) E047  1110000001000111 ( 117)                 LEA   R0 ETR
(309F) F022  1111000000100010 ( 118)                 TRAP  x22
(30A0) 1060  0001000001100000 ( 120)                 ADD   R0 R1 #0
(30A1) F021  1111000000100001 ( 121)                 TRAP  x21
(30A2) 1261  0001001001100001 ( 122)                 ADD   R1 R1 #1
(30A3) E044  1110000001000100 ( 123)                 LEA   R0 SIG_S
(30A4) F022  1111000000100010 ( 124)                 TRAP  x22
(30A5) E1A2  1110000110100010 ( 125)                 LEA   R0 ROW1
(30A6) F022  1111000000100010 ( 126)                 TRAP  x22
(30A7) E03E  1110000000111110 ( 127)                 LEA   R0 ETR
(30A8) F022  1111000000100010 ( 128)                 TRAP  x22
(30A9) E040  1110000001000000 ( 129)                 LEA   R0 DBL_S
(30AA) F022  1111000000100010 ( 130)                 TRAP  x22
(30AB) E19C  1110000110011100 ( 131)                 LEA   R0 ROW1
(30AC) 102A  0001000000101010 ( 132)                 ADD   R0 R0 #10
(30AD) F022  1111000000100010 ( 133)                 TRAP  x22
(30AE) E037  1110000000110111 ( 134)                 LEA   R0 ETR
(30AF) F022  1111000000100010 ( 135)                 TRAP  x22
(30B0) 1060  0001000001100000 ( 137)                 ADD   R0 R1 #0
(30B1) F021  1111000000100001 ( 138)                 TRAP  x21
(30B2) 1261  0001001001100001 ( 139)                 ADD   R1 R1 #1
(30B3) E034  1110000000110100 ( 140)                 LEA   R0 SIG_S
(30B4) F022  1111000000100010 ( 141)                 TRAP  x22
(30B5) E1A6  1110000110100110 ( 142)                 LEA   R0 ROW2
(30B6) F022  1111000000100010 ( 143)                 TRAP  x22
(30B7) E02E  1110000000101110 ( 144)                 LEA   R0 ETR
(30B8) F022  1111000000100010 ( 145)                 TRAP  x22
(30B9) E030  1110000000110000 ( 146)                 LEA   R0 DBL_S
(30BA) F022  1111000000100010 ( 147)                 TRAP  x22
(30BB) E1A0  1110000110100000 ( 148)                 LEA   R0 ROW2
(30BC) 102A  0001000000101010 ( 149)                 ADD   R0 R0 #10
(30BD) F022  1111000000100010 ( 150)                 TRAP  x22
(30BE) E027  1110000000100111 ( 151)                 LEA   R0 ETR
(30BF) F022  1111000000100010 ( 152)                 TRAP  x22
(30C0) 1060  0001000001100000 ( 154)                 ADD   R0 R1 #0
(30C1) F021  1111000000100001 ( 155)                 TRAP  x21
(30C2) 1261  0001001001100001 ( 156)                 ADD   R1 R1 #1
(30C3) E024  1110000000100100 ( 157)                 LEA   R0 SIG_S
(30C4) F022  1111000000100010 ( 158)                 TRAP  x22
(30C5) E1AA  1110000110101010 ( 159)                 LEA   R0 ROW3
(30C6) F022  1111000000100010 ( 160)                 TRAP  x22
(30C7) E01E  1110000000011110 ( 161)                 LEA   R0 ETR
(30C8) F022  1111000000100010 ( 162)                 TRAP  x22
(30C9) E020  1110000000100000 ( 163)                 LEA   R0 DBL_S
(30CA) F022  1111000000100010 ( 164)                 TRAP  x22
(30CB) E1A4  1110000110100100 ( 165)                 LEA   R0 ROW3
(30CC) 102A  0001000000101010 ( 166)                 ADD   R0 R0 #10
(30CD) F022  1111000000100010 ( 167)                 TRAP  x22
(30CE) E017  1110000000010111 ( 168)                 LEA   R0 ETR
(30CF) F022  1111000000100010 ( 169)                 TRAP  x22
(30D0) 2003  0010000000000011 ( 171)                 LD    R0 SAVE1R0
(30D1) 2203  0010001000000011 ( 172)                 LD    R1 SAVE1R1
(30D2) 2E03  0010111000000011 ( 173)                 LD    R7 RET1
(30D3) C1C0  1100000111000000 ( 175)                 RET   
(30D4) 0000  0000000000000000 ( 178) SAVE1R0         .FILL x0000
(30D5) 0000  0000000000000000 ( 179) SAVE1R1         .FILL x0000
(30D6) 0000  0000000000000000 ( 180) RET1            .FILL x0000
(30D7) 0030  0000000000110000 ( 180) ZERO            .FILL x0030
(30D8) 0000  0000000000000000 ( 180)                 .FILL x0000
(30D9) 0020  0000000000100000 ( 181) COL_N           .FILL x0020
(30DA) 0020  0000000000100000 ( 181)                 .FILL x0020
(30DB) 0020  0000000000100000 ( 181)                 .FILL x0020
(30DC) 0030  0000000000110000 ( 181)                 .FILL x0030
(30DD) 0020  0000000000100000 ( 181)                 .FILL x0020
(30DE) 0031  0000000000110001 ( 181)                 .FILL x0031
(30DF) 0020  0000000000100000 ( 181)                 .FILL x0020
(30E0) 0032  0000000000110010 ( 181)                 .FILL x0032
(30E1) 0020  0000000000100000 ( 181)                 .FILL x0020
(30E2) 0033  0000000000110011 ( 181)                 .FILL x0033
(30E3) 0020  0000000000100000 ( 181)                 .FILL x0020
(30E4) 000A  0000000000001010 ( 181)                 .FILL x000A
(30E5) 0000  0000000000000000 ( 181)                 .FILL x0000
(30E6) 000A  0000000000001010 ( 182) ETR             .FILL x000A
(30E7) 0000  0000000000000000 ( 182)                 .FILL x0000
(30E8) 0020  0000000000100000 ( 183) SIG_S           .FILL x0020
(30E9) 0000  0000000000000000 ( 183)                 .FILL x0000
(30EA) 0020  0000000000100000 ( 184) DBL_S           .FILL x0020
(30EB) 0020  0000000000100000 ( 184)                 .FILL x0020
(30EC) 0000  0000000000000000 ( 184)                 .FILL x0000
(30ED) 3E2E  0011111000101110 ( 213) LOAD_BOARD      ST    R7 RET2
(30EE) 322E  0011001000101110 ( 214)                 ST    R1 SAVE2R1
(30EF) 342E  0011010000101110 ( 215)                 ST    R2 SAVE2R2
(30F0) 362E  0011011000101110 ( 216)                 ST    R3 SAVE2R3
(30F1) 382E  0011100000101110 ( 217)                 ST    R4 SAVE2R4
(30F2) 3A2E  0011101000101110 ( 218)                 ST    R5 SAVE2R5
(30F3) 3C2E  0011110000101110 ( 219)                 ST    R6 SAVE2R6
(30F4) 262F  0010011000101111 ( 220)                 LD    R3 BOMB
(30F5) 1020  0001000000100000 ( 225)                 ADD   R0 R0 #0
(30F6) 0408  0000010000001000 ( 226) LD_B            BRZ   LD_NUMS
(30F7) 6200  0110001000000000 ( 227)                 LDR   R1 R0 #0
(30F8) 6401  0110010000000001 ( 228)                 LDR   R2 R0 #1
(30F9) 3029  0011000000101001 ( 229)                 ST    R0 SAVE_H
(30FA) 4945  0100100101000101 ( 230)                 JSR   GRID_ADDRESS
(30FB) 7600  0111011000000000 ( 231)                 STR   R3 R0 #0
(30FC) 2026  0010000000100110 ( 232)                 LD    R0 SAVE_H
(30FD) 6002  0110000000000010 ( 233)                 LDR   R0 R0 #2
(30FE) 0FF7  0000111111110111 ( 234)                 BRNZP LD_B
(30FF) 5260  0101001001100000 ( 239) LD_NUMS         AND   R1 R1 #0
(3100) 54A0  0101010010100000 ( 240)                 AND   R2 R2 #0
(3101) 56E0  0101011011100000 ( 241)                 AND   R3 R3 #0
(3102) 5920  0101100100100000 ( 242)                 AND   R4 R4 #0
(3103) 193C  0001100100111100 ( 243)                 ADD   R4 R4 #-4
(3104) 5B60  0101101101100000 ( 244)                 AND   R5 R5 #0
(3105) 2C1F  0010110000011111 ( 245)                 LD    R6 ASCII
(3106) 4939  0100100100111001 ( 247) BY_ROWS         JSR   GRID_ADDRESS
(3107) 1620  0001011000100000 ( 248)                 ADD   R3 R0 #0
(3108) 481D  0100100000011101 ( 249)                 JSR   COUNT_BOMBS
(3109) 1020  0001000000100000 ( 250)                 ADD   R0 R0 #0
(310A) 0C02  0000110000000010 ( 251)                 BRNZ  x310D
(310B) 1006  0001000000000110 ( 252)                 ADD   R0 R0 R6
(310C) 70C0  0111000011000000 ( 253)                 STR   R0 R3 #0
(310D) 14A1  0001010010100001 ( 255)                 ADD   R2 R2 #1
(310E) 1A84  0001101010000100 ( 256)                 ADD   R5 R2 R4
(310F) 09F6  0000100111110110 ( 257)                 BRN   BY_ROWS
(3110) 54A0  0101010010100000 ( 259)                 AND   R2 R2 #0
(3111) 1261  0001001001100001 ( 260)                 ADD   R1 R1 #1
(3112) 1A44  0001101001000100 ( 261)                 ADD   R5 R1 R4
(3113) 09F2  0000100111110010 ( 262)                 BRN   BY_ROWS
(3114) 2208  0010001000001000 ( 264) RE_S            LD    R1 SAVE2R1
(3115) 2408  0010010000001000 ( 265)                 LD    R2 SAVE2R2
(3116) 2608  0010011000001000 ( 266)                 LD    R3 SAVE2R3
(3117) 2808  0010100000001000 ( 267)                 LD    R4 SAVE2R4
(3118) 2A08  0010101000001000 ( 268)                 LD    R5 SAVE2R5
(3119) 2C08  0010110000001000 ( 269)                 LD    R6 SAVE2R6
(311A) 2E01  0010111000000001 ( 270)                 LD    R7 RET2
(311B) C1C0  1100000111000000 ( 271)                 RET   
(311C) 0000  0000000000000000 ( 274) RET2            .FILL x0000
(311D) 0000  0000000000000000 ( 275) SAVE2R1         .FILL x0000
(311E) 0000  0000000000000000 ( 276) SAVE2R2         .FILL x0000
(311F) 0000  0000000000000000 ( 277) SAVE2R3         .FILL x0000
(3120) 0000  0000000000000000 ( 278) SAVE2R4         .FILL x0000
(3121) 0000  0000000000000000 ( 279) SAVE2R5         .FILL x0000
(3122) 0000  0000000000000000 ( 280) SAVE2R6         .FILL x0000
(3123) 0000  0000000000000000 ( 281) SAVE_H          .FILL x0000
(3124) 002A  0000000000101010 ( 281) BOMB            .FILL x002A
(3125) 0030  0000000000110000 ( 282) ASCII           .FILL x0030
(3126) 3EF9  0011111011111001 ( 315) COUNT_BOMBS     ST    R7 RET3
(3127) 32F2  0011001011110010 ( 316)                 ST    R1 SAVE3R1
(3128) 34F2  0011010011110010 ( 317)                 ST    R2 SAVE3R2
(3129) 36F2  0011011011110010 ( 318)                 ST    R3 SAVE3R3
(312A) 38F2  0011100011110010 ( 319)                 ST    R4 SAVE3R4
(312B) 3AF2  0011101011110010 ( 320)                 ST    R5 SAVE3R5
(312C) 3CF2  0011110011110010 ( 321)                 ST    R6 SAVE3R6
(312D) 1660  0001011001100000 ( 325)                 ADD   R3 R1 #0
(312E) 18A0  0001100010100000 ( 326)                 ADD   R4 R2 #0
(312F) 48F1  0100100011110001 ( 327)                 JSR   CHECK_BOMB
(3130) 1B60  0001101101100000 ( 328)                 ADD   R5 R5 #0
(3131) 02DD  0000001011011101 ( 329)                 BRP   ISBOMB
(3132) 0C00  0000110000000000 ( 330)                 BRNZ  NOTABOMB
(3133) 5020  0101000000100000 ( 333) NOTABOMB        AND   R0 R0 #0
(3134) 5DA0  0101110110100000 ( 334)                 AND   R6 R6 #0
(3135) 1DBD  0001110110111101 ( 335)                 ADD   R6 R6 #-3
(3136) 14A0  0001010010100000 ( 349)                 ADD   R2 R2 #0
(3137) 045D  0000010001011101 ( 350)                 BRZ   LEFT
(3138) 1E86  0001111010000110 ( 351)                 ADD   R7 R2 R6
(3139) 0498  0000010010011000 ( 352)                 BRZ   RIGHT
(313A) 1660  0001011001100000 ( 354)                 ADD   R3 R1 #0
(313B) 18A1  0001100010100001 ( 355)                 ADD   R4 R2 #1
(313C) 48E4  0100100011100100 ( 356)                 JSR   CHECK_BOMB
(313D) 1B60  0001101101100000 ( 357)                 ADD   R5 R5 #0
(313E) 0401  0000010000000001 ( 358)                 BRZ   x3140
(313F) 1021  0001000000100001 ( 359)                 ADD   R0 R0 #1
(3140) 1660  0001011001100000 ( 362)                 ADD   R3 R1 #0
(3141) 18BF  0001100010111111 ( 363)                 ADD   R4 R2 #-1
(3142) 48DE  0100100011011110 ( 364)                 JSR   CHECK_BOMB
(3143) 1B60  0001101101100000 ( 365)                 ADD   R5 R5 #0
(3144) 0401  0000010000000001 ( 366)                 BRZ   x3146
(3145) 1021  0001000000100001 ( 367)                 ADD   R0 R0 #1
(3146) 1260  0001001001100000 ( 371)                 ADD   R1 R1 #0
(3147) 0427  0000010000100111 ( 372)                 BRZ   UP_MID
(3148) 1E46  0001111001000110 ( 373)                 ADD   R7 R1 R6
(3149) 0438  0000010000111000 ( 374)                 BRZ   DOWN_MID
(314A) 167F  0001011001111111 ( 378)                 ADD   R3 R1 #-1
(314B) 18A0  0001100010100000 ( 379)                 ADD   R4 R2 #0
(314C) 48D4  0100100011010100 ( 380)                 JSR   CHECK_BOMB
(314D) 1B60  0001101101100000 ( 381)                 ADD   R5 R5 #0
(314E) 0401  0000010000000001 ( 382)                 BRZ   x3150
(314F) 1021  0001000000100001 ( 383)                 ADD   R0 R0 #1
(3150) 1661  0001011001100001 ( 387)                 ADD   R3 R1 #1
(3151) 18A0  0001100010100000 ( 388)                 ADD   R4 R2 #0
(3152) 48CE  0100100011001110 ( 389)                 JSR   CHECK_BOMB
(3153) 1B60  0001101101100000 ( 390)                 ADD   R5 R5 #0
(3154) 0401  0000010000000001 ( 391)                 BRZ   x3156
(3155) 1021  0001000000100001 ( 392)                 ADD   R0 R0 #1
(3156) 18BF  0001100010111111 ( 395)                 ADD   R4 R2 #-1
(3157) 167F  0001011001111111 ( 396)                 ADD   R3 R1 #-1
(3158) 48C8  0100100011001000 ( 397)                 JSR   CHECK_BOMB
(3159) 1B60  0001101101100000 ( 398)                 ADD   R5 R5 #0
(315A) 0401  0000010000000001 ( 399)                 BRZ   x315C
(315B) 1021  0001000000100001 ( 400)                 ADD   R0 R0 #1
(315C) 18A1  0001100010100001 ( 404)                 ADD   R4 R2 #1
(315D) 167F  0001011001111111 ( 405)                 ADD   R3 R1 #-1
(315E) 48C2  0100100011000010 ( 406)                 JSR   CHECK_BOMB
(315F) 1B60  0001101101100000 ( 407)                 ADD   R5 R5 #0
(3160) 0401  0000010000000001 ( 408)                 BRZ   x3162
(3161) 1021  0001000000100001 ( 409)                 ADD   R0 R0 #1
(3162) 18BF  0001100010111111 ( 412)                 ADD   R4 R2 #-1
(3163) 1661  0001011001100001 ( 413)                 ADD   R3 R1 #1
(3164) 48BC  0100100010111100 ( 414)                 JSR   CHECK_BOMB
(3165) 1B60  0001101101100000 ( 415)                 ADD   R5 R5 #0
(3166) 0401  0000010000000001 ( 416)                 BRZ   x3168
(3167) 1021  0001000000100001 ( 417)                 ADD   R0 R0 #1
(3168) 18A1  0001100010100001 ( 420)                 ADD   R4 R2 #1
(3169) 1661  0001011001100001 ( 421)                 ADD   R3 R1 #1
(316A) 48B6  0100100010110110 ( 422)                 JSR   CHECK_BOMB
(316B) 1B60  0001101101100000 ( 423)                 ADD   R5 R5 #0
(316C) 0401  0000010000000001 ( 424)                 BRZ   x316E
(316D) 1021  0001000000100001 ( 425)                 ADD   R0 R0 #1
(316E) 0EA3  0000111010100011 ( 426)                 BRNZP RST3
(316F) 1661  0001011001100001 ( 428) UP_MID          ADD   R3 R1 #1
(3170) 18A0  0001100010100000 ( 429)                 ADD   R4 R2 #0
(3171) 48AF  0100100010101111 ( 430)                 JSR   CHECK_BOMB
(3172) 1B60  0001101101100000 ( 431)                 ADD   R5 R5 #0
(3173) 0401  0000010000000001 ( 432)                 BRZ   x3175
(3174) 1021  0001000000100001 ( 433)                 ADD   R0 R0 #1
(3175) 1661  0001011001100001 ( 435)                 ADD   R3 R1 #1
(3176) 18A1  0001100010100001 ( 436)                 ADD   R4 R2 #1
(3177) 48A9  0100100010101001 ( 437)                 JSR   CHECK_BOMB
(3178) 1B60  0001101101100000 ( 438)                 ADD   R5 R5 #0
(3179) 0401  0000010000000001 ( 439)                 BRZ   x317B
(317A) 1021  0001000000100001 ( 440)                 ADD   R0 R0 #1
(317B) 1661  0001011001100001 ( 442)                 ADD   R3 R1 #1
(317C) 18BF  0001100010111111 ( 443)                 ADD   R4 R2 #-1
(317D) 48A3  0100100010100011 ( 444)                 JSR   CHECK_BOMB
(317E) 1B60  0001101101100000 ( 445)                 ADD   R5 R5 #0
(317F) 0401  0000010000000001 ( 446)                 BRZ   x3181
(3180) 1021  0001000000100001 ( 447)                 ADD   R0 R0 #1
(3181) 0E90  0000111010010000 ( 448)                 BRNZP RST3
(3182) 167F  0001011001111111 ( 451) DOWN_MID        ADD   R3 R1 #-1
(3183) 18A0  0001100010100000 ( 452)                 ADD   R4 R2 #0
(3184) 489C  0100100010011100 ( 453)                 JSR   CHECK_BOMB
(3185) 1B60  0001101101100000 ( 454)                 ADD   R5 R5 #0
(3186) 0401  0000010000000001 ( 455)                 BRZ   x3188
(3187) 1021  0001000000100001 ( 456)                 ADD   R0 R0 #1
(3188) 167F  0001011001111111 ( 458)                 ADD   R3 R1 #-1
(3189) 18A1  0001100010100001 ( 459)                 ADD   R4 R2 #1
(318A) 4896  0100100010010110 ( 460)                 JSR   CHECK_BOMB
(318B) 1B60  0001101101100000 ( 461)                 ADD   R5 R5 #0
(318C) 0401  0000010000000001 ( 462)                 BRZ   x318E
(318D) 1021  0001000000100001 ( 463)                 ADD   R0 R0 #1
(318E) 167F  0001011001111111 ( 465)                 ADD   R3 R1 #-1
(318F) 18BF  0001100010111111 ( 466)                 ADD   R4 R2 #-1
(3190) 4890  0100100010010000 ( 467)                 JSR   CHECK_BOMB
(3191) 1B60  0001101101100000 ( 468)                 ADD   R5 R5 #0
(3192) 0401  0000010000000001 ( 469)                 BRZ   x3194
(3193) 1021  0001000000100001 ( 470)                 ADD   R0 R0 #1
(3194) 047D  0000010001111101 ( 471)                 BRZ   RST3
(3195) 1660  0001011001100000 ( 474) LEFT            ADD   R3 R1 #0
(3196) 18A1  0001100010100001 ( 475)                 ADD   R4 R2 #1
(3197) 4889  0100100010001001 ( 476)                 JSR   CHECK_BOMB
(3198) 1B60  0001101101100000 ( 477)                 ADD   R5 R5 #0
(3199) 0401  0000010000000001 ( 478)                 BRZ   x319B
(319A) 1021  0001000000100001 ( 479)                 ADD   R0 R0 #1
(319B) 1260  0001001001100000 ( 481)                 ADD   R1 R1 #0
(319C) 041B  0000010000011011 ( 482)                 BRZ   UP_LEFT
(319D) 1E46  0001111001000110 ( 483)                 ADD   R7 R1 R6
(319E) 0426  0000010000100110 ( 484)                 BRZ   DOWN_LEFT
(319F) 167F  0001011001111111 ( 486)                 ADD   R3 R1 #-1
(31A0) 18A0  0001100010100000 ( 487)                 ADD   R4 R2 #0
(31A1) 487F  0100100001111111 ( 488)                 JSR   CHECK_BOMB
(31A2) 1B60  0001101101100000 ( 489)                 ADD   R5 R5 #0
(31A3) 0401  0000010000000001 ( 490)                 BRZ   x31A5
(31A4) 1021  0001000000100001 ( 491)                 ADD   R0 R0 #1
(31A5) 1661  0001011001100001 ( 493)                 ADD   R3 R1 #1
(31A6) 18A0  0001100010100000 ( 494)                 ADD   R4 R2 #0
(31A7) 4879  0100100001111001 ( 495)                 JSR   CHECK_BOMB
(31A8) 1B60  0001101101100000 ( 496)                 ADD   R5 R5 #0
(31A9) 0401  0000010000000001 ( 497)                 BRZ   x31AB
(31AA) 1021  0001000000100001 ( 498)                 ADD   R0 R0 #1
(31AB) 167F  0001011001111111 ( 500)                 ADD   R3 R1 #-1
(31AC) 18A1  0001100010100001 ( 501)                 ADD   R4 R2 #1
(31AD) 4873  0100100001110011 ( 502)                 JSR   CHECK_BOMB
(31AE) 1B60  0001101101100000 ( 503)                 ADD   R5 R5 #0
(31AF) 0401  0000010000000001 ( 504)                 BRZ   x31B1
(31B0) 1021  0001000000100001 ( 505)                 ADD   R0 R0 #1
(31B1) 1661  0001011001100001 ( 507)                 ADD   R3 R1 #1
(31B2) 18A1  0001100010100001 ( 508)                 ADD   R4 R2 #1
(31B3) 486D  0100100001101101 ( 509)                 JSR   CHECK_BOMB
(31B4) 1B60  0001101101100000 ( 510)                 ADD   R5 R5 #0
(31B5) 0401  0000010000000001 ( 511)                 BRZ   x31B7
(31B6) 1021  0001000000100001 ( 512)                 ADD   R0 R0 #1
(31B7) 0E5A  0000111001011010 ( 513)                 BRNZP RST3
(31B8) 1661  0001011001100001 ( 515) UP_LEFT         ADD   R3 R1 #1
(31B9) 18A0  0001100010100000 ( 516)                 ADD   R4 R2 #0
(31BA) 4866  0100100001100110 ( 517)                 JSR   CHECK_BOMB
(31BB) 1B60  0001101101100000 ( 518)                 ADD   R5 R5 #0
(31BC) 0401  0000010000000001 ( 519)                 BRZ   x31BE
(31BD) 1021  0001000000100001 ( 520)                 ADD   R0 R0 #1
(31BE) 1661  0001011001100001 ( 522)                 ADD   R3 R1 #1
(31BF) 18A1  0001100010100001 ( 523)                 ADD   R4 R2 #1
(31C0) 4860  0100100001100000 ( 524)                 JSR   CHECK_BOMB
(31C1) 1B60  0001101101100000 ( 525)                 ADD   R5 R5 #0
(31C2) 0401  0000010000000001 ( 526)                 BRZ   x31C4
(31C3) 1021  0001000000100001 ( 527)                 ADD   R0 R0 #1
(31C4) 0E4D  0000111001001101 ( 528)                 BRNZP RST3
(31C5) 167F  0001011001111111 ( 531) DOWN_LEFT       ADD   R3 R1 #-1
(31C6) 18A0  0001100010100000 ( 532)                 ADD   R4 R2 #0
(31C7) 4859  0100100001011001 ( 533)                 JSR   CHECK_BOMB
(31C8) 1B60  0001101101100000 ( 534)                 ADD   R5 R5 #0
(31C9) 0401  0000010000000001 ( 535)                 BRZ   x31CB
(31CA) 1021  0001000000100001 ( 536)                 ADD   R0 R0 #1
(31CB) 167F  0001011001111111 ( 538)                 ADD   R3 R1 #-1
(31CC) 18A1  0001100010100001 ( 539)                 ADD   R4 R2 #1
(31CD) 4853  0100100001010011 ( 540)                 JSR   CHECK_BOMB
(31CE) 1B60  0001101101100000 ( 541)                 ADD   R5 R5 #0
(31CF) 0401  0000010000000001 ( 542)                 BRZ   x31D1
(31D0) 1021  0001000000100001 ( 543)                 ADD   R0 R0 #1
(31D1) 0E40  0000111001000000 ( 544)                 BRNZP RST3
(31D2) 1660  0001011001100000 ( 546) RIGHT           ADD   R3 R1 #0
(31D3) 18BF  0001100010111111 ( 547)                 ADD   R4 R2 #-1
(31D4) 484C  0100100001001100 ( 548)                 JSR   CHECK_BOMB
(31D5) 1B60  0001101101100000 ( 549)                 ADD   R5 R5 #0
(31D6) 0401  0000010000000001 ( 550)                 BRZ   x31D8
(31D7) 1021  0001000000100001 ( 551)                 ADD   R0 R0 #1
(31D8) 1260  0001001001100000 ( 553)                 ADD   R1 R1 #0
(31D9) 041B  0000010000011011 ( 554)                 BRZ   UP_RIGHT
(31DA) 1E60  0001111001100000 ( 555)                 ADD   R7 R1 #0
(31DB) 0426  0000010000100110 ( 556)                 BRZ   DOWN_RIGHT
(31DC) 167F  0001011001111111 ( 558)                 ADD   R3 R1 #-1
(31DD) 18A0  0001100010100000 ( 559)                 ADD   R4 R2 #0
(31DE) 4842  0100100001000010 ( 560)                 JSR   CHECK_BOMB
(31DF) 1B60  0001101101100000 ( 561)                 ADD   R5 R5 #0
(31E0) 0401  0000010000000001 ( 562)                 BRZ   x31E2
(31E1) 1021  0001000000100001 ( 563)                 ADD   R0 R0 #1
(31E2) 1661  0001011001100001 ( 565)                 ADD   R3 R1 #1
(31E3) 18A0  0001100010100000 ( 566)                 ADD   R4 R2 #0
(31E4) 483C  0100100000111100 ( 567)                 JSR   CHECK_BOMB
(31E5) 1B60  0001101101100000 ( 568)                 ADD   R5 R5 #0
(31E6) 0401  0000010000000001 ( 569)                 BRZ   x31E8
(31E7) 1021  0001000000100001 ( 570)                 ADD   R0 R0 #1
(31E8) 1661  0001011001100001 ( 572)                 ADD   R3 R1 #1
(31E9) 18BF  0001100010111111 ( 573)                 ADD   R4 R2 #-1
(31EA) 4836  0100100000110110 ( 574)                 JSR   CHECK_BOMB
(31EB) 1B60  0001101101100000 ( 575)                 ADD   R5 R5 #0
(31EC) 0401  0000010000000001 ( 576)                 BRZ   x31EE
(31ED) 1021  0001000000100001 ( 577)                 ADD   R0 R0 #1
(31EE) 167F  0001011001111111 ( 580)                 ADD   R3 R1 #-1
(31EF) 18BF  0001100010111111 ( 581)                 ADD   R4 R2 #-1
(31F0) 4830  0100100000110000 ( 582)                 JSR   CHECK_BOMB
(31F1) 1B60  0001101101100000 ( 583)                 ADD   R5 R5 #0
(31F2) 0401  0000010000000001 ( 584)                 BRZ   x31F4
(31F3) 1021  0001000000100001 ( 585)                 ADD   R0 R0 #1
(31F4) 0E1D  0000111000011101 ( 586)                 BRNZP RST3
(31F5) 1661  0001011001100001 ( 589) UP_RIGHT        ADD   R3 R1 #1
(31F6) 18A0  0001100010100000 ( 590)                 ADD   R4 R2 #0
(31F7) 4829  0100100000101001 ( 591)                 JSR   CHECK_BOMB
(31F8) 1B60  0001101101100000 ( 592)                 ADD   R5 R5 #0
(31F9) 0401  0000010000000001 ( 593)                 BRZ   x31FB
(31FA) 1021  0001000000100001 ( 594)                 ADD   R0 R0 #1
(31FB) 1661  0001011001100001 ( 596)                 ADD   R3 R1 #1
(31FC) 18BF  0001100010111111 ( 597)                 ADD   R4 R2 #-1
(31FD) 4823  0100100000100011 ( 598)                 JSR   CHECK_BOMB
(31FE) 1B60  0001101101100000 ( 599)                 ADD   R5 R5 #0
(31FF) 0401  0000010000000001 ( 600)                 BRZ   x3201
(3200) 1021  0001000000100001 ( 601)                 ADD   R0 R0 #1
(3201) 0E10  0000111000010000 ( 602)                 BRNZP RST3
(3202) 167F  0001011001111111 ( 605) DOWN_RIGHT      ADD   R3 R1 #-1
(3203) 18A0  0001100010100000 ( 606)                 ADD   R4 R2 #0
(3204) 481C  0100100000011100 ( 607)                 JSR   CHECK_BOMB
(3205) 1B60  0001101101100000 ( 608)                 ADD   R5 R5 #0
(3206) 0401  0000010000000001 ( 609)                 BRZ   x3208
(3207) 1021  0001000000100001 ( 610)                 ADD   R0 R0 #1
(3208) 167F  0001011001111111 ( 612)                 ADD   R3 R1 #-1
(3209) 18BF  0001100010111111 ( 613)                 ADD   R4 R2 #-1
(320A) 4816  0100100000010110 ( 614)                 JSR   CHECK_BOMB
(320B) 1B60  0001101101100000 ( 615)                 ADD   R5 R5 #0
(320C) 0401  0000010000000001 ( 616)                 BRZ   x320E
(320D) 1021  0001000000100001 ( 617)                 ADD   R0 R0 #1
(320E) 0E03  0000111000000011 ( 618)                 BRNZP RST3
(320F) 5020  0101000000100000 ( 620) ISBOMB          AND   R0 R0 #0
(3210) 103F  0001000000111111 ( 621)                 ADD   R0 R0 #-1
(3211) 0E00  0000111000000000 ( 622)                 BRNZP RST3
(3212) 2207  0010001000000111 ( 624) RST3            LD    R1 SAVE3R1
(3213) 2407  0010010000000111 ( 625)                 LD    R2 SAVE3R2
(3214) 2607  0010011000000111 ( 626)                 LD    R3 SAVE3R3
(3215) 2807  0010100000000111 ( 627)                 LD    R4 SAVE3R4
(3216) 2A07  0010101000000111 ( 628)                 LD    R5 SAVE3R5
(3217) 2C07  0010110000000111 ( 629)                 LD    R6 SAVE3R6
(3218) 2E07  0010111000000111 ( 630)                 LD    R7 RET3
(3219) C1C0  1100000111000000 ( 631)                 RET   
(321A) 0000  0000000000000000 ( 634) SAVE3R1         .FILL x0000
(321B) 0000  0000000000000000 ( 635) SAVE3R2         .FILL x0000
(321C) 0000  0000000000000000 ( 636) SAVE3R3         .FILL x0000
(321D) 0000  0000000000000000 ( 637) SAVE3R4         .FILL x0000
(321E) 0000  0000000000000000 ( 638) SAVE3R5         .FILL x0000
(321F) 0000  0000000000000000 ( 639) SAVE3R6         .FILL x0000
(3220) 0000  0000000000000000 ( 659) RET3            .FILL x0000
(3221) 3E17  0011111000010111 ( 660) CHECK_BOMB      ST    R7 SS_RET
(3222) 3017  0011000000010111 ( 661)                 ST    R0 SS_R0
(3223) 3217  0011001000010111 ( 662)                 ST    R1 SS_R1
(3224) 3417  0011010000010111 ( 663)                 ST    R2 SS_R2
(3225) 3C17  0011110000010111 ( 664)                 ST    R6 SS_R6
(3226) 12E0  0001001011100000 ( 666)                 ADD   R1 R3 #0
(3227) 1520  0001010100100000 ( 667)                 ADD   R2 R4 #0
(3228) 4817  0100100000010111 ( 670)                 JSR   GRID_ADDRESS
(3229) 2214  0010001000010100 ( 671)                 LD    R1 ASC_BOMB
(322A) 6400  0110010000000000 ( 672)                 LDR   R2 R0 #0
(322B) 927F  1001001001111111 ( 673)                 NOT   R1 R1
(322C) 1261  0001001001100001 ( 674)                 ADD   R1 R1 #1
(322D) 1C42  0001110001000010 ( 675)                 ADD   R6 R1 R2
(322E) 0A03  0000101000000011 ( 676)                 BRNP  NO_BOMB
(322F) 5B60  0101101101100000 ( 678) D_BOMB          AND   R5 R5 #0
(3230) 1B61  0001101101100001 ( 679)                 ADD   R5 R5 #1
(3231) 0E01  0000111000000001 ( 680)                 BRNZP RST_V
(3232) 5B60  0101101101100000 ( 682) NO_BOMB         AND   R5 R5 #0
(3233) 2006  0010000000000110 ( 685) RST_V           LD    R0 SS_R0
(3234) 2206  0010001000000110 ( 686)                 LD    R1 SS_R1
(3235) 2406  0010010000000110 ( 687)                 LD    R2 SS_R2
(3236) 2C06  0010110000000110 ( 688)                 LD    R6 SS_R6
(3237) 2E01  0010111000000001 ( 689)                 LD    R7 SS_RET
(3238) C1C0  1100000111000000 ( 690)                 RET   
(3239) 0000  0000000000000000 ( 693) SS_RET          .FILL x0000
(323A) 0000  0000000000000000 ( 694) SS_R0           .FILL x0000
(323B) 0000  0000000000000000 ( 695) SS_R1           .FILL x0000
(323C) 0000  0000000000000000 ( 696) SS_R2           .FILL x0000
(323D) 0000  0000000000000000 ( 697) SS_R6           .FILL x0000
(323E) 002A  0000000000101010 ( 697) ASC_BOMB        .FILL x002A
(323F) 0000  0000000000000000 ( 697)                 .FILL x0000
(3240) 3E16  0011111000010110 ( 714) GRID_ADDRESS    ST    R7 RET4
(3241) 3216  0011001000010110 ( 715)                 ST    R1 SAVE4R1
(3242) 3416  0011010000010110 ( 716)                 ST    R2 SAVE4R2
(3243) 3616  0011011000010110 ( 717)                 ST    R3 SAVE4R3
(3244) 3816  0011100000010110 ( 718)                 ST    R4 SAVE4R4
(3245) 2017  0010000000010111 ( 720)                 LD    R0 R_ROW0
(3246) 56E0  0101011011100000 ( 725)                 AND   R3 R3 #0
(3247) 2814  0010100000010100 ( 726)                 LD    R4 ROW
(3248) 1260  0001001001100000 ( 727)                 ADD   R1 R1 #0
(3249) 0403  0000010000000011 ( 728) ROWS            BRZ   COLS
(324A) 16C4  0001011011000100 ( 729)                 ADD   R3 R3 R4
(324B) 127F  0001001001111111 ( 730)                 ADD   R1 R1 #-1
(324C) 0FFC  0000111111111100 ( 731)                 BRNZP ROWS
(324D) 1003  0001000000000011 ( 734) COLS            ADD   R0 R0 R3
(324E) 1482  0001010010000010 ( 735)                 ADD   R2 R2 R2
(324F) 14A1  0001010010100001 ( 736)                 ADD   R2 R2 #1
(3250) 1002  0001000000000010 ( 737)                 ADD   R0 R0 R2
(3251) 2206  0010001000000110 ( 739)                 LD    R1 SAVE4R1
(3252) 2406  0010010000000110 ( 740)                 LD    R2 SAVE4R2
(3253) 2606  0010011000000110 ( 741)                 LD    R3 SAVE4R3
(3254) 2806  0010100000000110 ( 742)                 LD    R4 SAVE4R4
(3255) 2E01  0010111000000001 ( 743)                 LD    R7 RET4
(3256) C1C0  1100000111000000 ( 744)                 RET   
(3257) 0000  0000000000000000 ( 747) RET4            .FILL x0000
(3258) 0000  0000000000000000 ( 748) SAVE4R1         .FILL x0000
(3259) 0000  0000000000000000 ( 749) SAVE4R2         .FILL x0000
(325A) 0000  0000000000000000 ( 750) SAVE4R3         .FILL x0000
(325B) 0000  0000000000000000 ( 751) SAVE4R4         .FILL x0000
(325C) 0014  0000000000010100 ( 751) ROW             .FILL x0014
(325D) 3034  0011000000110100 ( 752) R_ROW0          .FILL x3034
