(0000) 3000  0011000000000000 (  18)                 .ORIG x3000
(3000) 4883  0100100010000011 (  23)                 JSR   DISPLAY_BOARD
(3001) E016  1110000000010110 (  24)                 LEA   R0 BOARD_INITIAL
(3002) F022  1111000000100010 (  25)                 TRAP  x22
(3003) A024  1010000000100100 (  26)                 LDI   R0 BLOCKS
(3004) 48E9  0100100011101001 (  27)                 JSR   LOAD_BOARD
(3005) 487E  0100100001111110 (  28)                 JSR   DISPLAY_BOARD
(3006) E002  1110000000000010 (  29)                 LEA   R0 BOARD_LOADED
(3007) F022  1111000000100010 (  30)                 TRAP  x22
(3008) F025  1111000000100101 (  31)                 TRAP  x25
(3009) 000A  0000000000001010 (  32) BOARD_LOADED    .FILL x000A
(300A) 0042  0000000001000010 (  32)                 .FILL x0042
(300B) 006F  0000000001101111 (  32)                 .FILL x006F
(300C) 0061  0000000001100001 (  32)                 .FILL x0061
(300D) 0072  0000000001110010 (  32)                 .FILL x0072
(300E) 0064  0000000001100100 (  32)                 .FILL x0064
(300F) 0020  0000000000100000 (  32)                 .FILL x0020
(3010) 004C  0000000001001100 (  32)                 .FILL x004C
(3011) 006F  0000000001101111 (  32)                 .FILL x006F
(3012) 0061  0000000001100001 (  32)                 .FILL x0061
(3013) 0064  0000000001100100 (  32)                 .FILL x0064
(3014) 0065  0000000001100101 (  32)                 .FILL x0065
(3015) 0064  0000000001100100 (  32)                 .FILL x0064
(3016) 000A  0000000000001010 (  32)                 .FILL x000A
(3017) 0000  0000000000000000 (  32)                 .FILL x0000
(3018) 000A  0000000000001010 (  33) BOARD_INITIAL   .FILL x000A
(3019) 0042  0000000001000010 (  33)                 .FILL x0042
(301A) 006F  0000000001101111 (  33)                 .FILL x006F
(301B) 0061  0000000001100001 (  33)                 .FILL x0061
(301C) 0072  0000000001110010 (  33)                 .FILL x0072
(301D) 0064  0000000001100100 (  33)                 .FILL x0064
(301E) 0020  0000000000100000 (  33)                 .FILL x0020
(301F) 0049  0000000001001001 (  33)                 .FILL x0049
(3020) 006E  0000000001101110 (  33)                 .FILL x006E
(3021) 0069  0000000001101001 (  33)                 .FILL x0069
(3022) 0074  0000000001110100 (  33)                 .FILL x0074
(3023) 0069  0000000001101001 (  33)                 .FILL x0069
(3024) 0061  0000000001100001 (  33)                 .FILL x0061
(3025) 006C  0000000001101100 (  33)                 .FILL x006C
(3026) 000A  0000000000001010 (  33)                 .FILL x000A
(3027) 0000  0000000000000000 (  33)                 .FILL x0000
(3028) 6000  0110000000000000 (  34) BLOCKS          .FILL x6000
(3029) 0000  0000000000000000 (  43) SCORE           .FILL x0000
(302A) 002B  0000000000101011 (  43) GRID            .FILL x002B
(302B) 002D  0000000000101101 (  43)                 .FILL x002D
(302C) 002B  0000000000101011 (  43)                 .FILL x002B
(302D) 002D  0000000000101101 (  43)                 .FILL x002D
(302E) 002B  0000000000101011 (  43)                 .FILL x002B
(302F) 002D  0000000000101101 (  43)                 .FILL x002D
(3030) 002B  0000000000101011 (  43)                 .FILL x002B
(3031) 002D  0000000000101101 (  43)                 .FILL x002D
(3032) 002B  0000000000101011 (  43)                 .FILL x002B
(3033) 0000  0000000000000000 (  43)                 .FILL x0000
(3034) 007C  0000000001111100 (  44) ROW0            .FILL x007C
(3035) 0020  0000000000100000 (  44)                 .FILL x0020
(3036) 007C  0000000001111100 (  44)                 .FILL x007C
(3037) 0020  0000000000100000 (  44)                 .FILL x0020
(3038) 007C  0000000001111100 (  44)                 .FILL x007C
(3039) 0020  0000000000100000 (  44)                 .FILL x0020
(303A) 007C  0000000001111100 (  44)                 .FILL x007C
(303B) 0020  0000000000100000 (  44)                 .FILL x0020
(303C) 007C  0000000001111100 (  44)                 .FILL x007C
(303D) 0000  0000000000000000 (  44)                 .FILL x0000
(303E) 002B  0000000000101011 (  45)                 .FILL x002B
(303F) 002D  0000000000101101 (  45)                 .FILL x002D
(3040) 002B  0000000000101011 (  45)                 .FILL x002B
(3041) 002D  0000000000101101 (  45)                 .FILL x002D
(3042) 002B  0000000000101011 (  45)                 .FILL x002B
(3043) 002D  0000000000101101 (  45)                 .FILL x002D
(3044) 002B  0000000000101011 (  45)                 .FILL x002B
(3045) 002D  0000000000101101 (  45)                 .FILL x002D
(3046) 002B  0000000000101011 (  45)                 .FILL x002B
(3047) 0000  0000000000000000 (  45)                 .FILL x0000
(3048) 007C  0000000001111100 (  46) ROW1            .FILL x007C
(3049) 0020  0000000000100000 (  46)                 .FILL x0020
(304A) 007C  0000000001111100 (  46)                 .FILL x007C
(304B) 0020  0000000000100000 (  46)                 .FILL x0020
(304C) 007C  0000000001111100 (  46)                 .FILL x007C
(304D) 0020  0000000000100000 (  46)                 .FILL x0020
(304E) 007C  0000000001111100 (  46)                 .FILL x007C
(304F) 0020  0000000000100000 (  46)                 .FILL x0020
(3050) 007C  0000000001111100 (  46)                 .FILL x007C
(3051) 0000  0000000000000000 (  46)                 .FILL x0000
(3052) 002B  0000000000101011 (  47)                 .FILL x002B
(3053) 002D  0000000000101101 (  47)                 .FILL x002D
(3054) 002B  0000000000101011 (  47)                 .FILL x002B
(3055) 002D  0000000000101101 (  47)                 .FILL x002D
(3056) 002B  0000000000101011 (  47)                 .FILL x002B
(3057) 002D  0000000000101101 (  47)                 .FILL x002D
(3058) 002B  0000000000101011 (  47)                 .FILL x002B
(3059) 002D  0000000000101101 (  47)                 .FILL x002D
(305A) 002B  0000000000101011 (  47)                 .FILL x002B
(305B) 0000  0000000000000000 (  47)                 .FILL x0000
(305C) 007C  0000000001111100 (  48) ROW2            .FILL x007C
(305D) 0020  0000000000100000 (  48)                 .FILL x0020
(305E) 007C  0000000001111100 (  48)                 .FILL x007C
(305F) 0020  0000000000100000 (  48)                 .FILL x0020
(3060) 007C  0000000001111100 (  48)                 .FILL x007C
(3061) 0020  0000000000100000 (  48)                 .FILL x0020
(3062) 007C  0000000001111100 (  48)                 .FILL x007C
(3063) 0020  0000000000100000 (  48)                 .FILL x0020
(3064) 007C  0000000001111100 (  48)                 .FILL x007C
(3065) 0000  0000000000000000 (  48)                 .FILL x0000
(3066) 002B  0000000000101011 (  49)                 .FILL x002B
(3067) 002D  0000000000101101 (  49)                 .FILL x002D
(3068) 002B  0000000000101011 (  49)                 .FILL x002B
(3069) 002D  0000000000101101 (  49)                 .FILL x002D
(306A) 002B  0000000000101011 (  49)                 .FILL x002B
(306B) 002D  0000000000101101 (  49)                 .FILL x002D
(306C) 002B  0000000000101011 (  49)                 .FILL x002B
(306D) 002D  0000000000101101 (  49)                 .FILL x002D
(306E) 002B  0000000000101011 (  49)                 .FILL x002B
(306F) 0000  0000000000000000 (  49)                 .FILL x0000
(3070) 007C  0000000001111100 (  50) ROW3            .FILL x007C
(3071) 0020  0000000000100000 (  50)                 .FILL x0020
(3072) 007C  0000000001111100 (  50)                 .FILL x007C
(3073) 0020  0000000000100000 (  50)                 .FILL x0020
(3074) 007C  0000000001111100 (  50)                 .FILL x007C
(3075) 0020  0000000000100000 (  50)                 .FILL x0020
(3076) 007C  0000000001111100 (  50)                 .FILL x007C
(3077) 0020  0000000000100000 (  50)                 .FILL x0020
(3078) 007C  0000000001111100 (  50)                 .FILL x007C
(3079) 0000  0000000000000000 (  50)                 .FILL x0000
(307A) 002B  0000000000101011 (  51)                 .FILL x002B
(307B) 002D  0000000000101101 (  51)                 .FILL x002D
(307C) 002B  0000000000101011 (  51)                 .FILL x002B
(307D) 002D  0000000000101101 (  51)                 .FILL x002D
(307E) 002B  0000000000101011 (  51)                 .FILL x002B
(307F) 002D  0000000000101101 (  51)                 .FILL x002D
(3080) 002B  0000000000101011 (  51)                 .FILL x002B
(3081) 002D  0000000000101101 (  51)                 .FILL x002D
(3082) 002B  0000000000101011 (  51)                 .FILL x002B
(3083) 0000  0000000000000000 (  51)                 .FILL x0000
(3084) 304F  0011000001001111 (  86) DISPLAY_BOARD   ST    R0 SAVE1R0
(3085) 324F  0011001001001111 (  87)                 ST    R1 SAVE1R1
(3086) 3E4F  0011111001001111 (  88)                 ST    R7 RET1
(3087) E051  1110000001010001 (  92)                 LEA   R0 COL_N
(3088) F022  1111000000100010 (  93)                 TRAP  x22
(3089) E061  1110000001100001 (  94)                 LEA   R0 DBL_S
(308A) F022  1111000000100010 (  95)                 TRAP  x22
(308B) E19E  1110000110011110 (  96)                 LEA   R0 GRID
(308C) F022  1111000000100010 (  97)                 TRAP  x22
(308D) E059  1110000001011001 (  98)                 LEA   R0 ETR
(308E) F022  1111000000100010 (  99)                 TRAP  x22
(308F) 2247  0010001001000111 ( 101)                 LD    R1 ZERO
(3090) 1060  0001000001100000 ( 103)                 ADD   R0 R1 #0
(3091) F021  1111000000100001 ( 104)                 TRAP  x21
(3092) 1261  0001001001100001 ( 105)                 ADD   R1 R1 #1
(3093) E055  1110000001010101 ( 106)                 LEA   R0 SIG_S
(3094) F022  1111000000100010 ( 107)                 TRAP  x22
(3095) E19E  1110000110011110 ( 108)                 LEA   R0 ROW0
(3096) F022  1111000000100010 ( 109)                 TRAP  x22
(3097) E04F  1110000001001111 ( 110)                 LEA   R0 ETR
(3098) F022  1111000000100010 ( 111)                 TRAP  x22
(3099) E051  1110000001010001 ( 112)                 LEA   R0 DBL_S
(309A) F022  1111000000100010 ( 113)                 TRAP  x22
(309B) E198  1110000110011000 ( 114)                 LEA   R0 ROW0
(309C) 102A  0001000000101010 ( 115)                 ADD   R0 R0 #10
(309D) F022  1111000000100010 ( 116)                 TRAP  x22
(309E) E048  1110000001001000 ( 117)                 LEA   R0 ETR
(309F) F022  1111000000100010 ( 118)                 TRAP  x22
(30A0) 1060  0001000001100000 ( 120)                 ADD   R0 R1 #0
(30A1) F021  1111000000100001 ( 121)                 TRAP  x21
(30A2) 1261  0001001001100001 ( 122)                 ADD   R1 R1 #1
(30A3) E045  1110000001000101 ( 123)                 LEA   R0 SIG_S
(30A4) F022  1111000000100010 ( 124)                 TRAP  x22
(30A5) E1A2  1110000110100010 ( 125)                 LEA   R0 ROW1
(30A6) F022  1111000000100010 ( 126)                 TRAP  x22
(30A7) E03F  1110000000111111 ( 127)                 LEA   R0 ETR
(30A8) F022  1111000000100010 ( 128)                 TRAP  x22
(30A9) E041  1110000001000001 ( 129)                 LEA   R0 DBL_S
(30AA) F022  1111000000100010 ( 130)                 TRAP  x22
(30AB) E19C  1110000110011100 ( 131)                 LEA   R0 ROW1
(30AC) 102A  0001000000101010 ( 132)                 ADD   R0 R0 #10
(30AD) F022  1111000000100010 ( 133)                 TRAP  x22
(30AE) E038  1110000000111000 ( 134)                 LEA   R0 ETR
(30AF) F022  1111000000100010 ( 135)                 TRAP  x22
(30B0) 1060  0001000001100000 ( 137)                 ADD   R0 R1 #0
(30B1) F021  1111000000100001 ( 138)                 TRAP  x21
(30B2) 1261  0001001001100001 ( 139)                 ADD   R1 R1 #1
(30B3) E035  1110000000110101 ( 140)                 LEA   R0 SIG_S
(30B4) F022  1111000000100010 ( 141)                 TRAP  x22
(30B5) E1A6  1110000110100110 ( 142)                 LEA   R0 ROW2
(30B6) F022  1111000000100010 ( 143)                 TRAP  x22
(30B7) E02F  1110000000101111 ( 144)                 LEA   R0 ETR
(30B8) F022  1111000000100010 ( 145)                 TRAP  x22
(30B9) E031  1110000000110001 ( 146)                 LEA   R0 DBL_S
(30BA) F022  1111000000100010 ( 147)                 TRAP  x22
(30BB) E1A0  1110000110100000 ( 148)                 LEA   R0 ROW2
(30BC) 102A  0001000000101010 ( 149)                 ADD   R0 R0 #10
(30BD) F022  1111000000100010 ( 150)                 TRAP  x22
(30BE) E028  1110000000101000 ( 151)                 LEA   R0 ETR
(30BF) F022  1111000000100010 ( 152)                 TRAP  x22
(30C0) 1060  0001000001100000 ( 154)                 ADD   R0 R1 #0
(30C1) F021  1111000000100001 ( 155)                 TRAP  x21
(30C2) 1261  0001001001100001 ( 156)                 ADD   R1 R1 #1
(30C3) E025  1110000000100101 ( 157)                 LEA   R0 SIG_S
(30C4) F022  1111000000100010 ( 158)                 TRAP  x22
(30C5) E1AA  1110000110101010 ( 159)                 LEA   R0 ROW3
(30C6) F022  1111000000100010 ( 160)                 TRAP  x22
(30C7) E01F  1110000000011111 ( 161)                 LEA   R0 ETR
(30C8) F022  1111000000100010 ( 162)                 TRAP  x22
(30C9) E021  1110000000100001 ( 163)                 LEA   R0 DBL_S
(30CA) F022  1111000000100010 ( 164)                 TRAP  x22
(30CB) E1A4  1110000110100100 ( 165)                 LEA   R0 ROW3
(30CC) 102A  0001000000101010 ( 166)                 ADD   R0 R0 #10
(30CD) F022  1111000000100010 ( 167)                 TRAP  x22
(30CE) E018  1110000000011000 ( 168)                 LEA   R0 ETR
(30CF) F022  1111000000100010 ( 169)                 TRAP  x22
(30D0) 2003  0010000000000011 ( 171)                 LD    R0 SAVE1R0
(30D1) 2203  0010001000000011 ( 172)                 LD    R1 SAVE1R1
(30D2) 2E03  0010111000000011 ( 173)                 LD    R7 RET1
(30D3) C1C0  1100000111000000 ( 175)                 RET   
(30D4) 0000  0000000000000000 ( 178) SAVE1R0         .FILL x0000
(30D5) 0000  0000000000000000 ( 179) SAVE1R1         .FILL x0000
(30D6) 0000  0000000000000000 ( 180) RET1            .FILL x0000
(30D7) 0030  0000000000110000 ( 180) ZERO            .FILL x0030
(30D8) 0000  0000000000000000 ( 180)                 .FILL x0000
(30D9) 000A  0000000000001010 ( 181) COL_N           .FILL x000A
(30DA) 0020  0000000000100000 ( 181)                 .FILL x0020
(30DB) 0020  0000000000100000 ( 181)                 .FILL x0020
(30DC) 0020  0000000000100000 ( 181)                 .FILL x0020
(30DD) 0030  0000000000110000 ( 181)                 .FILL x0030
(30DE) 0020  0000000000100000 ( 181)                 .FILL x0020
(30DF) 0031  0000000000110001 ( 181)                 .FILL x0031
(30E0) 0020  0000000000100000 ( 181)                 .FILL x0020
(30E1) 0032  0000000000110010 ( 181)                 .FILL x0032
(30E2) 0020  0000000000100000 ( 181)                 .FILL x0020
(30E3) 0033  0000000000110011 ( 181)                 .FILL x0033
(30E4) 0020  0000000000100000 ( 181)                 .FILL x0020
(30E5) 000A  0000000000001010 ( 181)                 .FILL x000A
(30E6) 0000  0000000000000000 ( 181)                 .FILL x0000
(30E7) 000A  0000000000001010 ( 182) ETR             .FILL x000A
(30E8) 0000  0000000000000000 ( 182)                 .FILL x0000
(30E9) 0020  0000000000100000 ( 183) SIG_S           .FILL x0020
(30EA) 0000  0000000000000000 ( 183)                 .FILL x0000
(30EB) 0020  0000000000100000 ( 184) DBL_S           .FILL x0020
(30EC) 0020  0000000000100000 ( 184)                 .FILL x0020
(30ED) 0000  0000000000000000 ( 184)                 .FILL x0000
(30EE) 3E2F  0011111000101111 ( 213) LOAD_BOARD      ST    R7 RET2
(30EF) 322F  0011001000101111 ( 214)                 ST    R1 SAVE2R1
(30F0) 342F  0011010000101111 ( 215)                 ST    R2 SAVE2R2
(30F1) 362F  0011011000101111 ( 216)                 ST    R3 SAVE2R3
(30F2) 382F  0011100000101111 ( 217)                 ST    R4 SAVE2R4
(30F3) 3A2F  0011101000101111 ( 218)                 ST    R5 SAVE2R5
(30F4) 3C2F  0011110000101111 ( 219)                 ST    R6 SAVE2R6
(30F5) 2630  0010011000110000 ( 220)                 LD    R3 BOMB
(30F6) 1020  0001000000100000 ( 225)                 ADD   R0 R0 #0
(30F7) 0408  0000010000001000 ( 226) LD_B            BRZ   LD_NUMS
(30F8) 6200  0110001000000000 ( 227)                 LDR   R1 R0 #0
(30F9) 6401  0110010000000001 ( 228)                 LDR   R2 R0 #1
(30FA) 302A  0011000000101010 ( 229)                 ST    R0 SAVE_H
(30FB) 4998  0100100110011000 ( 230)                 JSR   GRID_ADDRESS
(30FC) 7600  0111011000000000 ( 231)                 STR   R3 R0 #0
(30FD) 2027  0010000000100111 ( 232)                 LD    R0 SAVE_H
(30FE) 6002  0110000000000010 ( 233)                 LDR   R0 R0 #2
(30FF) 0FF7  0000111111110111 ( 234)                 BRNZP LD_B
(3100) 5260  0101001001100000 ( 239) LD_NUMS         AND   R1 R1 #0
(3101) 54A0  0101010010100000 ( 240)                 AND   R2 R2 #0
(3102) 56E0  0101011011100000 ( 241)                 AND   R3 R3 #0
(3103) 5920  0101100100100000 ( 242)                 AND   R4 R4 #0
(3104) 193C  0001100100111100 ( 243)                 ADD   R4 R4 #-4
(3105) 5B60  0101101101100000 ( 244)                 AND   R5 R5 #0
(3106) 2C20  0010110000100000 ( 245)                 LD    R6 ASCII
(3107) 498C  0100100110001100 ( 247) BY_ROWS         JSR   GRID_ADDRESS
(3108) 1620  0001011000100000 ( 248)                 ADD   R3 R0 #0
(3109) 211E  0010000100011110 ( 249)                 LD    R0 BLOCKS
(310A) 481D  0100100000011101 ( 250)                 JSR   COUNT_BOMBS
(310B) 1020  0001000000100000 ( 251)                 ADD   R0 R0 #0
(310C) 0C02  0000110000000010 ( 252)                 BRNZ  x310F
(310D) 1006  0001000000000110 ( 253)                 ADD   R0 R0 R6
(310E) 70C0  0111000011000000 ( 254)                 STR   R0 R3 #0
(310F) 14A1  0001010010100001 ( 256)                 ADD   R2 R2 #1
(3110) 1A84  0001101010000100 ( 257)                 ADD   R5 R2 R4
(3111) 09F5  0000100111110101 ( 258)                 BRN   BY_ROWS
(3112) 54A0  0101010010100000 ( 260)                 AND   R2 R2 #0
(3113) 1261  0001001001100001 ( 261)                 ADD   R1 R1 #1
(3114) 1A44  0001101001000100 ( 262)                 ADD   R5 R1 R4
(3115) 09F1  0000100111110001 ( 263)                 BRN   BY_ROWS
(3116) 2208  0010001000001000 ( 265) RE_S            LD    R1 SAVE2R1
(3117) 2408  0010010000001000 ( 266)                 LD    R2 SAVE2R2
(3118) 2608  0010011000001000 ( 267)                 LD    R3 SAVE2R3
(3119) 2808  0010100000001000 ( 268)                 LD    R4 SAVE2R4
(311A) 2A08  0010101000001000 ( 269)                 LD    R5 SAVE2R5
(311B) 2C08  0010110000001000 ( 270)                 LD    R6 SAVE2R6
(311C) 2E01  0010111000000001 ( 271)                 LD    R7 RET2
(311D) C1C0  1100000111000000 ( 272)                 RET   
(311E) 0000  0000000000000000 ( 275) RET2            .FILL x0000
(311F) 0000  0000000000000000 ( 276) SAVE2R1         .FILL x0000
(3120) 0000  0000000000000000 ( 277) SAVE2R2         .FILL x0000
(3121) 0000  0000000000000000 ( 278) SAVE2R3         .FILL x0000
(3122) 0000  0000000000000000 ( 279) SAVE2R4         .FILL x0000
(3123) 0000  0000000000000000 ( 280) SAVE2R5         .FILL x0000
(3124) 0000  0000000000000000 ( 281) SAVE2R6         .FILL x0000
(3125) 0000  0000000000000000 ( 282) SAVE_H          .FILL x0000
(3126) 002A  0000000000101010 ( 282) BOMB            .FILL x002A
(3127) 0030  0000000000110000 ( 283) ASCII           .FILL x0030
(3128) 3E7E  0011111001111110 ( 317) COUNT_BOMBS     ST    R7 RET3
(3129) 3277  0011001001110111 ( 318)                 ST    R1 SAVE3R1
(312A) 3477  0011010001110111 ( 319)                 ST    R2 SAVE3R2
(312B) 3677  0011011001110111 ( 320)                 ST    R3 SAVE3R3
(312C) 3877  0011100001110111 ( 321)                 ST    R4 SAVE3R4
(312D) 3A77  0011101001110111 ( 322)                 ST    R5 SAVE3R5
(312E) 3C77  0011110001110111 ( 323)                 ST    R6 SAVE3R6
(312F) 1620  0001011000100000 ( 327)                 ADD   R3 R0 #0
(3130) 4937  0100100100110111 ( 328)                 JSR   CHECK_BOMB
(3131) 1B60  0001101101100000 ( 329)                 ADD   R5 R5 #0
(3132) 026B  0000001001101011 ( 330)                 BRP   ISBOMB
(3133) 0C00  0000110000000000 ( 331)                 BRNZ  NOTABOMB
(3134) 5020  0101000000100000 ( 334) NOTABOMB        AND   R0 R0 #0
(3135) 5DA0  0101110110100000 ( 335)                 AND   R6 R6 #0
(3136) 1DBD  0001110110111101 ( 336)                 ADD   R6 R6 #-3
(3137) 14A0  0001010010100000 ( 350)                 ADD   R2 R2 #0
(3138) 0489  0000010010001001 ( 351)                 BRZ   LEFT
(3139) 1E86  0001111010000110 ( 352)                 ADD   R7 R2 R6
(313A) 04D6  0000010011010110 ( 353)                 BRZ   RIGHT
(313B) 1260  0001001001100000 ( 355)                 ADD   R1 R1 #0
(313C) 14A1  0001010010100001 ( 356)                 ADD   R2 R2 #1
(313D) 492A  0100100100101010 ( 357)                 JSR   CHECK_BOMB
(313E) 1B60  0001101101100000 ( 358)                 ADD   R5 R5 #0
(313F) 0401  0000010000000001 ( 359)                 BRZ   x3141
(3140) 1021  0001000000100001 ( 360)                 ADD   R0 R0 #1
(3141) 225F  0010001001011111 ( 361)                 LD    R1 SAVE3R1
(3142) 245F  0010010001011111 ( 362)                 LD    R2 SAVE3R2
(3143) 2664  0010011001100100 ( 363)                 LD    R3 HEADERS
(3144) 1260  0001001001100000 ( 366)                 ADD   R1 R1 #0
(3145) 14BF  0001010010111111 ( 367)                 ADD   R2 R2 #-1
(3146) 4921  0100100100100001 ( 368)                 JSR   CHECK_BOMB
(3147) 1B60  0001101101100000 ( 369)                 ADD   R5 R5 #0
(3148) 0401  0000010000000001 ( 370)                 BRZ   x314A
(3149) 1021  0001000000100001 ( 371)                 ADD   R0 R0 #1
(314A) 2256  0010001001010110 ( 372)                 LD    R1 SAVE3R1
(314B) 2456  0010010001010110 ( 373)                 LD    R2 SAVE3R2
(314C) 265B  0010011001011011 ( 374)                 LD    R3 HEADERS
(314D) 1260  0001001001100000 ( 378)                 ADD   R1 R1 #0
(314E) 0436  0000010000110110 ( 379)                 BRZ   UP_MID
(314F) 1E46  0001111001000110 ( 380)                 ADD   R7 R1 R6
(3150) 0458  0000010001011000 ( 381)                 BRZ   DOWN_MID
(3151) 127F  0001001001111111 ( 385)                 ADD   R1 R1 #-1
(3152) 14A0  0001010010100000 ( 386)                 ADD   R2 R2 #0
(3153) 4914  0100100100010100 ( 387)                 JSR   CHECK_BOMB
(3154) 1B60  0001101101100000 ( 388)                 ADD   R5 R5 #0
(3155) 0401  0000010000000001 ( 389)                 BRZ   x3157
(3156) 1021  0001000000100001 ( 390)                 ADD   R0 R0 #1
(3157) 2249  0010001001001001 ( 391)                 LD    R1 SAVE3R1
(3158) 2449  0010010001001001 ( 392)                 LD    R2 SAVE3R2
(3159) 264E  0010011001001110 ( 393)                 LD    R3 HEADERS
(315A) 1261  0001001001100001 ( 397)                 ADD   R1 R1 #1
(315B) 14A0  0001010010100000 ( 398)                 ADD   R2 R2 #0
(315C) 490B  0100100100001011 ( 399)                 JSR   CHECK_BOMB
(315D) 1B60  0001101101100000 ( 400)                 ADD   R5 R5 #0
(315E) 0401  0000010000000001 ( 401)                 BRZ   x3160
(315F) 1021  0001000000100001 ( 402)                 ADD   R0 R0 #1
(3160) 2240  0010001001000000 ( 403)                 LD    R1 SAVE3R1
(3161) 2440  0010010001000000 ( 404)                 LD    R2 SAVE3R2
(3162) 2645  0010011001000101 ( 405)                 LD    R3 HEADERS
(3163) 14BF  0001010010111111 ( 408)                 ADD   R2 R2 #-1
(3164) 127F  0001001001111111 ( 409)                 ADD   R1 R1 #-1
(3165) 4902  0100100100000010 ( 410)                 JSR   CHECK_BOMB
(3166) 1B60  0001101101100000 ( 411)                 ADD   R5 R5 #0
(3167) 0401  0000010000000001 ( 412)                 BRZ   x3169
(3168) 1021  0001000000100001 ( 413)                 ADD   R0 R0 #1
(3169) 2237  0010001000110111 ( 414)                 LD    R1 SAVE3R1
(316A) 2437  0010010000110111 ( 415)                 LD    R2 SAVE3R2
(316B) 263C  0010011000111100 ( 416)                 LD    R3 HEADERS
(316C) 14A1  0001010010100001 ( 420)                 ADD   R2 R2 #1
(316D) 127F  0001001001111111 ( 421)                 ADD   R1 R1 #-1
(316E) 48F9  0100100011111001 ( 422)                 JSR   CHECK_BOMB
(316F) 1B60  0001101101100000 ( 423)                 ADD   R5 R5 #0
(3170) 0401  0000010000000001 ( 424)                 BRZ   x3172
(3171) 1021  0001000000100001 ( 425)                 ADD   R0 R0 #1
(3172) 222E  0010001000101110 ( 426)                 LD    R1 SAVE3R1
(3173) 242E  0010010000101110 ( 427)                 LD    R2 SAVE3R2
(3174) 2633  0010011000110011 ( 428)                 LD    R3 HEADERS
(3175) 14BF  0001010010111111 ( 431)                 ADD   R2 R2 #-1
(3176) 1261  0001001001100001 ( 432)                 ADD   R1 R1 #1
(3177) 48F0  0100100011110000 ( 433)                 JSR   CHECK_BOMB
(3178) 1B60  0001101101100000 ( 434)                 ADD   R5 R5 #0
(3179) 0401  0000010000000001 ( 435)                 BRZ   x317B
(317A) 1021  0001000000100001 ( 436)                 ADD   R0 R0 #1
(317B) 2225  0010001000100101 ( 437)                 LD    R1 SAVE3R1
(317C) 2425  0010010000100101 ( 438)                 LD    R2 SAVE3R2
(317D) 262A  0010011000101010 ( 439)                 LD    R3 HEADERS
(317E) 14A1  0001010010100001 ( 442)                 ADD   R2 R2 #1
(317F) 1261  0001001001100001 ( 443)                 ADD   R1 R1 #1
(3180) 48E7  0100100011100111 ( 444)                 JSR   CHECK_BOMB
(3181) 1B60  0001101101100000 ( 445)                 ADD   R5 R5 #0
(3182) 0401  0000010000000001 ( 446)                 BRZ   x3184
(3183) 1021  0001000000100001 ( 447)                 ADD   R0 R0 #1
(3184) 0EDB  0000111011011011 ( 448)                 BRNZP RST3
(3185) 1261  0001001001100001 ( 450) UP_MID          ADD   R1 R1 #1
(3186) 14A0  0001010010100000 ( 451)                 ADD   R2 R2 #0
(3187) 48E0  0100100011100000 ( 452)                 JSR   CHECK_BOMB
(3188) 1B60  0001101101100000 ( 453)                 ADD   R5 R5 #0
(3189) 0401  0000010000000001 ( 454)                 BRZ   x318B
(318A) 1021  0001000000100001 ( 455)                 ADD   R0 R0 #1
(318B) 2215  0010001000010101 ( 456)                 LD    R1 SAVE3R1
(318C) 2415  0010010000010101 ( 457)                 LD    R2 SAVE3R2
(318D) 261A  0010011000011010 ( 458)                 LD    R3 HEADERS
(318E) 1261  0001001001100001 ( 460)                 ADD   R1 R1 #1
(318F) 14A1  0001010010100001 ( 461)                 ADD   R2 R2 #1
(3190) 48D7  0100100011010111 ( 462)                 JSR   CHECK_BOMB
(3191) 1B60  0001101101100000 ( 463)                 ADD   R5 R5 #0
(3192) 0401  0000010000000001 ( 464)                 BRZ   x3194
(3193) 1021  0001000000100001 ( 465)                 ADD   R0 R0 #1
(3194) 220C  0010001000001100 ( 466)                 LD    R1 SAVE3R1
(3195) 240C  0010010000001100 ( 467)                 LD    R2 SAVE3R2
(3196) 2611  0010011000010001 ( 468)                 LD    R3 HEADERS
(3197) 1261  0001001001100001 ( 470)                 ADD   R1 R1 #1
(3198) 14BF  0001010010111111 ( 471)                 ADD   R2 R2 #-1
(3199) 48CE  0100100011001110 ( 472)                 JSR   CHECK_BOMB
(319A) 1B60  0001101101100000 ( 473)                 ADD   R5 R5 #0
(319B) 0401  0000010000000001 ( 474)                 BRZ   x319D
(319C) 1021  0001000000100001 ( 475)                 ADD   R0 R0 #1
(319D) 0EC2  0000111011000010 ( 476)                 BRNZP RST3
(319E) 5020  0101000000100000 ( 478) ISBOMB          AND   R0 R0 #0
(319F) 103F  0001000000111111 ( 479)                 ADD   R0 R0 #-1
(31A0) 0EBF  0000111010111111 ( 480)                 BRNZP RST3
(31A1) 0000  0000000000000000 ( 483) SAVE3R1         .FILL x0000
(31A2) 0000  0000000000000000 ( 484) SAVE3R2         .FILL x0000
(31A3) 0000  0000000000000000 ( 485) SAVE3R3         .FILL x0000
(31A4) 0000  0000000000000000 ( 486) SAVE3R4         .FILL x0000
(31A5) 0000  0000000000000000 ( 487) SAVE3R5         .FILL x0000
(31A6) 0000  0000000000000000 ( 488) SAVE3R6         .FILL x0000
(31A7) 0000  0000000000000000 ( 489) RET3            .FILL x0000
(31A8) 6000  0110000000000000 ( 489) HEADERS         .FILL x6000
(31A9) 127F  0001001001111111 ( 493) DOWN_MID        ADD   R1 R1 #-1
(31AA) 14A0  0001010010100000 ( 494)                 ADD   R2 R2 #0
(31AB) 48BC  0100100010111100 ( 495)                 JSR   CHECK_BOMB
(31AC) 1B60  0001101101100000 ( 496)                 ADD   R5 R5 #0
(31AD) 0401  0000010000000001 ( 497)                 BRZ   x31AF
(31AE) 1021  0001000000100001 ( 498)                 ADD   R0 R0 #1
(31AF) 23F1  0010001111110001 ( 499)                 LD    R1 SAVE3R1
(31B0) 25F1  0010010111110001 ( 500)                 LD    R2 SAVE3R2
(31B1) 27F6  0010011111110110 ( 501)                 LD    R3 HEADERS
(31B2) 127F  0001001001111111 ( 503)                 ADD   R1 R1 #-1
(31B3) 14A1  0001010010100001 ( 504)                 ADD   R2 R2 #1
(31B4) 48B3  0100100010110011 ( 505)                 JSR   CHECK_BOMB
(31B5) 1B60  0001101101100000 ( 506)                 ADD   R5 R5 #0
(31B6) 0401  0000010000000001 ( 507)                 BRZ   x31B8
(31B7) 1021  0001000000100001 ( 508)                 ADD   R0 R0 #1
(31B8) 23E8  0010001111101000 ( 509)                 LD    R1 SAVE3R1
(31B9) 25E8  0010010111101000 ( 510)                 LD    R2 SAVE3R2
(31BA) 27ED  0010011111101101 ( 511)                 LD    R3 HEADERS
(31BB) 127F  0001001001111111 ( 513)                 ADD   R1 R1 #-1
(31BC) 14BF  0001010010111111 ( 514)                 ADD   R2 R2 #-1
(31BD) 48AA  0100100010101010 ( 515)                 JSR   CHECK_BOMB
(31BE) 1B60  0001101101100000 ( 516)                 ADD   R5 R5 #0
(31BF) 0401  0000010000000001 ( 517)                 BRZ   x31C1
(31C0) 1021  0001000000100001 ( 518)                 ADD   R0 R0 #1
(31C1) 0E9E  0000111010011110 ( 519)                 BRNZP RST3
(31C2) 1260  0001001001100000 ( 522) LEFT            ADD   R1 R1 #0
(31C3) 14A1  0001010010100001 ( 523)                 ADD   R2 R2 #1
(31C4) 48A3  0100100010100011 ( 524)                 JSR   CHECK_BOMB
(31C5) 1B60  0001101101100000 ( 525)                 ADD   R5 R5 #0
(31C6) 0401  0000010000000001 ( 526)                 BRZ   x31C8
(31C7) 1021  0001000000100001 ( 527)                 ADD   R0 R0 #1
(31C8) 23D8  0010001111011000 ( 528)                 LD    R1 SAVE3R1
(31C9) 25D8  0010010111011000 ( 529)                 LD    R2 SAVE3R2
(31CA) 27DD  0010011111011101 ( 530)                 LD    R3 HEADERS
(31CB) 1260  0001001001100000 ( 532)                 ADD   R1 R1 #0
(31CC) 0424  0000010000100100 ( 533)                 BRZ   UP_LEFT
(31CD) 1E46  0001111001000110 ( 534)                 ADD   R7 R1 R6
(31CE) 0432  0000010000110010 ( 535)                 BRZ   DOWN_LEFT
(31CF) 127F  0001001001111111 ( 537)                 ADD   R1 R1 #-1
(31D0) 14A0  0001010010100000 ( 538)                 ADD   R2 R2 #0
(31D1) 4896  0100100010010110 ( 539)                 JSR   CHECK_BOMB
(31D2) 1B60  0001101101100000 ( 540)                 ADD   R5 R5 #0
(31D3) 0401  0000010000000001 ( 541)                 BRZ   x31D5
(31D4) 1021  0001000000100001 ( 542)                 ADD   R0 R0 #1
(31D5) 23CB  0010001111001011 ( 543)                 LD    R1 SAVE3R1
(31D6) 25CB  0010010111001011 ( 544)                 LD    R2 SAVE3R2
(31D7) 27D0  0010011111010000 ( 545)                 LD    R3 HEADERS
(31D8) 1261  0001001001100001 ( 547)                 ADD   R1 R1 #1
(31D9) 14A0  0001010010100000 ( 548)                 ADD   R2 R2 #0
(31DA) 488D  0100100010001101 ( 549)                 JSR   CHECK_BOMB
(31DB) 1B60  0001101101100000 ( 550)                 ADD   R5 R5 #0
(31DC) 0401  0000010000000001 ( 551)                 BRZ   x31DE
(31DD) 1021  0001000000100001 ( 552)                 ADD   R0 R0 #1
(31DE) 23C2  0010001111000010 ( 553)                 LD    R1 SAVE3R1
(31DF) 25C2  0010010111000010 ( 554)                 LD    R2 SAVE3R2
(31E0) 27C7  0010011111000111 ( 555)                 LD    R3 HEADERS
(31E1) 127F  0001001001111111 ( 557)                 ADD   R1 R1 #-1
(31E2) 14A1  0001010010100001 ( 558)                 ADD   R2 R2 #1
(31E3) 4884  0100100010000100 ( 559)                 JSR   CHECK_BOMB
(31E4) 1B60  0001101101100000 ( 560)                 ADD   R5 R5 #0
(31E5) 0401  0000010000000001 ( 561)                 BRZ   x31E7
(31E6) 1021  0001000000100001 ( 562)                 ADD   R0 R0 #1
(31E7) 23B9  0010001110111001 ( 563)                 LD    R1 SAVE3R1
(31E8) 25B9  0010010110111001 ( 564)                 LD    R2 SAVE3R2
(31E9) 27BE  0010011110111110 ( 565)                 LD    R3 HEADERS
(31EA) 1261  0001001001100001 ( 567)                 ADD   R1 R1 #1
(31EB) 14A1  0001010010100001 ( 568)                 ADD   R2 R2 #1
(31EC) 487B  0100100001111011 ( 569)                 JSR   CHECK_BOMB
(31ED) 1B60  0001101101100000 ( 570)                 ADD   R5 R5 #0
(31EE) 0401  0000010000000001 ( 571)                 BRZ   x31F0
(31EF) 1021  0001000000100001 ( 572)                 ADD   R0 R0 #1
(31F0) 0E6F  0000111001101111 ( 573)                 BRNZP RST3
(31F1) 1261  0001001001100001 ( 575) UP_LEFT         ADD   R1 R1 #1
(31F2) 14A0  0001010010100000 ( 576)                 ADD   R2 R2 #0
(31F3) 4874  0100100001110100 ( 577)                 JSR   CHECK_BOMB
(31F4) 1B60  0001101101100000 ( 578)                 ADD   R5 R5 #0
(31F5) 0401  0000010000000001 ( 579)                 BRZ   x31F7
(31F6) 1021  0001000000100001 ( 580)                 ADD   R0 R0 #1
(31F7) 23A9  0010001110101001 ( 581)                 LD    R1 SAVE3R1
(31F8) 25A9  0010010110101001 ( 582)                 LD    R2 SAVE3R2
(31F9) 27AE  0010011110101110 ( 583)                 LD    R3 HEADERS
(31FA) 1261  0001001001100001 ( 585)                 ADD   R1 R1 #1
(31FB) 14A1  0001010010100001 ( 586)                 ADD   R2 R2 #1
(31FC) 486B  0100100001101011 ( 587)                 JSR   CHECK_BOMB
(31FD) 1B60  0001101101100000 ( 588)                 ADD   R5 R5 #0
(31FE) 0401  0000010000000001 ( 589)                 BRZ   x3200
(31FF) 1021  0001000000100001 ( 590)                 ADD   R0 R0 #1
(3200) 0E5F  0000111001011111 ( 591)                 BRNZP RST3
(3201) 127F  0001001001111111 ( 594) DOWN_LEFT       ADD   R1 R1 #-1
(3202) 14A0  0001010010100000 ( 595)                 ADD   R2 R2 #0
(3203) 4864  0100100001100100 ( 596)                 JSR   CHECK_BOMB
(3204) 1B60  0001101101100000 ( 597)                 ADD   R5 R5 #0
(3205) 0401  0000010000000001 ( 598)                 BRZ   x3207
(3206) 1021  0001000000100001 ( 599)                 ADD   R0 R0 #1
(3207) 2399  0010001110011001 ( 600)                 LD    R1 SAVE3R1
(3208) 2599  0010010110011001 ( 601)                 LD    R2 SAVE3R2
(3209) 279E  0010011110011110 ( 602)                 LD    R3 HEADERS
(320A) 127F  0001001001111111 ( 604)                 ADD   R1 R1 #-1
(320B) 14A1  0001010010100001 ( 605)                 ADD   R2 R2 #1
(320C) 485B  0100100001011011 ( 606)                 JSR   CHECK_BOMB
(320D) 1B60  0001101101100000 ( 607)                 ADD   R5 R5 #0
(320E) 0401  0000010000000001 ( 608)                 BRZ   x3210
(320F) 1021  0001000000100001 ( 609)                 ADD   R0 R0 #1
(3210) 0E4F  0000111001001111 ( 610)                 BRNZP RST3
(3211) 1260  0001001001100000 ( 612) RIGHT           ADD   R1 R1 #0
(3212) 14BF  0001010010111111 ( 613)                 ADD   R2 R2 #-1
(3213) 4854  0100100001010100 ( 614)                 JSR   CHECK_BOMB
(3214) 1B60  0001101101100000 ( 615)                 ADD   R5 R5 #0
(3215) 0401  0000010000000001 ( 616)                 BRZ   x3217
(3216) 1021  0001000000100001 ( 617)                 ADD   R0 R0 #1
(3217) 2389  0010001110001001 ( 618)                 LD    R1 SAVE3R1
(3218) 2589  0010010110001001 ( 619)                 LD    R2 SAVE3R2
(3219) 278E  0010011110001110 ( 620)                 LD    R3 HEADERS
(321A) 1260  0001001001100000 ( 622)                 ADD   R1 R1 #0
(321B) 0424  0000010000100100 ( 623)                 BRZ   UP_RIGHT
(321C) 1E60  0001111001100000 ( 624)                 ADD   R7 R1 #0
(321D) 0432  0000010000110010 ( 625)                 BRZ   DOWN_RIGHT
(321E) 127F  0001001001111111 ( 627)                 ADD   R1 R1 #-1
(321F) 14A0  0001010010100000 ( 628)                 ADD   R2 R2 #0
(3220) 4847  0100100001000111 ( 629)                 JSR   CHECK_BOMB
(3221) 1B60  0001101101100000 ( 630)                 ADD   R5 R5 #0
(3222) 0401  0000010000000001 ( 631)                 BRZ   x3224
(3223) 1021  0001000000100001 ( 632)                 ADD   R0 R0 #1
(3224) 237C  0010001101111100 ( 633)                 LD    R1 SAVE3R1
(3225) 257C  0010010101111100 ( 634)                 LD    R2 SAVE3R2
(3226) 2781  0010011110000001 ( 635)                 LD    R3 HEADERS
(3227) 1261  0001001001100001 ( 637)                 ADD   R1 R1 #1
(3228) 14A0  0001010010100000 ( 638)                 ADD   R2 R2 #0
(3229) 483E  0100100000111110 ( 639)                 JSR   CHECK_BOMB
(322A) 1B60  0001101101100000 ( 640)                 ADD   R5 R5 #0
(322B) 0401  0000010000000001 ( 641)                 BRZ   x322D
(322C) 1021  0001000000100001 ( 642)                 ADD   R0 R0 #1
(322D) 2373  0010001101110011 ( 643)                 LD    R1 SAVE3R1
(322E) 2573  0010010101110011 ( 644)                 LD    R2 SAVE3R2
(322F) 2778  0010011101111000 ( 645)                 LD    R3 HEADERS
(3230) 1261  0001001001100001 ( 647)                 ADD   R1 R1 #1
(3231) 14BF  0001010010111111 ( 648)                 ADD   R2 R2 #-1
(3232) 4835  0100100000110101 ( 649)                 JSR   CHECK_BOMB
(3233) 1B60  0001101101100000 ( 650)                 ADD   R5 R5 #0
(3234) 0401  0000010000000001 ( 651)                 BRZ   x3236
(3235) 1021  0001000000100001 ( 652)                 ADD   R0 R0 #1
(3236) 236A  0010001101101010 ( 653)                 LD    R1 SAVE3R1
(3237) 256A  0010010101101010 ( 654)                 LD    R2 SAVE3R2
(3238) 276F  0010011101101111 ( 655)                 LD    R3 HEADERS
(3239) 127F  0001001001111111 ( 658)                 ADD   R1 R1 #-1
(323A) 14BF  0001010010111111 ( 659)                 ADD   R2 R2 #-1
(323B) 482C  0100100000101100 ( 660)                 JSR   CHECK_BOMB
(323C) 1B60  0001101101100000 ( 661)                 ADD   R5 R5 #0
(323D) 0401  0000010000000001 ( 662)                 BRZ   x323F
(323E) 1021  0001000000100001 ( 663)                 ADD   R0 R0 #1
(323F) 0E20  0000111000100000 ( 664)                 BRNZP RST3
(3240) 1261  0001001001100001 ( 667) UP_RIGHT        ADD   R1 R1 #1
(3241) 14A0  0001010010100000 ( 668)                 ADD   R2 R2 #0
(3242) 4825  0100100000100101 ( 669)                 JSR   CHECK_BOMB
(3243) 1B60  0001101101100000 ( 670)                 ADD   R5 R5 #0
(3244) 0401  0000010000000001 ( 671)                 BRZ   x3246
(3245) 1021  0001000000100001 ( 672)                 ADD   R0 R0 #1
(3246) 235A  0010001101011010 ( 673)                 LD    R1 SAVE3R1
(3247) 255A  0010010101011010 ( 674)                 LD    R2 SAVE3R2
(3248) 275F  0010011101011111 ( 675)                 LD    R3 HEADERS
(3249) 1261  0001001001100001 ( 677)                 ADD   R1 R1 #1
(324A) 14BF  0001010010111111 ( 678)                 ADD   R2 R2 #-1
(324B) 481C  0100100000011100 ( 679)                 JSR   CHECK_BOMB
(324C) 1B60  0001101101100000 ( 680)                 ADD   R5 R5 #0
(324D) 0401  0000010000000001 ( 681)                 BRZ   x324F
(324E) 1021  0001000000100001 ( 682)                 ADD   R0 R0 #1
(324F) 0E10  0000111000010000 ( 683)                 BRNZP RST3
(3250) 127F  0001001001111111 ( 686) DOWN_RIGHT      ADD   R1 R1 #-1
(3251) 14A0  0001010010100000 ( 687)                 ADD   R2 R2 #0
(3252) 4815  0100100000010101 ( 688)                 JSR   CHECK_BOMB
(3253) 1B60  0001101101100000 ( 689)                 ADD   R5 R5 #0
(3254) 0401  0000010000000001 ( 690)                 BRZ   x3256
(3255) 1021  0001000000100001 ( 691)                 ADD   R0 R0 #1
(3256) 234A  0010001101001010 ( 692)                 LD    R1 SAVE3R1
(3257) 254A  0010010101001010 ( 693)                 LD    R2 SAVE3R2
(3258) 274F  0010011101001111 ( 694)                 LD    R3 HEADERS
(3259) 127F  0001001001111111 ( 696)                 ADD   R1 R1 #-1
(325A) 14BF  0001010010111111 ( 697)                 ADD   R2 R2 #-1
(325B) 480C  0100100000001100 ( 698)                 JSR   CHECK_BOMB
(325C) 1B60  0001101101100000 ( 699)                 ADD   R5 R5 #0
(325D) 0401  0000010000000001 ( 700)                 BRZ   x325F
(325E) 1021  0001000000100001 ( 701)                 ADD   R0 R0 #1
(325F) 0E00  0000111000000000 ( 702)                 BRNZP RST3
(3260) 2340  0010001101000000 ( 705) RST3            LD    R1 SAVE3R1
(3261) 2540  0010010101000000 ( 706)                 LD    R2 SAVE3R2
(3262) 2740  0010011101000000 ( 707)                 LD    R3 SAVE3R3
(3263) 2940  0010100101000000 ( 708)                 LD    R4 SAVE3R4
(3264) 2B40  0010101101000000 ( 709)                 LD    R5 SAVE3R5
(3265) 2D40  0010110101000000 ( 710)                 LD    R6 SAVE3R6
(3266) 2F40  0010111101000000 ( 711)                 LD    R7 RET3
(3267) C1C0  1100000111000000 ( 712)                 RET   
(3268) 3E22  0011111000100010 ( 737) CHECK_BOMB      ST    R7 SS_RET
(3269) 3022  0011000000100010 ( 738)                 ST    R0 SS_R0
(326A) 3222  0011001000100010 ( 739)                 ST    R1 SS_R1
(326B) 3623  0011011000100011 ( 740)                 ST    R3 SS_R3
(326C) 3421  0011010000100001 ( 741)                 ST    R2 SS_R2
(326D) 3823  0011100000100011 ( 742)                 ST    R4 SS_R4
(326E) 3C21  0011110000100001 ( 743)                 ST    R6 SS_R6
(326F) 927F  1001001001111111 ( 745)                 NOT   R1 R1
(3270) 1261  0001001001100001 ( 746)                 ADD   R1 R1 #1
(3271) 94BF  1001010010111111 ( 747)                 NOT   R2 R2
(3272) 14A1  0001010010100001 ( 748)                 ADD   R2 R2 #1
(3273) 66C0  0110011011000000 ( 750)                 LDR   R3 R3 #0
(3274) 16E0  0001011011100000 ( 751) CK_ROW          ADD   R3 R3 #0
(3275) 040C  0000010000001100 ( 752)                 BRZ   NOT_BOMB
(3276) 68C0  0110100011000000 ( 753)                 LDR   R4 R3 #0
(3277) 1C44  0001110001000100 ( 754)                 ADD   R6 R1 R4
(3278) 0A04  0000101000000100 ( 755)                 BRNP  NEXT_NODE
(3279) 6AC1  0110101011000001 ( 756)                 LDR   R5 R3 #1
(327A) 1C85  0001110010000101 ( 757)                 ADD   R6 R2 R5
(327B) 0A01  0000101000000001 ( 758)                 BRNP  NEXT_NODE
(327C) 0E02  0000111000000010 ( 759)                 BRNZP D_BOMB
(327D) 66C2  0110011011000010 ( 762) NEXT_NODE       LDR   R3 R3 #2
(327E) 0FF5  0000111111110101 ( 763)                 BRNZP CK_ROW
(327F) 5B60  0101101101100000 ( 765) D_BOMB          AND   R5 R5 #0
(3280) 1B61  0001101101100001 ( 766)                 ADD   R5 R5 #1
(3281) 0E01  0000111000000001 ( 767)                 BRNZP RST_V
(3282) 5B60  0101101101100000 ( 770) NOT_BOMB        AND   R5 R5 #0
(3283) 2008  0010000000001000 ( 772) RST_V           LD    R0 SS_R0
(3284) 2208  0010001000001000 ( 773)                 LD    R1 SS_R1
(3285) 2408  0010010000001000 ( 774)                 LD    R2 SS_R2
(3286) 2608  0010011000001000 ( 775)                 LD    R3 SS_R3
(3287) 2809  0010100000001001 ( 776)                 LD    R4 SS_R4
(3288) 2C07  0010110000000111 ( 777)                 LD    R6 SS_R6
(3289) 2E01  0010111000000001 ( 778)                 LD    R7 SS_RET
(328A) C1C0  1100000111000000 ( 779)                 RET   
(328B) 0000  0000000000000000 ( 782) SS_RET          .FILL x0000
(328C) 0000  0000000000000000 ( 783) SS_R0           .FILL x0000
(328D) 0000  0000000000000000 ( 784) SS_R1           .FILL x0000
(328E) 0000  0000000000000000 ( 785) SS_R2           .FILL x0000
(328F) 0000  0000000000000000 ( 786) SS_R3           .FILL x0000
(3290) 0000  0000000000000000 ( 787) SS_R6           .FILL x0000
(3291) 0000  0000000000000000 ( 788) SS_R4           .FILL x0000
(3292) 002A  0000000000101010 ( 788) ASC_BOMB        .FILL x002A
(3293) 0000  0000000000000000 ( 788)                 .FILL x0000
(3294) 3E16  0011111000010110 ( 805) GRID_ADDRESS    ST    R7 RET4
(3295) 3216  0011001000010110 ( 806)                 ST    R1 SAVE4R1
(3296) 3416  0011010000010110 ( 807)                 ST    R2 SAVE4R2
(3297) 3616  0011011000010110 ( 808)                 ST    R3 SAVE4R3
(3298) 3816  0011100000010110 ( 809)                 ST    R4 SAVE4R4
(3299) 2017  0010000000010111 ( 811)                 LD    R0 R_ROW0
(329A) 56E0  0101011011100000 ( 816)                 AND   R3 R3 #0
(329B) 2814  0010100000010100 ( 817)                 LD    R4 ROW
(329C) 1260  0001001001100000 ( 818)                 ADD   R1 R1 #0
(329D) 0403  0000010000000011 ( 819) ROWS            BRZ   COLS
(329E) 16C4  0001011011000100 ( 820)                 ADD   R3 R3 R4
(329F) 127F  0001001001111111 ( 821)                 ADD   R1 R1 #-1
(32A0) 0FFC  0000111111111100 ( 822)                 BRNZP ROWS
(32A1) 1003  0001000000000011 ( 825) COLS            ADD   R0 R0 R3
(32A2) 1482  0001010010000010 ( 826)                 ADD   R2 R2 R2
(32A3) 14A1  0001010010100001 ( 827)                 ADD   R2 R2 #1
(32A4) 1002  0001000000000010 ( 828)                 ADD   R0 R0 R2
(32A5) 2206  0010001000000110 ( 830)                 LD    R1 SAVE4R1
(32A6) 2406  0010010000000110 ( 831)                 LD    R2 SAVE4R2
(32A7) 2606  0010011000000110 ( 832)                 LD    R3 SAVE4R3
(32A8) 2806  0010100000000110 ( 833)                 LD    R4 SAVE4R4
(32A9) 2E01  0010111000000001 ( 834)                 LD    R7 RET4
(32AA) C1C0  1100000111000000 ( 835)                 RET   
(32AB) 0000  0000000000000000 ( 838) RET4            .FILL x0000
(32AC) 0000  0000000000000000 ( 839) SAVE4R1         .FILL x0000
(32AD) 0000  0000000000000000 ( 840) SAVE4R2         .FILL x0000
(32AE) 0000  0000000000000000 ( 841) SAVE4R3         .FILL x0000
(32AF) 0000  0000000000000000 ( 842) SAVE4R4         .FILL x0000
(32B0) 0014  0000000000010100 ( 842) ROW             .FILL x0014
(32B1) 3034  0011000000110100 ( 843) R_ROW0          .FILL x3034
